[16-Aug-2017 07:18:55 UTC] PHP Warning:  Invalid argument supplied for foreach() in /home/ubuntu/workspace/codeshop/view/admin_view.php on line 42
[16-Aug-2017 07:18:55 UTC] PHP Stack trace:
[16-Aug-2017 07:18:55 UTC] PHP   1. {main}() /home/ubuntu/workspace/codeshop/admin.php:0
[16-Aug-2017 07:18:55 UTC] PHP   2. include_once() /home/ubuntu/workspace/codeshop/admin.php:51
[16-Aug-2017 22:33:07 UTC] PHP Warning:  Invalid argument supplied for foreach() in /home/ubuntu/workspace/codeshop/view/admin_view.php on line 61
[16-Aug-2017 22:33:07 UTC] PHP Stack trace:
[16-Aug-2017 22:33:07 UTC] PHP   1. {main}() /home/ubuntu/workspace/codeshop/admin.php:0
[16-Aug-2017 22:33:07 UTC] PHP   2. include_once() /home/ubuntu/workspace/codeshop/admin.php:51
[16-Aug-2017 22:56:01 UTC] PHP Fatal error:  Call to a member function query() on a non-object in /home/ubuntu/workspace/codeshop/model/common.php on line 16
[16-Aug-2017 22:56:01 UTC] PHP Stack trace:
[16-Aug-2017 22:56:01 UTC] PHP   1. {main}() /home/ubuntu/workspace/codeshop/itemlist.php:0
[16-Aug-2017 22:56:01 UTC] PHP   2. get_list_product() /home/ubuntu/workspace/codeshop/itemlist.php:9
[16-Aug-2017 23:08:39 UTC] PHP Fatal error:  Call to undefined function validation() in /home/ubuntu/workspace/codeshop/admin.php on line 22
[16-Aug-2017 23:08:39 UTC] PHP Stack trace:
[16-Aug-2017 23:08:39 UTC] PHP   1. {main}() /home/ubuntu/workspace/codeshop/admin.php:0
[16-Aug-2017 23:11:21 UTC] PHP Fatal error:  Call to undefined function get_list_product() in /home/ubuntu/workspace/codeshop/admin.php on line 46
[16-Aug-2017 23:11:21 UTC] PHP Stack trace:
[16-Aug-2017 23:11:21 UTC] PHP   1. {main}() /home/ubuntu/workspace/codeshop/admin.php:0
[16-Aug-2017 23:12:59 UTC] PHP Fatal error:  Call to a member function query() on a non-object in /home/ubuntu/workspace/codeshop/model/common.php on line 16
[16-Aug-2017 23:12:59 UTC] PHP Stack trace:
[16-Aug-2017 23:12:59 UTC] PHP   1. {main}() /home/ubuntu/workspace/codeshop/itemlist.php:0
[16-Aug-2017 23:12:59 UTC] PHP   2. get_ds_product() /home/ubuntu/workspace/codeshop/itemlist.php:9
[16-Aug-2017 23:14:00 UTC] PHP Fatal error:  Call to undefined function get_ds_product() in /home/ubuntu/workspace/codeshop/itemlist.php on line 9
[16-Aug-2017 23:14:00 UTC] PHP Stack trace:
[16-Aug-2017 23:14:00 UTC] PHP   1. {main}() /home/ubuntu/workspace/codeshop/itemlist.php:0
[16-Aug-2017 23:14:01 UTC] PHP Fatal error:  Call to undefined function get_ds_product() in /home/ubuntu/workspace/codeshop/itemlist.php on line 9
[16-Aug-2017 23:14:01 UTC] PHP Stack trace:
[16-Aug-2017 23:14:01 UTC] PHP   1. {main}() /home/ubuntu/workspace/codeshop/itemlist.php:0
[16-Aug-2017 23:14:02 UTC] PHP Fatal error:  Call to undefined function get_ds_product() in /home/ubuntu/workspace/codeshop/itemlist.php on line 9
[16-Aug-2017 23:14:02 UTC] PHP Stack trace:
[16-Aug-2017 23:14:02 UTC] PHP   1. {main}() /home/ubuntu/workspace/codeshop/itemlist.php:0
[16-Aug-2017 23:14:03 UTC] PHP Fatal error:  Call to undefined function get_ds_product() in /home/ubuntu/workspace/codeshop/itemlist.php on line 9
[16-Aug-2017 23:14:03 UTC] PHP Stack trace:
[16-Aug-2017 23:14:03 UTC] PHP   1. {main}() /home/ubuntu/workspace/codeshop/itemlist.php:0
[16-Aug-2017 23:14:03 UTC] PHP Fatal error:  Call to undefined function get_ds_product() in /home/ubuntu/workspace/codeshop/itemlist.php on line 9
[16-Aug-2017 23:14:03 UTC] PHP Stack trace:
[16-Aug-2017 23:14:03 UTC] PHP   1. {main}() /home/ubuntu/workspace/codeshop/itemlist.php:0
[16-Aug-2017 23:14:03 UTC] PHP Fatal error:  Call to undefined function get_ds_product() in /home/ubuntu/workspace/codeshop/itemlist.php on line 9
[16-Aug-2017 23:14:03 UTC] PHP Stack trace:
[16-Aug-2017 23:14:03 UTC] PHP   1. {main}() /home/ubuntu/workspace/codeshop/itemlist.php:0
[16-Aug-2017 23:14:03 UTC] PHP Fatal error:  Call to undefined function get_ds_product() in /home/ubuntu/workspace/codeshop/itemlist.php on line 9
[16-Aug-2017 23:14:03 UTC] PHP Stack trace:
[16-Aug-2017 23:14:03 UTC] PHP   1. {main}() /home/ubuntu/workspace/codeshop/itemlist.php:0
[16-Aug-2017 23:14:03 UTC] PHP Fatal error:  Call to undefined function get_ds_product() in /home/ubuntu/workspace/codeshop/itemlist.php on line 9
[16-Aug-2017 23:14:03 UTC] PHP Stack trace:
[16-Aug-2017 23:14:03 UTC] PHP   1. {main}() /home/ubuntu/workspace/codeshop/itemlist.php:0
[16-Aug-2017 23:14:03 UTC] PHP Fatal error:  Call to undefined function get_ds_product() in /home/ubuntu/workspace/codeshop/itemlist.php on line 9
[16-Aug-2017 23:14:03 UTC] PHP Stack trace:
[16-Aug-2017 23:14:03 UTC] PHP   1. {main}() /home/ubuntu/workspace/codeshop/itemlist.php:0
[16-Aug-2017 23:14:03 UTC] PHP Fatal error:  Call to undefined function get_ds_product() in /home/ubuntu/workspace/codeshop/itemlist.php on line 9
[16-Aug-2017 23:14:03 UTC] PHP Stack trace:
[16-Aug-2017 23:14:03 UTC] PHP   1. {main}() /home/ubuntu/workspace/codeshop/itemlist.php:0
[16-Aug-2017 23:14:04 UTC] PHP Fatal error:  Call to undefined function get_ds_product() in /home/ubuntu/workspace/codeshop/itemlist.php on line 9
[16-Aug-2017 23:14:04 UTC] PHP Stack trace:
[16-Aug-2017 23:14:04 UTC] PHP   1. {main}() /home/ubuntu/workspace/codeshop/itemlist.php:0
[16-Aug-2017 23:14:20 UTC] PHP Fatal error:  Call to a member function query() on a non-object in /home/ubuntu/workspace/codeshop/model/common.php on line 16
[16-Aug-2017 23:14:20 UTC] PHP Stack trace:
[16-Aug-2017 23:14:20 UTC] PHP   1. {main}() /home/ubuntu/workspace/codeshop/itemlist.php:0
[16-Aug-2017 23:14:20 UTC] PHP   2. get_ds_product() /home/ubuntu/workspace/codeshop/itemlist.php:9
[16-Aug-2017 23:15:31 UTC] PHP Fatal error:  Cannot redeclare get_ds_product() (previously declared in /home/ubuntu/workspace/codeshop/model/common.php:14) in /home/ubuntu/workspace/codeshop/model/itemlist_model.php on line 3
[16-Aug-2017 23:15:31 UTC] PHP Stack trace:
[16-Aug-2017 23:15:31 UTC] PHP   1. {main}() /home/ubuntu/workspace/codeshop/itemlist.php:0
[16-Aug-2017 23:16:17 UTC] PHP Fatal error:  Call to a member function query() on a non-object in /home/ubuntu/workspace/codeshop/model/itemlist_model.php on line 5
[16-Aug-2017 23:16:17 UTC] PHP Stack trace:
[16-Aug-2017 23:16:17 UTC] PHP   1. {main}() /home/ubuntu/workspace/codeshop/itemlist.php:0
[16-Aug-2017 23:16:17 UTC] PHP   2. get_list_product() /home/ubuntu/workspace/codeshop/itemlist.php:9
[16-Aug-2017 23:16:19 UTC] PHP Fatal error:  Call to a member function query() on a non-object in /home/ubuntu/workspace/codeshop/model/itemlist_model.php on line 5
[16-Aug-2017 23:16:19 UTC] PHP Stack trace:
[16-Aug-2017 23:16:19 UTC] PHP   1. {main}() /home/ubuntu/workspace/codeshop/itemlist.php:0
[16-Aug-2017 23:16:19 UTC] PHP   2. get_list_product() /home/ubuntu/workspace/codeshop/itemlist.php:9
[16-Aug-2017 23:16:20 UTC] PHP Fatal error:  Call to a member function query() on a non-object in /home/ubuntu/workspace/codeshop/model/itemlist_model.php on line 5
[16-Aug-2017 23:16:20 UTC] PHP Stack trace:
[16-Aug-2017 23:16:20 UTC] PHP   1. {main}() /home/ubuntu/workspace/codeshop/itemlist.php:0
[16-Aug-2017 23:16:20 UTC] PHP   2. get_list_product() /home/ubuntu/workspace/codeshop/itemlist.php:9
[16-Aug-2017 23:17:04 UTC] PHP Parse error:  syntax error, unexpected end of file in /home/ubuntu/workspace/codeshop/view/itemlist_view.php on line 91
[16-Aug-2017 23:17:04 UTC] PHP Stack trace:
[16-Aug-2017 23:17:04 UTC] PHP   1. {main}() /home/ubuntu/workspace/codeshop/itemlist.php:0
[16-Aug-2017 23:31:52 UTC] PHP Warning:  include_once(./view/itemlist.php): failed to open stream: No such file or directory in /home/ubuntu/workspace/codeshop/itemlist.php on line 15
[16-Aug-2017 23:31:52 UTC] PHP Stack trace:
[16-Aug-2017 23:31:52 UTC] PHP   1. {main}() /home/ubuntu/workspace/codeshop/itemlist.php:0
[16-Aug-2017 23:31:52 UTC] PHP Warning:  include_once(): Failed opening './view/itemlist.php' for inclusion (include_path='.:/usr/share/php:/usr/share/pear') in /home/ubuntu/workspace/codeshop/itemlist.php on line 15
[16-Aug-2017 23:31:52 UTC] PHP Stack trace:
[16-Aug-2017 23:31:52 UTC] PHP   1. {main}() /home/ubuntu/workspace/codeshop/itemlist.php:0
[17-Aug-2017 02:10:25 UTC] PHP Warning:  Invalid argument supplied for foreach() in /home/ubuntu/workspace/codeshop/view/itemlist_view.php on line 48
[17-Aug-2017 02:10:25 UTC] PHP Stack trace:
[17-Aug-2017 02:10:25 UTC] PHP   1. {main}() /home/ubuntu/workspace/codeshop/itemlist.php:0
[17-Aug-2017 02:10:25 UTC] PHP   2. include_once() /home/ubuntu/workspace/codeshop/itemlist.php:15
[17-Aug-2017 02:26:24 UTC] PHP Warning:  Invalid argument supplied for foreach() in /home/ubuntu/workspace/codeshop/view/itemlist_view.php on line 34
[17-Aug-2017 02:26:24 UTC] PHP Stack trace:
[17-Aug-2017 02:26:24 UTC] PHP   1. {main}() /home/ubuntu/workspace/codeshop/itemlist.php:0
[17-Aug-2017 02:26:24 UTC] PHP   2. include_once() /home/ubuntu/workspace/codeshop/itemlist.php:17
[17-Aug-2017 04:57:50 UTC] PHP Warning:  require(./model/information_model.php): failed to open stream: No such file or directory in /home/ubuntu/workspace/codeshop/information.php on line 4
[17-Aug-2017 04:57:50 UTC] PHP Stack trace:
[17-Aug-2017 04:57:50 UTC] PHP   1. {main}() /home/ubuntu/workspace/codeshop/information.php:0
[17-Aug-2017 04:57:50 UTC] PHP Fatal error:  require(): Failed opening required './model/information_model.php' (include_path='.:/usr/share/php:/usr/share/pear') in /home/ubuntu/workspace/codeshop/information.php on line 4
[17-Aug-2017 04:57:50 UTC] PHP Stack trace:
[17-Aug-2017 04:57:50 UTC] PHP   1. {main}() /home/ubuntu/workspace/codeshop/information.php:0
[17-Aug-2017 05:00:02 UTC] PHP Fatal error:  Call to undefined function get_list_product() in /home/ubuntu/workspace/codeshop/information.php on line 10
[17-Aug-2017 05:00:02 UTC] PHP Stack trace:
[17-Aug-2017 05:00:02 UTC] PHP   1. {main}() /home/ubuntu/workspace/codeshop/information.php:0
[17-Aug-2017 05:02:55 UTC] PHP Fatal error:  Call to undefined function get_list_product() in /home/ubuntu/workspace/codeshop/information.php on line 10
[17-Aug-2017 05:02:55 UTC] PHP Stack trace:
[17-Aug-2017 05:02:55 UTC] PHP   1. {main}() /home/ubuntu/workspace/codeshop/information.php:0
[17-Aug-2017 05:02:58 UTC] PHP Fatal error:  Call to undefined function get_list_product() in /home/ubuntu/workspace/codeshop/information.php on line 10
[17-Aug-2017 05:02:58 UTC] PHP Stack trace:
[17-Aug-2017 05:02:58 UTC] PHP   1. {main}() /home/ubuntu/workspace/codeshop/information.php:0
[17-Aug-2017 05:02:58 UTC] PHP Fatal error:  Call to undefined function get_list_product() in /home/ubuntu/workspace/codeshop/information.php on line 10
[17-Aug-2017 05:02:58 UTC] PHP Stack trace:
[17-Aug-2017 05:02:58 UTC] PHP   1. {main}() /home/ubuntu/workspace/codeshop/information.php:0
[17-Aug-2017 05:02:59 UTC] PHP Fatal error:  Call to undefined function get_list_product() in /home/ubuntu/workspace/codeshop/information.php on line 10
[17-Aug-2017 05:02:59 UTC] PHP Stack trace:
[17-Aug-2017 05:02:59 UTC] PHP   1. {main}() /home/ubuntu/workspace/codeshop/information.php:0
[17-Aug-2017 05:02:59 UTC] PHP Fatal error:  Call to undefined function get_list_product() in /home/ubuntu/workspace/codeshop/information.php on line 10
[17-Aug-2017 05:02:59 UTC] PHP Stack trace:
[17-Aug-2017 05:02:59 UTC] PHP   1. {main}() /home/ubuntu/workspace/codeshop/information.php:0
[17-Aug-2017 06:28:43 UTC] PHP Warning:  Invalid argument supplied for foreach() in /home/ubuntu/workspace/codeshop/view/information_view.php on line 54
[17-Aug-2017 06:28:43 UTC] PHP Stack trace:
[17-Aug-2017 06:28:43 UTC] PHP   1. {main}() /home/ubuntu/workspace/codeshop/information.php:0
[17-Aug-2017 06:28:43 UTC] PHP   2. include_once() /home/ubuntu/workspace/codeshop/information.php:19
[17-Aug-2017 06:28:43 UTC] PHP Warning:  Invalid argument supplied for foreach() in /home/ubuntu/workspace/codeshop/view/information_view.php on line 59
[17-Aug-2017 06:28:43 UTC] PHP Stack trace:
[17-Aug-2017 06:28:43 UTC] PHP   1. {main}() /home/ubuntu/workspace/codeshop/information.php:0
[17-Aug-2017 06:28:43 UTC] PHP   2. include_once() /home/ubuntu/workspace/codeshop/information.php:19
[17-Aug-2017 06:29:25 UTC] PHP Warning:  Invalid argument supplied for foreach() in /home/ubuntu/workspace/codeshop/view/information_view.php on line 54
[17-Aug-2017 06:29:25 UTC] PHP Stack trace:
[17-Aug-2017 06:29:25 UTC] PHP   1. {main}() /home/ubuntu/workspace/codeshop/information.php:0
[17-Aug-2017 06:29:25 UTC] PHP   2. include_once() /home/ubuntu/workspace/codeshop/information.php:20
[17-Aug-2017 06:29:25 UTC] PHP Warning:  Invalid argument supplied for foreach() in /home/ubuntu/workspace/codeshop/view/information_view.php on line 59
[17-Aug-2017 06:29:25 UTC] PHP Stack trace:
[17-Aug-2017 06:29:25 UTC] PHP   1. {main}() /home/ubuntu/workspace/codeshop/information.php:0
[17-Aug-2017 06:29:25 UTC] PHP   2. include_once() /home/ubuntu/workspace/codeshop/information.php:20
[17-Aug-2017 06:35:04 UTC] PHP Warning:  Invalid argument supplied for foreach() in /home/ubuntu/workspace/codeshop/view/information_view.php on line 54
[17-Aug-2017 06:35:04 UTC] PHP Stack trace:
[17-Aug-2017 06:35:04 UTC] PHP   1. {main}() /home/ubuntu/workspace/codeshop/information.php:0
[17-Aug-2017 06:35:04 UTC] PHP   2. include_once() /home/ubuntu/workspace/codeshop/information.php:21
[17-Aug-2017 06:35:04 UTC] PHP Warning:  Invalid argument supplied for foreach() in /home/ubuntu/workspace/codeshop/view/information_view.php on line 59
[17-Aug-2017 06:35:04 UTC] PHP Stack trace:
[17-Aug-2017 06:35:04 UTC] PHP   1. {main}() /home/ubuntu/workspace/codeshop/information.php:0
[17-Aug-2017 06:35:04 UTC] PHP   2. include_once() /home/ubuntu/workspace/codeshop/information.php:21
[17-Aug-2017 08:14:05 UTC] PHP Warning:  Invalid argument supplied for foreach() in /home/ubuntu/workspace/codeshop/view/itemlist_view.php on line 78
[17-Aug-2017 08:14:05 UTC] PHP Stack trace:
[17-Aug-2017 08:14:05 UTC] PHP   1. {main}() /home/ubuntu/workspace/codeshop/itemlist.php:0
[17-Aug-2017 08:14:05 UTC] PHP   2. include_once() /home/ubuntu/workspace/codeshop/itemlist.php:25
[17-Aug-2017 08:36:29 UTC] PHP Warning:  Invalid argument supplied for foreach() in /home/ubuntu/workspace/codeshop/view/itemlist_view.php on line 62
[17-Aug-2017 08:36:29 UTC] PHP Stack trace:
[17-Aug-2017 08:36:29 UTC] PHP   1. {main}() /home/ubuntu/workspace/codeshop/itemlist.php:0
[17-Aug-2017 08:36:29 UTC] PHP   2. include_once() /home/ubuntu/workspace/codeshop/itemlist.php:26
[17-Aug-2017 08:36:32 UTC] PHP Warning:  Invalid argument supplied for foreach() in /home/ubuntu/workspace/codeshop/view/itemlist_view.php on line 62
[17-Aug-2017 08:36:32 UTC] PHP Stack trace:
[17-Aug-2017 08:36:32 UTC] PHP   1. {main}() /home/ubuntu/workspace/codeshop/itemlist.php:0
[17-Aug-2017 08:36:32 UTC] PHP   2. include_once() /home/ubuntu/workspace/codeshop/itemlist.php:26
[18-Aug-2017 03:12:37 UTC] PHP Parse error:  syntax error, unexpected '{' in /home/ubuntu/workspace/codeshop/admin.php on line 34
[18-Aug-2017 03:14:28 UTC] PHP Warning:  Invalid argument supplied for foreach() in /home/ubuntu/workspace/codeshop/view/admin_view.php on line 30
[18-Aug-2017 03:14:28 UTC] PHP Stack trace:
[18-Aug-2017 03:14:28 UTC] PHP   1. {main}() /home/ubuntu/workspace/codeshop/admin.php:0
[18-Aug-2017 03:14:28 UTC] PHP   2. include_once() /home/ubuntu/workspace/codeshop/admin.php:54
[18-Aug-2017 03:14:41 UTC] PHP Warning:  Invalid argument supplied for foreach() in /home/ubuntu/workspace/codeshop/view/admin_view.php on line 30
[18-Aug-2017 03:14:41 UTC] PHP Stack trace:
[18-Aug-2017 03:14:41 UTC] PHP   1. {main}() /home/ubuntu/workspace/codeshop/admin.php:0
[18-Aug-2017 03:14:41 UTC] PHP   2. include_once() /home/ubuntu/workspace/codeshop/admin.php:54
[18-Aug-2017 05:05:15 UTC] PHP Warning:  preg_match(): Unknown modifier 'g' in /home/ubuntu/workspace/codeshop/model/register_model.php on line 62
[18-Aug-2017 05:05:15 UTC] PHP Stack trace:
[18-Aug-2017 05:05:15 UTC] PHP   1. {main}() /home/ubuntu/workspace/codeshop/register.php:0
[18-Aug-2017 05:05:15 UTC] PHP   2. validation() /home/ubuntu/workspace/codeshop/register.php:26
[18-Aug-2017 05:05:15 UTC] PHP   3. preg_match() /home/ubuntu/workspace/codeshop/model/register_model.php:62
[18-Aug-2017 06:43:46 UTC] PHP Parse error:  syntax error, unexpected '<' in /home/ubuntu/workspace/codeshop/login.php on line 19
[18-Aug-2017 06:45:03 UTC] PHP Fatal error:  Cannot use try without catch or finally in /home/ubuntu/workspace/codeshop/login.php on line 26
[20-Aug-2017 01:15:36 UTC] PHP Fatal error:  Cannot redeclare get_db_connect() (previously declared in /home/ubuntu/workspace/codeshop/model/common.php:2) in /home/ubuntu/workspace/codeshop/model/common.php on line 2
[20-Aug-2017 01:15:36 UTC] PHP Stack trace:
[20-Aug-2017 01:15:36 UTC] PHP   1. {main}() /home/ubuntu/workspace/codeshop/login.php:0
[20-Aug-2017 01:15:36 UTC] PHP   2. include_once() /home/ubuntu/workspace/codeshop/login.php:23
[20-Aug-2017 04:22:43 UTC] PHP Parse error:  syntax error, unexpected end of file in /home/ubuntu/workspace/codeshop/view/itemlist_view.php on line 158
[20-Aug-2017 04:22:43 UTC] PHP Stack trace:
[20-Aug-2017 04:22:43 UTC] PHP   1. {main}() /home/ubuntu/workspace/codeshop/itemlist.php:0
[20-Aug-2017 04:46:58 UTC] PHP Fatal error:  Call to a member function query() on a non-object in /home/ubuntu/workspace/codeshop/model/itemlist_model.php on line 29
[20-Aug-2017 04:46:58 UTC] PHP Stack trace:
[20-Aug-2017 04:46:58 UTC] PHP   1. {main}() /home/ubuntu/workspace/codeshop/itemlist.php:0
[20-Aug-2017 04:46:58 UTC] PHP   2. get_list_search_name() /home/ubuntu/workspace/codeshop/itemlist.php:19
[20-Aug-2017 04:47:35 UTC] PHP Fatal error:  Call to a member function query() on a non-object in /home/ubuntu/workspace/codeshop/model/itemlist_model.php on line 29
[20-Aug-2017 04:47:35 UTC] PHP Stack trace:
[20-Aug-2017 04:47:35 UTC] PHP   1. {main}() /home/ubuntu/workspace/codeshop/itemlist.php:0
[20-Aug-2017 04:47:35 UTC] PHP   2. get_list_search_name() /home/ubuntu/workspace/codeshop/itemlist.php:19
[20-Aug-2017 04:47:36 UTC] PHP Fatal error:  Call to a member function query() on a non-object in /home/ubuntu/workspace/codeshop/model/itemlist_model.php on line 29
[20-Aug-2017 04:47:36 UTC] PHP Stack trace:
[20-Aug-2017 04:47:36 UTC] PHP   1. {main}() /home/ubuntu/workspace/codeshop/itemlist.php:0
[20-Aug-2017 04:47:36 UTC] PHP   2. get_list_search_name() /home/ubuntu/workspace/codeshop/itemlist.php:19
[20-Aug-2017 04:49:01 UTC] PHP Fatal error:  Call to a member function query() on a non-object in /home/ubuntu/workspace/codeshop/model/itemlist_model.php on line 29
[20-Aug-2017 04:49:01 UTC] PHP Stack trace:
[20-Aug-2017 04:49:01 UTC] PHP   1. {main}() /home/ubuntu/workspace/codeshop/itemlist.php:0
[20-Aug-2017 04:49:01 UTC] PHP   2. get_list_search_name() /home/ubuntu/workspace/codeshop/itemlist.php:19
[20-Aug-2017 04:49:09 UTC] PHP Fatal error:  Call to a member function query() on a non-object in /home/ubuntu/workspace/codeshop/model/itemlist_model.php on line 29
[20-Aug-2017 04:49:09 UTC] PHP Stack trace:
[20-Aug-2017 04:49:09 UTC] PHP   1. {main}() /home/ubuntu/workspace/codeshop/itemlist.php:0
[20-Aug-2017 04:49:09 UTC] PHP   2. get_list_search_name() /home/ubuntu/workspace/codeshop/itemlist.php:19
[20-Aug-2017 04:49:42 UTC] PHP Fatal error:  Call to a member function query() on a non-object in /home/ubuntu/workspace/codeshop/model/itemlist_model.php on line 29
[20-Aug-2017 04:49:42 UTC] PHP Stack trace:
[20-Aug-2017 04:49:42 UTC] PHP   1. {main}() /home/ubuntu/workspace/codeshop/itemlist.php:0
[20-Aug-2017 04:49:42 UTC] PHP   2. get_list_search_name() /home/ubuntu/workspace/codeshop/itemlist.php:19
[20-Aug-2017 04:49:44 UTC] PHP Fatal error:  Call to a member function query() on a non-object in /home/ubuntu/workspace/codeshop/model/itemlist_model.php on line 29
[20-Aug-2017 04:49:44 UTC] PHP Stack trace:
[20-Aug-2017 04:49:44 UTC] PHP   1. {main}() /home/ubuntu/workspace/codeshop/itemlist.php:0
[20-Aug-2017 04:49:44 UTC] PHP   2. get_list_search_name() /home/ubuntu/workspace/codeshop/itemlist.php:19
[20-Aug-2017 04:49:44 UTC] PHP Fatal error:  Call to a member function query() on a non-object in /home/ubuntu/workspace/codeshop/model/itemlist_model.php on line 29
[20-Aug-2017 04:49:44 UTC] PHP Stack trace:
[20-Aug-2017 04:49:44 UTC] PHP   1. {main}() /home/ubuntu/workspace/codeshop/itemlist.php:0
[20-Aug-2017 04:49:44 UTC] PHP   2. get_list_search_name() /home/ubuntu/workspace/codeshop/itemlist.php:19
[20-Aug-2017 04:50:35 UTC] PHP Fatal error:  Call to a member function prepare() on a non-object in /home/ubuntu/workspace/codeshop/model/itemlist_model.php on line 29
[20-Aug-2017 04:50:35 UTC] PHP Stack trace:
[20-Aug-2017 04:50:35 UTC] PHP   1. {main}() /home/ubuntu/workspace/codeshop/itemlist.php:0
[20-Aug-2017 04:50:35 UTC] PHP   2. get_list_search_name() /home/ubuntu/workspace/codeshop/itemlist.php:19
[20-Aug-2017 04:50:37 UTC] PHP Fatal error:  Call to a member function prepare() on a non-object in /home/ubuntu/workspace/codeshop/model/itemlist_model.php on line 29
[20-Aug-2017 04:50:37 UTC] PHP Stack trace:
[20-Aug-2017 04:50:37 UTC] PHP   1. {main}() /home/ubuntu/workspace/codeshop/itemlist.php:0
[20-Aug-2017 04:50:37 UTC] PHP   2. get_list_search_name() /home/ubuntu/workspace/codeshop/itemlist.php:19
[20-Aug-2017 04:50:38 UTC] PHP Fatal error:  Call to a member function prepare() on a non-object in /home/ubuntu/workspace/codeshop/model/itemlist_model.php on line 29
[20-Aug-2017 04:50:38 UTC] PHP Stack trace:
[20-Aug-2017 04:50:38 UTC] PHP   1. {main}() /home/ubuntu/workspace/codeshop/itemlist.php:0
[20-Aug-2017 04:50:38 UTC] PHP   2. get_list_search_name() /home/ubuntu/workspace/codeshop/itemlist.php:19
[20-Aug-2017 04:50:38 UTC] PHP Fatal error:  Call to a member function prepare() on a non-object in /home/ubuntu/workspace/codeshop/model/itemlist_model.php on line 29
[20-Aug-2017 04:50:38 UTC] PHP Stack trace:
[20-Aug-2017 04:50:38 UTC] PHP   1. {main}() /home/ubuntu/workspace/codeshop/itemlist.php:0
[20-Aug-2017 04:50:38 UTC] PHP   2. get_list_search_name() /home/ubuntu/workspace/codeshop/itemlist.php:19
[20-Aug-2017 04:50:39 UTC] PHP Fatal error:  Call to a member function prepare() on a non-object in /home/ubuntu/workspace/codeshop/model/itemlist_model.php on line 29
[20-Aug-2017 04:50:39 UTC] PHP Stack trace:
[20-Aug-2017 04:50:39 UTC] PHP   1. {main}() /home/ubuntu/workspace/codeshop/itemlist.php:0
[20-Aug-2017 04:50:39 UTC] PHP   2. get_list_search_name() /home/ubuntu/workspace/codeshop/itemlist.php:19
[20-Aug-2017 04:50:39 UTC] PHP Fatal error:  Call to a member function prepare() on a non-object in /home/ubuntu/workspace/codeshop/model/itemlist_model.php on line 29
[20-Aug-2017 04:50:39 UTC] PHP Stack trace:
[20-Aug-2017 04:50:39 UTC] PHP   1. {main}() /home/ubuntu/workspace/codeshop/itemlist.php:0
[20-Aug-2017 04:50:39 UTC] PHP   2. get_list_search_name() /home/ubuntu/workspace/codeshop/itemlist.php:19
[20-Aug-2017 04:50:39 UTC] PHP Fatal error:  Call to a member function prepare() on a non-object in /home/ubuntu/workspace/codeshop/model/itemlist_model.php on line 29
[20-Aug-2017 04:50:39 UTC] PHP Stack trace:
[20-Aug-2017 04:50:39 UTC] PHP   1. {main}() /home/ubuntu/workspace/codeshop/itemlist.php:0
[20-Aug-2017 04:50:39 UTC] PHP   2. get_list_search_name() /home/ubuntu/workspace/codeshop/itemlist.php:19
[20-Aug-2017 04:50:40 UTC] PHP Fatal error:  Call to a member function prepare() on a non-object in /home/ubuntu/workspace/codeshop/model/itemlist_model.php on line 29
[20-Aug-2017 04:50:40 UTC] PHP Stack trace:
[20-Aug-2017 04:50:40 UTC] PHP   1. {main}() /home/ubuntu/workspace/codeshop/itemlist.php:0
[20-Aug-2017 04:50:40 UTC] PHP   2. get_list_search_name() /home/ubuntu/workspace/codeshop/itemlist.php:19
[20-Aug-2017 04:52:34 UTC] PHP Fatal error:  Call to a member function prepare() on a non-object in /home/ubuntu/workspace/codeshop/model/itemlist_model.php on line 29
[20-Aug-2017 04:52:34 UTC] PHP Stack trace:
[20-Aug-2017 04:52:34 UTC] PHP   1. {main}() /home/ubuntu/workspace/codeshop/itemlist.php:0
[20-Aug-2017 04:52:34 UTC] PHP   2. get_list_search_name() /home/ubuntu/workspace/codeshop/itemlist.php:19
[20-Aug-2017 04:57:54 UTC] PHP Warning:  Invalid argument supplied for foreach() in /home/ubuntu/workspace/codeshop/view/itemlist_view.php on line 130
[20-Aug-2017 04:57:54 UTC] PHP Stack trace:
[20-Aug-2017 04:57:54 UTC] PHP   1. {main}() /home/ubuntu/workspace/codeshop/itemlist.php:0
[20-Aug-2017 04:57:54 UTC] PHP   2. include_once() /home/ubuntu/workspace/codeshop/itemlist.php:32
[20-Aug-2017 04:58:42 UTC] PHP Warning:  Invalid argument supplied for foreach() in /home/ubuntu/workspace/codeshop/view/itemlist_view.php on line 130
[20-Aug-2017 04:58:42 UTC] PHP Stack trace:
[20-Aug-2017 04:58:42 UTC] PHP   1. {main}() /home/ubuntu/workspace/codeshop/itemlist.php:0
[20-Aug-2017 04:58:42 UTC] PHP   2. include_once() /home/ubuntu/workspace/codeshop/itemlist.php:32
[20-Aug-2017 04:59:21 UTC] PHP Warning:  Invalid argument supplied for foreach() in /home/ubuntu/workspace/codeshop/view/itemlist_view.php on line 130
[20-Aug-2017 04:59:21 UTC] PHP Stack trace:
[20-Aug-2017 04:59:21 UTC] PHP   1. {main}() /home/ubuntu/workspace/codeshop/itemlist.php:0
[20-Aug-2017 04:59:21 UTC] PHP   2. include_once() /home/ubuntu/workspace/codeshop/itemlist.php:32
[20-Aug-2017 04:59:25 UTC] PHP Warning:  Invalid argument supplied for foreach() in /home/ubuntu/workspace/codeshop/view/itemlist_view.php on line 130
[20-Aug-2017 04:59:25 UTC] PHP Stack trace:
[20-Aug-2017 04:59:25 UTC] PHP   1. {main}() /home/ubuntu/workspace/codeshop/itemlist.php:0
[20-Aug-2017 04:59:25 UTC] PHP   2. include_once() /home/ubuntu/workspace/codeshop/itemlist.php:32
[20-Aug-2017 04:59:29 UTC] PHP Warning:  Invalid argument supplied for foreach() in /home/ubuntu/workspace/codeshop/view/itemlist_view.php on line 130
[20-Aug-2017 04:59:29 UTC] PHP Stack trace:
[20-Aug-2017 04:59:29 UTC] PHP   1. {main}() /home/ubuntu/workspace/codeshop/itemlist.php:0
[20-Aug-2017 04:59:29 UTC] PHP   2. include_once() /home/ubuntu/workspace/codeshop/itemlist.php:32
[20-Aug-2017 05:00:26 UTC] PHP Warning:  Invalid argument supplied for foreach() in /home/ubuntu/workspace/codeshop/view/itemlist_view.php on line 130
[20-Aug-2017 05:00:26 UTC] PHP Stack trace:
[20-Aug-2017 05:00:26 UTC] PHP   1. {main}() /home/ubuntu/workspace/codeshop/itemlist.php:0
[20-Aug-2017 05:00:26 UTC] PHP   2. include_once() /home/ubuntu/workspace/codeshop/itemlist.php:32
[20-Aug-2017 05:13:07 UTC] PHP Warning:  Invalid argument supplied for foreach() in /home/ubuntu/workspace/codeshop/view/itemlist_view.php on line 130
[20-Aug-2017 05:13:07 UTC] PHP Stack trace:
[20-Aug-2017 05:13:07 UTC] PHP   1. {main}() /home/ubuntu/workspace/codeshop/itemlist.php:0
[20-Aug-2017 05:13:07 UTC] PHP   2. include_once() /home/ubuntu/workspace/codeshop/itemlist.php:33
[20-Aug-2017 05:25:09 UTC] PHP Fatal error:  Can't use function return value in write context in /home/ubuntu/workspace/codeshop/view/itemlist_view.php on line 125
[20-Aug-2017 05:25:09 UTC] PHP Stack trace:
[20-Aug-2017 05:25:09 UTC] PHP   1. {main}() /home/ubuntu/workspace/codeshop/itemlist.php:0
[21-Aug-2017 08:38:51 UTC] PHP Parse error:  syntax error, unexpected '}' in /home/ubuntu/workspace/codeshop/view/itemlist_view.php on line 115
[21-Aug-2017 08:38:51 UTC] PHP Stack trace:
[21-Aug-2017 08:38:51 UTC] PHP   1. {main}() /home/ubuntu/workspace/codeshop/itemlist.php:0
[22-Aug-2017 04:17:26 UTC] PHP Warning:  Invalid argument supplied for foreach() in /home/ubuntu/workspace/codeshop/finish.php on line 13
[22-Aug-2017 04:17:26 UTC] PHP Stack trace:
[22-Aug-2017 04:17:26 UTC] PHP   1. {main}() /home/ubuntu/workspace/codeshop/finish.php:0
[22-Aug-2017 04:18:08 UTC] PHP Warning:  Invalid argument supplied for foreach() in /home/ubuntu/workspace/codeshop/finish.php on line 13
[22-Aug-2017 04:18:08 UTC] PHP Stack trace:
[22-Aug-2017 04:18:08 UTC] PHP   1. {main}() /home/ubuntu/workspace/codeshop/finish.php:0
[22-Aug-2017 04:22:44 UTC] PHP Warning:  Invalid argument supplied for foreach() in /home/ubuntu/workspace/codeshop/finish.php on line 12
[22-Aug-2017 04:22:44 UTC] PHP Stack trace:
[22-Aug-2017 04:22:44 UTC] PHP   1. {main}() /home/ubuntu/workspace/codeshop/finish.php:0
[22-Aug-2017 04:42:06 UTC] PHP Fatal error:  Call to a member function prepare() on a non-object in /home/ubuntu/workspace/codeshop/model/finish_model.php on line 4
[22-Aug-2017 04:42:06 UTC] PHP Stack trace:
[22-Aug-2017 04:42:06 UTC] PHP   1. {main}() /home/ubuntu/workspace/codeshop/finish.php:0
[22-Aug-2017 04:42:06 UTC] PHP   2. get_cart_product() /home/ubuntu/workspace/codeshop/finish.php:13
[22-Aug-2017 04:53:07 UTC] PHP Parse error:  syntax error, unexpected end of file in /home/ubuntu/workspace/codeshop/view/finish_view.php on line 16
[22-Aug-2017 04:53:07 UTC] PHP Stack trace:
[22-Aug-2017 04:53:07 UTC] PHP   1. {main}() /home/ubuntu/workspace/codeshop/finish.php:0
[22-Aug-2017 05:01:06 UTC] PHP Warning:  max(): When only one parameter is given, it must be an array in /home/ubuntu/workspace/codeshop/view/finish_view.php on line 11
[22-Aug-2017 05:01:06 UTC] PHP Stack trace:
[22-Aug-2017 05:01:06 UTC] PHP   1. {main}() /home/ubuntu/workspace/codeshop/finish.php:0
[22-Aug-2017 05:01:06 UTC] PHP   2. include_once() /home/ubuntu/workspace/codeshop/finish.php:23
[22-Aug-2017 05:01:06 UTC] PHP   3. max() /home/ubuntu/workspace/codeshop/view/finish_view.php:11
[22-Aug-2017 05:01:06 UTC] PHP Warning:  max(): When only one parameter is given, it must be an array in /home/ubuntu/workspace/codeshop/view/finish_view.php on line 11
[22-Aug-2017 05:01:06 UTC] PHP Stack trace:
[22-Aug-2017 05:01:06 UTC] PHP   1. {main}() /home/ubuntu/workspace/codeshop/finish.php:0
[22-Aug-2017 05:01:06 UTC] PHP   2. include_once() /home/ubuntu/workspace/codeshop/finish.php:23
[22-Aug-2017 05:01:06 UTC] PHP   3. max() /home/ubuntu/workspace/codeshop/view/finish_view.php:11
[22-Aug-2017 05:01:06 UTC] PHP Warning:  max(): When only one parameter is given, it must be an array in /home/ubuntu/workspace/codeshop/view/finish_view.php on line 11
[22-Aug-2017 05:01:06 UTC] PHP Stack trace:
[22-Aug-2017 05:01:06 UTC] PHP   1. {main}() /home/ubuntu/workspace/codeshop/finish.php:0
[22-Aug-2017 05:01:06 UTC] PHP   2. include_once() /home/ubuntu/workspace/codeshop/finish.php:23
[22-Aug-2017 05:01:06 UTC] PHP   3. max() /home/ubuntu/workspace/codeshop/view/finish_view.php:11
[22-Aug-2017 05:01:06 UTC] PHP Warning:  max(): When only one parameter is given, it must be an array in /home/ubuntu/workspace/codeshop/view/finish_view.php on line 11
[22-Aug-2017 05:01:06 UTC] PHP Stack trace:
[22-Aug-2017 05:01:06 UTC] PHP   1. {main}() /home/ubuntu/workspace/codeshop/finish.php:0
[22-Aug-2017 05:01:06 UTC] PHP   2. include_once() /home/ubuntu/workspace/codeshop/finish.php:23
[22-Aug-2017 05:01:06 UTC] PHP   3. max() /home/ubuntu/workspace/codeshop/view/finish_view.php:11
[22-Aug-2017 05:04:40 UTC] PHP Warning:  max(): When only one parameter is given, it must be an array in /home/ubuntu/workspace/codeshop/view/finish_view.php on line 11
[22-Aug-2017 05:04:40 UTC] PHP Stack trace:
[22-Aug-2017 05:04:40 UTC] PHP   1. {main}() /home/ubuntu/workspace/codeshop/finish.php:0
[22-Aug-2017 05:04:40 UTC] PHP   2. include_once() /home/ubuntu/workspace/codeshop/finish.php:23
[22-Aug-2017 05:04:40 UTC] PHP   3. max() /home/ubuntu/workspace/codeshop/view/finish_view.php:11
[22-Aug-2017 05:04:40 UTC] PHP Warning:  max(): When only one parameter is given, it must be an array in /home/ubuntu/workspace/codeshop/view/finish_view.php on line 11
[22-Aug-2017 05:04:40 UTC] PHP Stack trace:
[22-Aug-2017 05:04:40 UTC] PHP   1. {main}() /home/ubuntu/workspace/codeshop/finish.php:0
[22-Aug-2017 05:04:40 UTC] PHP   2. include_once() /home/ubuntu/workspace/codeshop/finish.php:23
[22-Aug-2017 05:04:40 UTC] PHP   3. max() /home/ubuntu/workspace/codeshop/view/finish_view.php:11
[22-Aug-2017 05:04:40 UTC] PHP Warning:  max(): When only one parameter is given, it must be an array in /home/ubuntu/workspace/codeshop/view/finish_view.php on line 11
[22-Aug-2017 05:04:40 UTC] PHP Stack trace:
[22-Aug-2017 05:04:40 UTC] PHP   1. {main}() /home/ubuntu/workspace/codeshop/finish.php:0
[22-Aug-2017 05:04:40 UTC] PHP   2. include_once() /home/ubuntu/workspace/codeshop/finish.php:23
[22-Aug-2017 05:04:40 UTC] PHP   3. max() /home/ubuntu/workspace/codeshop/view/finish_view.php:11
[22-Aug-2017 05:04:40 UTC] PHP Warning:  max(): When only one parameter is given, it must be an array in /home/ubuntu/workspace/codeshop/view/finish_view.php on line 11
[22-Aug-2017 05:04:40 UTC] PHP Stack trace:
[22-Aug-2017 05:04:40 UTC] PHP   1. {main}() /home/ubuntu/workspace/codeshop/finish.php:0
[22-Aug-2017 05:04:40 UTC] PHP   2. include_once() /home/ubuntu/workspace/codeshop/finish.php:23
[22-Aug-2017 05:04:40 UTC] PHP   3. max() /home/ubuntu/workspace/codeshop/view/finish_view.php:11
[22-Aug-2017 05:04:40 UTC] PHP Warning:  max(): When only one parameter is given, it must be an array in /home/ubuntu/workspace/codeshop/view/finish_view.php on line 11
[22-Aug-2017 05:04:40 UTC] PHP Stack trace:
[22-Aug-2017 05:04:40 UTC] PHP   1. {main}() /home/ubuntu/workspace/codeshop/finish.php:0
[22-Aug-2017 05:04:40 UTC] PHP   2. include_once() /home/ubuntu/workspace/codeshop/finish.php:23
[22-Aug-2017 05:04:40 UTC] PHP   3. max() /home/ubuntu/workspace/codeshop/view/finish_view.php:11
[22-Aug-2017 05:04:40 UTC] PHP Warning:  max(): When only one parameter is given, it must be an array in /home/ubuntu/workspace/codeshop/view/finish_view.php on line 11
[22-Aug-2017 05:04:40 UTC] PHP Stack trace:
[22-Aug-2017 05:04:40 UTC] PHP   1. {main}() /home/ubuntu/workspace/codeshop/finish.php:0
[22-Aug-2017 05:04:40 UTC] PHP   2. include_once() /home/ubuntu/workspace/codeshop/finish.php:23
[22-Aug-2017 05:04:40 UTC] PHP   3. max() /home/ubuntu/workspace/codeshop/view/finish_view.php:11
[22-Aug-2017 05:07:21 UTC] PHP Warning:  Invalid argument supplied for foreach() in /home/ubuntu/workspace/codeshop/view/finish_view.php on line 11
[22-Aug-2017 05:07:21 UTC] PHP Stack trace:
[22-Aug-2017 05:07:21 UTC] PHP   1. {main}() /home/ubuntu/workspace/codeshop/finish.php:0
[22-Aug-2017 05:07:21 UTC] PHP   2. include_once() /home/ubuntu/workspace/codeshop/finish.php:23
[22-Aug-2017 05:07:21 UTC] PHP Warning:  Invalid argument supplied for foreach() in /home/ubuntu/workspace/codeshop/view/finish_view.php on line 11
[22-Aug-2017 05:07:21 UTC] PHP Stack trace:
[22-Aug-2017 05:07:21 UTC] PHP   1. {main}() /home/ubuntu/workspace/codeshop/finish.php:0
[22-Aug-2017 05:07:21 UTC] PHP   2. include_once() /home/ubuntu/workspace/codeshop/finish.php:23
[22-Aug-2017 09:15:49 UTC] PHP Warning:  Invalid argument supplied for foreach() in /home/ubuntu/workspace/codeshop/finish.php on line 17
[22-Aug-2017 09:15:49 UTC] PHP Stack trace:
[22-Aug-2017 09:15:49 UTC] PHP   1. {main}() /home/ubuntu/workspace/codeshop/finish.php:0
[22-Aug-2017 09:15:49 UTC] PHP Warning:  Invalid argument supplied for foreach() in /home/ubuntu/workspace/codeshop/view/finish_view.php on line 13
[22-Aug-2017 09:15:49 UTC] PHP Stack trace:
[22-Aug-2017 09:15:49 UTC] PHP   1. {main}() /home/ubuntu/workspace/codeshop/finish.php:0
[22-Aug-2017 09:15:49 UTC] PHP   2. include_once() /home/ubuntu/workspace/codeshop/finish.php:43
[22-Aug-2017 10:30:27 UTC] PHP Parse error:  syntax error, unexpected '}' in /home/ubuntu/workspace/codeshop/finish.php on line 21
[22-Aug-2017 10:31:42 UTC] PHP Warning:  Invalid argument supplied for foreach() in /home/ubuntu/workspace/codeshop/view/finish_view.php on line 12
[22-Aug-2017 10:31:42 UTC] PHP Stack trace:
[22-Aug-2017 10:31:42 UTC] PHP   1. {main}() /home/ubuntu/workspace/codeshop/finish.php:0
[22-Aug-2017 10:31:42 UTC] PHP   2. include_once() /home/ubuntu/workspace/codeshop/finish.php:41
[22-Aug-2017 10:33:37 UTC] PHP Warning:  Invalid argument supplied for foreach() in /home/ubuntu/workspace/codeshop/view/finish_view.php on line 12
[22-Aug-2017 10:33:37 UTC] PHP Stack trace:
[22-Aug-2017 10:33:37 UTC] PHP   1. {main}() /home/ubuntu/workspace/codeshop/finish.php:0
[22-Aug-2017 10:33:37 UTC] PHP   2. include_once() /home/ubuntu/workspace/codeshop/finish.php:42
[22-Aug-2017 10:34:02 UTC] PHP Warning:  Invalid argument supplied for foreach() in /home/ubuntu/workspace/codeshop/view/finish_view.php on line 12
[22-Aug-2017 10:34:02 UTC] PHP Stack trace:
[22-Aug-2017 10:34:02 UTC] PHP   1. {main}() /home/ubuntu/workspace/codeshop/finish.php:0
[22-Aug-2017 10:34:02 UTC] PHP   2. include_once() /home/ubuntu/workspace/codeshop/finish.php:42
[22-Aug-2017 10:34:17 UTC] PHP Warning:  Invalid argument supplied for foreach() in /home/ubuntu/workspace/codeshop/view/finish_view.php on line 12
[22-Aug-2017 10:34:17 UTC] PHP Stack trace:
[22-Aug-2017 10:34:17 UTC] PHP   1. {main}() /home/ubuntu/workspace/codeshop/finish.php:0
[22-Aug-2017 10:34:17 UTC] PHP   2. include_once() /home/ubuntu/workspace/codeshop/finish.php:42
[22-Aug-2017 10:35:03 UTC] PHP Warning:  Invalid argument supplied for foreach() in /home/ubuntu/workspace/codeshop/view/finish_view.php on line 12
[22-Aug-2017 10:35:03 UTC] PHP Stack trace:
[22-Aug-2017 10:35:03 UTC] PHP   1. {main}() /home/ubuntu/workspace/codeshop/finish.php:0
[22-Aug-2017 10:35:03 UTC] PHP   2. include_once() /home/ubuntu/workspace/codeshop/finish.php:42
[23-Aug-2017 02:14:17 UTC] PHP Parse error:  syntax error, unexpected 'exit' (T_EXIT) in /home/ubuntu/workspace/codeshop/login.php on line 27
[23-Aug-2017 02:14:30 UTC] PHP Parse error:  syntax error, unexpected 'exit' (T_EXIT) in /home/ubuntu/workspace/codeshop/login.php on line 27
[23-Aug-2017 02:47:40 UTC] PHP Fatal error:  Cannot use try without catch or finally in /home/ubuntu/workspace/codeshop/login.php on line 41
[23-Aug-2017 03:37:49 UTC] PHP Parse error:  syntax error, unexpected '}' in /home/ubuntu/workspace/codeshop/cart.php on line 15
[23-Aug-2017 09:39:08 UTC] PHP Fatal error:  Call to undefined function check_account() in /home/ubuntu/workspace/codeshop/register.php on line 33
[23-Aug-2017 09:39:08 UTC] PHP Stack trace:
[23-Aug-2017 09:39:08 UTC] PHP   1. {main}() /home/ubuntu/workspace/codeshop/register.php:0
[23-Aug-2017 09:39:42 UTC] PHP Fatal error:  Cannot redeclare validation() (previously declared in /home/ubuntu/workspace/codeshop/model/register_model.php:2) in /home/ubuntu/workspace/codeshop/model/login_model.php on line 2
[23-Aug-2017 09:39:42 UTC] PHP Stack trace:
[23-Aug-2017 09:39:42 UTC] PHP   1. {main}() /home/ubuntu/workspace/codeshop/register.php:0
[23-Aug-2017 09:41:14 UTC] PHP Fatal error:  Cannot redeclare validation() (previously declared in /home/ubuntu/workspace/codeshop/model/register_model.php:2) in /home/ubuntu/workspace/codeshop/model/login_model.php on line 2
[23-Aug-2017 09:41:14 UTC] PHP Stack trace:
[23-Aug-2017 09:41:14 UTC] PHP   1. {main}() /home/ubuntu/workspace/codeshop/register.php:0
[24-Aug-2017 04:56:04 UTC] PHP Warning:  Invalid argument supplied for foreach() in /home/ubuntu/workspace/fruitshop/view/fruit_view.php on line 145
[24-Aug-2017 04:56:04 UTC] PHP Stack trace:
[24-Aug-2017 04:56:04 UTC] PHP   1. {main}() /home/ubuntu/workspace/fruitshop/fruit.php:0
[24-Aug-2017 04:56:04 UTC] PHP   2. include_once() /home/ubuntu/workspace/fruitshop/fruit.php:31
[25-Aug-2017 02:30:08 UTC] PHP Warning:  Invalid argument supplied for foreach() in /home/ubuntu/workspace/fruitshop/view/cart_view.php on line 23
[25-Aug-2017 02:30:08 UTC] PHP Stack trace:
[25-Aug-2017 02:30:08 UTC] PHP   1. {main}() /home/ubuntu/workspace/fruitshop/cart.php:0
[25-Aug-2017 02:30:08 UTC] PHP   2. include_once() /home/ubuntu/workspace/fruitshop/cart.php:21
[25-Aug-2017 02:30:55 UTC] PHP Warning:  Invalid argument supplied for foreach() in /home/ubuntu/workspace/fruitshop/view/cart_view.php on line 23
[25-Aug-2017 02:30:55 UTC] PHP Stack trace:
[25-Aug-2017 02:30:55 UTC] PHP   1. {main}() /home/ubuntu/workspace/fruitshop/cart.php:0
[25-Aug-2017 02:30:55 UTC] PHP   2. include_once() /home/ubuntu/workspace/fruitshop/cart.php:21
[25-Aug-2017 02:32:00 UTC] PHP Warning:  Invalid argument supplied for foreach() in /home/ubuntu/workspace/fruitshop/view/cart_view.php on line 23
[25-Aug-2017 02:32:00 UTC] PHP Stack trace:
[25-Aug-2017 02:32:00 UTC] PHP   1. {main}() /home/ubuntu/workspace/fruitshop/cart.php:0
[25-Aug-2017 02:32:00 UTC] PHP   2. include_once() /home/ubuntu/workspace/fruitshop/cart.php:21
[25-Aug-2017 06:23:17 UTC] PHP Parse error:  syntax error, unexpected end of file in /home/ubuntu/workspace/fruitshop/view/info_view.php on line 166
[25-Aug-2017 06:23:17 UTC] PHP Stack trace:
[25-Aug-2017 06:23:17 UTC] PHP   1. {main}() /home/ubuntu/workspace/fruitshop/info.php:0
[25-Aug-2017 06:24:42 UTC] PHP Parse error:  syntax error, unexpected end of file in /home/ubuntu/workspace/fruitshop/view/info_view.php on line 165
[25-Aug-2017 06:24:42 UTC] PHP Stack trace:
[25-Aug-2017 06:24:42 UTC] PHP   1. {main}() /home/ubuntu/workspace/fruitshop/info.php:0
[25-Aug-2017 06:24:48 UTC] PHP Parse error:  syntax error, unexpected end of file in /home/ubuntu/workspace/fruitshop/view/info_view.php on line 165
[25-Aug-2017 06:24:48 UTC] PHP Stack trace:
[25-Aug-2017 06:24:48 UTC] PHP   1. {main}() /home/ubuntu/workspace/fruitshop/info.php:0
[25-Aug-2017 06:25:22 UTC] PHP Parse error:  syntax error, unexpected end of file in /home/ubuntu/workspace/fruitshop/view/info_view.php on line 165
[25-Aug-2017 06:25:22 UTC] PHP Stack trace:
[25-Aug-2017 06:25:22 UTC] PHP   1. {main}() /home/ubuntu/workspace/fruitshop/info.php:0
[25-Aug-2017 06:25:26 UTC] PHP Parse error:  syntax error, unexpected end of file in /home/ubuntu/workspace/fruitshop/view/info_view.php on line 165
[25-Aug-2017 06:25:26 UTC] PHP Stack trace:
[25-Aug-2017 06:25:26 UTC] PHP   1. {main}() /home/ubuntu/workspace/fruitshop/info.php:0
[25-Aug-2017 06:25:48 UTC] PHP Parse error:  syntax error, unexpected end of file in /home/ubuntu/workspace/fruitshop/view/info_view.php on line 165
[25-Aug-2017 06:25:48 UTC] PHP Stack trace:
[25-Aug-2017 06:25:48 UTC] PHP   1. {main}() /home/ubuntu/workspace/fruitshop/info.php:0
[25-Aug-2017 06:25:57 UTC] PHP Parse error:  syntax error, unexpected end of file in /home/ubuntu/workspace/fruitshop/view/info_view.php on line 165
[25-Aug-2017 06:25:57 UTC] PHP Stack trace:
[25-Aug-2017 06:25:57 UTC] PHP   1. {main}() /home/ubuntu/workspace/fruitshop/info.php:0
[25-Aug-2017 06:26:18 UTC] PHP Parse error:  syntax error, unexpected end of file in /home/ubuntu/workspace/fruitshop/view/info_view.php on line 165
[25-Aug-2017 06:26:18 UTC] PHP Stack trace:
[25-Aug-2017 06:26:18 UTC] PHP   1. {main}() /home/ubuntu/workspace/fruitshop/info.php:0
[25-Aug-2017 06:31:24 UTC] PHP Warning:  Invalid argument supplied for foreach() in /home/ubuntu/workspace/fruitshop/view/info_view.php on line 103
[25-Aug-2017 06:31:24 UTC] PHP Stack trace:
[25-Aug-2017 06:31:24 UTC] PHP   1. {main}() /home/ubuntu/workspace/fruitshop/info.php:0
[25-Aug-2017 06:31:24 UTC] PHP   2. include_once() /home/ubuntu/workspace/fruitshop/info.php:35
[25-Aug-2017 06:31:52 UTC] PHP Warning:  Invalid argument supplied for foreach() in /home/ubuntu/workspace/fruitshop/view/info_view.php on line 103
[25-Aug-2017 06:31:52 UTC] PHP Stack trace:
[25-Aug-2017 06:31:52 UTC] PHP   1. {main}() /home/ubuntu/workspace/fruitshop/info.php:0
[25-Aug-2017 06:31:52 UTC] PHP   2. include_once() /home/ubuntu/workspace/fruitshop/info.php:35
[25-Aug-2017 07:28:13 UTC] PHP Fatal error:  Cannot redeclare get_cart_product() (previously declared in /home/ubuntu/workspace/fruitshop/model/common.php:44) in /home/ubuntu/workspace/fruitshop/model/finish_model.php on line 2
[25-Aug-2017 07:28:13 UTC] PHP Stack trace:
[25-Aug-2017 07:28:13 UTC] PHP   1. {main}() /home/ubuntu/workspace/fruitshop/finish.php:0
[25-Aug-2017 07:30:35 UTC] PHP Fatal error:  Cannot redeclare get_cart_product() (previously declared in /home/ubuntu/workspace/fruitshop/model/common.php:44) in /home/ubuntu/workspace/fruitshop/model/finish_model.php on line 2
[25-Aug-2017 07:30:35 UTC] PHP Stack trace:
[25-Aug-2017 07:30:35 UTC] PHP   1. {main}() /home/ubuntu/workspace/fruitshop/finish.php:0
[25-Aug-2017 07:30:55 UTC] PHP Fatal error:  Cannot redeclare get_cart_product() (previously declared in /home/ubuntu/workspace/fruitshop/model/common.php:44) in /home/ubuntu/workspace/fruitshop/model/finish_model.php on line 2
[25-Aug-2017 07:30:55 UTC] PHP Stack trace:
[25-Aug-2017 07:30:55 UTC] PHP   1. {main}() /home/ubuntu/workspace/fruitshop/finish.php:0
[25-Aug-2017 09:10:12 UTC] PHP Warning:  Invalid argument supplied for foreach() in /home/ubuntu/workspace/fruitshop/view/info_view.php on line 56
[25-Aug-2017 09:10:12 UTC] PHP Stack trace:
[25-Aug-2017 09:10:12 UTC] PHP   1. {main}() /home/ubuntu/workspace/fruitshop/info.php:0
[25-Aug-2017 09:10:12 UTC] PHP   2. include_once() /home/ubuntu/workspace/fruitshop/info.php:49
[25-Aug-2017 09:12:10 UTC] PHP Warning:  Invalid argument supplied for foreach() in /home/ubuntu/workspace/fruitshop/view/info_view.php on line 119
[25-Aug-2017 09:12:10 UTC] PHP Stack trace:
[25-Aug-2017 09:12:10 UTC] PHP   1. {main}() /home/ubuntu/workspace/fruitshop/info.php:0
[25-Aug-2017 09:12:10 UTC] PHP   2. include_once() /home/ubuntu/workspace/fruitshop/info.php:35
[25-Aug-2017 09:12:16 UTC] PHP Warning:  Invalid argument supplied for foreach() in /home/ubuntu/workspace/fruitshop/view/info_view.php on line 119
[25-Aug-2017 09:12:16 UTC] PHP Stack trace:
[25-Aug-2017 09:12:16 UTC] PHP   1. {main}() /home/ubuntu/workspace/fruitshop/info.php:0
[25-Aug-2017 09:12:16 UTC] PHP   2. include_once() /home/ubuntu/workspace/fruitshop/info.php:35
[25-Aug-2017 09:12:16 UTC] PHP Warning:  Invalid argument supplied for foreach() in /home/ubuntu/workspace/fruitshop/view/info_view.php on line 119
[25-Aug-2017 09:12:16 UTC] PHP Stack trace:
[25-Aug-2017 09:12:16 UTC] PHP   1. {main}() /home/ubuntu/workspace/fruitshop/info.php:0
[25-Aug-2017 09:12:16 UTC] PHP   2. include_once() /home/ubuntu/workspace/fruitshop/info.php:35
[25-Aug-2017 09:12:17 UTC] PHP Warning:  Invalid argument supplied for foreach() in /home/ubuntu/workspace/fruitshop/view/info_view.php on line 119
[25-Aug-2017 09:12:17 UTC] PHP Stack trace:
[25-Aug-2017 09:12:17 UTC] PHP   1. {main}() /home/ubuntu/workspace/fruitshop/info.php:0
[25-Aug-2017 09:12:17 UTC] PHP   2. include_once() /home/ubuntu/workspace/fruitshop/info.php:35
[25-Aug-2017 09:12:17 UTC] PHP Warning:  Invalid argument supplied for foreach() in /home/ubuntu/workspace/fruitshop/view/info_view.php on line 119
[25-Aug-2017 09:12:17 UTC] PHP Stack trace:
[25-Aug-2017 09:12:17 UTC] PHP   1. {main}() /home/ubuntu/workspace/fruitshop/info.php:0
[25-Aug-2017 09:12:17 UTC] PHP   2. include_once() /home/ubuntu/workspace/fruitshop/info.php:35
[25-Aug-2017 09:12:17 UTC] PHP Warning:  Invalid argument supplied for foreach() in /home/ubuntu/workspace/fruitshop/view/info_view.php on line 119
[25-Aug-2017 09:12:17 UTC] PHP Stack trace:
[25-Aug-2017 09:12:17 UTC] PHP   1. {main}() /home/ubuntu/workspace/fruitshop/info.php:0
[25-Aug-2017 09:12:17 UTC] PHP   2. include_once() /home/ubuntu/workspace/fruitshop/info.php:35
[25-Aug-2017 09:12:17 UTC] PHP Warning:  Invalid argument supplied for foreach() in /home/ubuntu/workspace/fruitshop/view/info_view.php on line 119
[25-Aug-2017 09:12:17 UTC] PHP Stack trace:
[25-Aug-2017 09:12:17 UTC] PHP   1. {main}() /home/ubuntu/workspace/fruitshop/info.php:0
[25-Aug-2017 09:12:17 UTC] PHP   2. include_once() /home/ubuntu/workspace/fruitshop/info.php:35
[25-Aug-2017 09:12:17 UTC] PHP Warning:  Invalid argument supplied for foreach() in /home/ubuntu/workspace/fruitshop/view/info_view.php on line 119
[25-Aug-2017 09:12:17 UTC] PHP Stack trace:
[25-Aug-2017 09:12:17 UTC] PHP   1. {main}() /home/ubuntu/workspace/fruitshop/info.php:0
[25-Aug-2017 09:12:17 UTC] PHP   2. include_once() /home/ubuntu/workspace/fruitshop/info.php:35
[25-Aug-2017 09:12:18 UTC] PHP Warning:  Invalid argument supplied for foreach() in /home/ubuntu/workspace/fruitshop/view/info_view.php on line 119
[25-Aug-2017 09:12:18 UTC] PHP Stack trace:
[25-Aug-2017 09:12:18 UTC] PHP   1. {main}() /home/ubuntu/workspace/fruitshop/info.php:0
[25-Aug-2017 09:12:18 UTC] PHP   2. include_once() /home/ubuntu/workspace/fruitshop/info.php:35
[25-Aug-2017 09:12:18 UTC] PHP Warning:  Invalid argument supplied for foreach() in /home/ubuntu/workspace/fruitshop/view/info_view.php on line 119
[25-Aug-2017 09:12:18 UTC] PHP Stack trace:
[25-Aug-2017 09:12:18 UTC] PHP   1. {main}() /home/ubuntu/workspace/fruitshop/info.php:0
[25-Aug-2017 09:12:18 UTC] PHP   2. include_once() /home/ubuntu/workspace/fruitshop/info.php:35
[25-Aug-2017 09:12:18 UTC] PHP Warning:  Invalid argument supplied for foreach() in /home/ubuntu/workspace/fruitshop/view/info_view.php on line 119
[25-Aug-2017 09:12:18 UTC] PHP Stack trace:
[25-Aug-2017 09:12:18 UTC] PHP   1. {main}() /home/ubuntu/workspace/fruitshop/info.php:0
[25-Aug-2017 09:12:18 UTC] PHP   2. include_once() /home/ubuntu/workspace/fruitshop/info.php:35
[25-Aug-2017 09:12:18 UTC] PHP Warning:  Invalid argument supplied for foreach() in /home/ubuntu/workspace/fruitshop/view/info_view.php on line 119
[25-Aug-2017 09:12:18 UTC] PHP Stack trace:
[25-Aug-2017 09:12:18 UTC] PHP   1. {main}() /home/ubuntu/workspace/fruitshop/info.php:0
[25-Aug-2017 09:12:18 UTC] PHP   2. include_once() /home/ubuntu/workspace/fruitshop/info.php:35
[25-Aug-2017 09:12:18 UTC] PHP Warning:  Invalid argument supplied for foreach() in /home/ubuntu/workspace/fruitshop/view/info_view.php on line 119
[25-Aug-2017 09:12:18 UTC] PHP Stack trace:
[25-Aug-2017 09:12:18 UTC] PHP   1. {main}() /home/ubuntu/workspace/fruitshop/info.php:0
[25-Aug-2017 09:12:18 UTC] PHP   2. include_once() /home/ubuntu/workspace/fruitshop/info.php:35
[25-Aug-2017 09:12:19 UTC] PHP Warning:  Invalid argument supplied for foreach() in /home/ubuntu/workspace/fruitshop/view/info_view.php on line 119
[25-Aug-2017 09:12:19 UTC] PHP Stack trace:
[25-Aug-2017 09:12:19 UTC] PHP   1. {main}() /home/ubuntu/workspace/fruitshop/info.php:0
[25-Aug-2017 09:12:19 UTC] PHP   2. include_once() /home/ubuntu/workspace/fruitshop/info.php:35
[25-Aug-2017 09:12:19 UTC] PHP Warning:  Invalid argument supplied for foreach() in /home/ubuntu/workspace/fruitshop/view/info_view.php on line 119
[25-Aug-2017 09:12:19 UTC] PHP Stack trace:
[25-Aug-2017 09:12:19 UTC] PHP   1. {main}() /home/ubuntu/workspace/fruitshop/info.php:0
[25-Aug-2017 09:12:19 UTC] PHP   2. include_once() /home/ubuntu/workspace/fruitshop/info.php:35
[25-Aug-2017 09:12:20 UTC] PHP Warning:  Invalid argument supplied for foreach() in /home/ubuntu/workspace/fruitshop/view/info_view.php on line 119
[25-Aug-2017 09:12:20 UTC] PHP Stack trace:
[25-Aug-2017 09:12:20 UTC] PHP   1. {main}() /home/ubuntu/workspace/fruitshop/info.php:0
[25-Aug-2017 09:12:20 UTC] PHP   2. include_once() /home/ubuntu/workspace/fruitshop/info.php:35
[25-Aug-2017 09:12:20 UTC] PHP Warning:  Invalid argument supplied for foreach() in /home/ubuntu/workspace/fruitshop/view/info_view.php on line 119
[25-Aug-2017 09:12:20 UTC] PHP Stack trace:
[25-Aug-2017 09:12:20 UTC] PHP   1. {main}() /home/ubuntu/workspace/fruitshop/info.php:0
[25-Aug-2017 09:12:20 UTC] PHP   2. include_once() /home/ubuntu/workspace/fruitshop/info.php:35
[25-Aug-2017 09:12:21 UTC] PHP Warning:  Invalid argument supplied for foreach() in /home/ubuntu/workspace/fruitshop/view/info_view.php on line 119
[25-Aug-2017 09:12:21 UTC] PHP Stack trace:
[25-Aug-2017 09:12:21 UTC] PHP   1. {main}() /home/ubuntu/workspace/fruitshop/info.php:0
[25-Aug-2017 09:12:21 UTC] PHP   2. include_once() /home/ubuntu/workspace/fruitshop/info.php:35
[25-Aug-2017 09:12:35 UTC] PHP Warning:  Invalid argument supplied for foreach() in /home/ubuntu/workspace/fruitshop/view/info_view.php on line 119
[25-Aug-2017 09:12:35 UTC] PHP Stack trace:
[25-Aug-2017 09:12:35 UTC] PHP   1. {main}() /home/ubuntu/workspace/fruitshop/info.php:0
[25-Aug-2017 09:12:35 UTC] PHP   2. include_once() /home/ubuntu/workspace/fruitshop/info.php:35
[25-Aug-2017 09:12:48 UTC] PHP Warning:  Invalid argument supplied for foreach() in /home/ubuntu/workspace/fruitshop/view/info_view.php on line 119
[25-Aug-2017 09:12:48 UTC] PHP Stack trace:
[25-Aug-2017 09:12:48 UTC] PHP   1. {main}() /home/ubuntu/workspace/fruitshop/info.php:0
[25-Aug-2017 09:12:48 UTC] PHP   2. include_once() /home/ubuntu/workspace/fruitshop/info.php:35
[25-Aug-2017 09:13:48 UTC] PHP Warning:  Invalid argument supplied for foreach() in /home/ubuntu/workspace/fruitshop/view/info_view.php on line 119
[25-Aug-2017 09:13:48 UTC] PHP Stack trace:
[25-Aug-2017 09:13:48 UTC] PHP   1. {main}() /home/ubuntu/workspace/fruitshop/info.php:0
[25-Aug-2017 09:13:48 UTC] PHP   2. include_once() /home/ubuntu/workspace/fruitshop/info.php:36
[25-Aug-2017 09:13:54 UTC] PHP Warning:  Invalid argument supplied for foreach() in /home/ubuntu/workspace/fruitshop/view/info_view.php on line 119
[25-Aug-2017 09:13:54 UTC] PHP Stack trace:
[25-Aug-2017 09:13:54 UTC] PHP   1. {main}() /home/ubuntu/workspace/fruitshop/info.php:0
[25-Aug-2017 09:13:54 UTC] PHP   2. include_once() /home/ubuntu/workspace/fruitshop/info.php:36
[25-Aug-2017 22:09:58 UTC] PHP Warning:  Invalid argument supplied for foreach() in /home/ubuntu/workspace/fruitshop/view/finish_view.php on line 36
[25-Aug-2017 22:09:58 UTC] PHP Stack trace:
[25-Aug-2017 22:09:58 UTC] PHP   1. {main}() /home/ubuntu/workspace/fruitshop/finish.php:0
[25-Aug-2017 22:09:58 UTC] PHP   2. include_once() /home/ubuntu/workspace/fruitshop/finish.php:50
[25-Aug-2017 22:10:16 UTC] PHP Warning:  Invalid argument supplied for foreach() in /home/ubuntu/workspace/fruitshop/view/finish_view.php on line 36
[25-Aug-2017 22:10:16 UTC] PHP Stack trace:
[25-Aug-2017 22:10:16 UTC] PHP   1. {main}() /home/ubuntu/workspace/fruitshop/finish.php:0
[25-Aug-2017 22:10:16 UTC] PHP   2. include_once() /home/ubuntu/workspace/fruitshop/finish.php:50
[25-Aug-2017 22:13:28 UTC] PHP Warning:  Invalid argument supplied for foreach() in /home/ubuntu/workspace/fruitshop/view/finish_view.php on line 36
[25-Aug-2017 22:13:28 UTC] PHP Stack trace:
[25-Aug-2017 22:13:28 UTC] PHP   1. {main}() /home/ubuntu/workspace/fruitshop/finish.php:0
[25-Aug-2017 22:13:28 UTC] PHP   2. include_once() /home/ubuntu/workspace/fruitshop/finish.php:50
[25-Aug-2017 22:13:40 UTC] PHP Warning:  Invalid argument supplied for foreach() in /home/ubuntu/workspace/fruitshop/view/finish_view.php on line 36
[25-Aug-2017 22:13:40 UTC] PHP Stack trace:
[25-Aug-2017 22:13:40 UTC] PHP   1. {main}() /home/ubuntu/workspace/fruitshop/finish.php:0
[25-Aug-2017 22:13:40 UTC] PHP   2. include_once() /home/ubuntu/workspace/fruitshop/finish.php:50
[25-Aug-2017 22:18:09 UTC] PHP Warning:  Illegal string offset 'id' in /home/ubuntu/workspace/fruitshop/finish.php on line 27
[25-Aug-2017 22:18:09 UTC] PHP Stack trace:
[25-Aug-2017 22:18:09 UTC] PHP   1. {main}() /home/ubuntu/workspace/fruitshop/finish.php:0
[25-Aug-2017 22:18:09 UTC] PHP Warning:  Illegal string offset 'price' in /home/ubuntu/workspace/fruitshop/finish.php on line 28
[25-Aug-2017 22:18:09 UTC] PHP Stack trace:
[25-Aug-2017 22:18:09 UTC] PHP   1. {main}() /home/ubuntu/workspace/fruitshop/finish.php:0
[25-Aug-2017 22:18:09 UTC] PHP Warning:  Illegal string offset 'stock' in /home/ubuntu/workspace/fruitshop/finish.php on line 29
[25-Aug-2017 22:18:09 UTC] PHP Stack trace:
[25-Aug-2017 22:18:09 UTC] PHP   1. {main}() /home/ubuntu/workspace/fruitshop/finish.php:0
[25-Aug-2017 22:18:09 UTC] PHP Warning:  Illegal string offset 'id' in /home/ubuntu/workspace/fruitshop/finish.php on line 27
[25-Aug-2017 22:18:09 UTC] PHP Stack trace:
[25-Aug-2017 22:18:09 UTC] PHP   1. {main}() /home/ubuntu/workspace/fruitshop/finish.php:0
[25-Aug-2017 22:18:09 UTC] PHP Warning:  Illegal string offset 'price' in /home/ubuntu/workspace/fruitshop/finish.php on line 28
[25-Aug-2017 22:18:09 UTC] PHP Stack trace:
[25-Aug-2017 22:18:09 UTC] PHP   1. {main}() /home/ubuntu/workspace/fruitshop/finish.php:0
[25-Aug-2017 22:18:09 UTC] PHP Warning:  Illegal string offset 'stock' in /home/ubuntu/workspace/fruitshop/finish.php on line 29
[25-Aug-2017 22:18:09 UTC] PHP Stack trace:
[25-Aug-2017 22:18:09 UTC] PHP   1. {main}() /home/ubuntu/workspace/fruitshop/finish.php:0
[25-Aug-2017 22:18:09 UTC] PHP Warning:  Illegal string offset 'id' in /home/ubuntu/workspace/fruitshop/finish.php on line 27
[25-Aug-2017 22:18:09 UTC] PHP Stack trace:
[25-Aug-2017 22:18:09 UTC] PHP   1. {main}() /home/ubuntu/workspace/fruitshop/finish.php:0
[25-Aug-2017 22:18:09 UTC] PHP Warning:  Illegal string offset 'price' in /home/ubuntu/workspace/fruitshop/finish.php on line 28
[25-Aug-2017 22:18:09 UTC] PHP Stack trace:
[25-Aug-2017 22:18:09 UTC] PHP   1. {main}() /home/ubuntu/workspace/fruitshop/finish.php:0
[25-Aug-2017 22:18:09 UTC] PHP Warning:  Illegal string offset 'stock' in /home/ubuntu/workspace/fruitshop/finish.php on line 29
[25-Aug-2017 22:18:09 UTC] PHP Stack trace:
[25-Aug-2017 22:18:09 UTC] PHP   1. {main}() /home/ubuntu/workspace/fruitshop/finish.php:0
[25-Aug-2017 22:18:09 UTC] PHP Warning:  Illegal string offset 'id' in /home/ubuntu/workspace/fruitshop/finish.php on line 27
[25-Aug-2017 22:18:09 UTC] PHP Stack trace:
[25-Aug-2017 22:18:09 UTC] PHP   1. {main}() /home/ubuntu/workspace/fruitshop/finish.php:0
[25-Aug-2017 22:18:09 UTC] PHP Warning:  Illegal string offset 'price' in /home/ubuntu/workspace/fruitshop/finish.php on line 28
[25-Aug-2017 22:18:09 UTC] PHP Stack trace:
[25-Aug-2017 22:18:09 UTC] PHP   1. {main}() /home/ubuntu/workspace/fruitshop/finish.php:0
[25-Aug-2017 22:18:09 UTC] PHP Warning:  Illegal string offset 'stock' in /home/ubuntu/workspace/fruitshop/finish.php on line 29
[25-Aug-2017 22:18:09 UTC] PHP Stack trace:
[25-Aug-2017 22:18:09 UTC] PHP   1. {main}() /home/ubuntu/workspace/fruitshop/finish.php:0
[25-Aug-2017 22:18:09 UTC] PHP Warning:  Illegal string offset 'id' in /home/ubuntu/workspace/fruitshop/finish.php on line 27
[25-Aug-2017 22:18:09 UTC] PHP Stack trace:
[25-Aug-2017 22:18:09 UTC] PHP   1. {main}() /home/ubuntu/workspace/fruitshop/finish.php:0
[25-Aug-2017 22:18:09 UTC] PHP Warning:  Illegal string offset 'price' in /home/ubuntu/workspace/fruitshop/finish.php on line 28
[25-Aug-2017 22:18:09 UTC] PHP Stack trace:
[25-Aug-2017 22:18:09 UTC] PHP   1. {main}() /home/ubuntu/workspace/fruitshop/finish.php:0
[25-Aug-2017 22:18:09 UTC] PHP Warning:  Illegal string offset 'stock' in /home/ubuntu/workspace/fruitshop/finish.php on line 29
[25-Aug-2017 22:18:09 UTC] PHP Stack trace:
[25-Aug-2017 22:18:09 UTC] PHP   1. {main}() /home/ubuntu/workspace/fruitshop/finish.php:0
[25-Aug-2017 22:18:09 UTC] PHP Warning:  Illegal string offset 'id' in /home/ubuntu/workspace/fruitshop/finish.php on line 27
[25-Aug-2017 22:18:09 UTC] PHP Stack trace:
[25-Aug-2017 22:18:09 UTC] PHP   1. {main}() /home/ubuntu/workspace/fruitshop/finish.php:0
[25-Aug-2017 22:18:09 UTC] PHP Warning:  Illegal string offset 'price' in /home/ubuntu/workspace/fruitshop/finish.php on line 28
[25-Aug-2017 22:18:09 UTC] PHP Stack trace:
[25-Aug-2017 22:18:09 UTC] PHP   1. {main}() /home/ubuntu/workspace/fruitshop/finish.php:0
[25-Aug-2017 22:18:09 UTC] PHP Warning:  Illegal string offset 'stock' in /home/ubuntu/workspace/fruitshop/finish.php on line 29
[25-Aug-2017 22:18:09 UTC] PHP Stack trace:
[25-Aug-2017 22:18:09 UTC] PHP   1. {main}() /home/ubuntu/workspace/fruitshop/finish.php:0
[25-Aug-2017 22:18:09 UTC] PHP Warning:  Illegal string offset 'id' in /home/ubuntu/workspace/fruitshop/finish.php on line 27
[25-Aug-2017 22:18:09 UTC] PHP Stack trace:
[25-Aug-2017 22:18:09 UTC] PHP   1. {main}() /home/ubuntu/workspace/fruitshop/finish.php:0
[25-Aug-2017 22:18:09 UTC] PHP Warning:  Illegal string offset 'price' in /home/ubuntu/workspace/fruitshop/finish.php on line 28
[25-Aug-2017 22:18:09 UTC] PHP Stack trace:
[25-Aug-2017 22:18:09 UTC] PHP   1. {main}() /home/ubuntu/workspace/fruitshop/finish.php:0
[25-Aug-2017 22:18:09 UTC] PHP Warning:  Illegal string offset 'stock' in /home/ubuntu/workspace/fruitshop/finish.php on line 29
[25-Aug-2017 22:18:09 UTC] PHP Stack trace:
[25-Aug-2017 22:18:09 UTC] PHP   1. {main}() /home/ubuntu/workspace/fruitshop/finish.php:0
[25-Aug-2017 22:18:09 UTC] PHP Warning:  Illegal string offset 'id' in /home/ubuntu/workspace/fruitshop/finish.php on line 27
[25-Aug-2017 22:18:09 UTC] PHP Stack trace:
[25-Aug-2017 22:18:09 UTC] PHP   1. {main}() /home/ubuntu/workspace/fruitshop/finish.php:0
[25-Aug-2017 22:18:09 UTC] PHP Warning:  Illegal string offset 'price' in /home/ubuntu/workspace/fruitshop/finish.php on line 28
[25-Aug-2017 22:18:09 UTC] PHP Stack trace:
[25-Aug-2017 22:18:09 UTC] PHP   1. {main}() /home/ubuntu/workspace/fruitshop/finish.php:0
[25-Aug-2017 22:18:09 UTC] PHP Warning:  Illegal string offset 'stock' in /home/ubuntu/workspace/fruitshop/finish.php on line 29
[25-Aug-2017 22:18:09 UTC] PHP Stack trace:
[25-Aug-2017 22:18:09 UTC] PHP   1. {main}() /home/ubuntu/workspace/fruitshop/finish.php:0
[25-Aug-2017 22:18:09 UTC] PHP Warning:  Illegal string offset 'id' in /home/ubuntu/workspace/fruitshop/finish.php on line 27
[25-Aug-2017 22:18:09 UTC] PHP Stack trace:
[25-Aug-2017 22:18:09 UTC] PHP   1. {main}() /home/ubuntu/workspace/fruitshop/finish.php:0
[25-Aug-2017 22:18:09 UTC] PHP Warning:  Illegal string offset 'price' in /home/ubuntu/workspace/fruitshop/finish.php on line 28
[25-Aug-2017 22:18:09 UTC] PHP Stack trace:
[25-Aug-2017 22:18:09 UTC] PHP   1. {main}() /home/ubuntu/workspace/fruitshop/finish.php:0
[25-Aug-2017 22:18:09 UTC] PHP Warning:  Illegal string offset 'stock' in /home/ubuntu/workspace/fruitshop/finish.php on line 29
[25-Aug-2017 22:18:09 UTC] PHP Stack trace:
[25-Aug-2017 22:18:09 UTC] PHP   1. {main}() /home/ubuntu/workspace/fruitshop/finish.php:0
[25-Aug-2017 22:18:09 UTC] PHP Warning:  Illegal string offset 'id' in /home/ubuntu/workspace/fruitshop/finish.php on line 27
[25-Aug-2017 22:18:09 UTC] PHP Stack trace:
[25-Aug-2017 22:18:09 UTC] PHP   1. {main}() /home/ubuntu/workspace/fruitshop/finish.php:0
[25-Aug-2017 22:18:09 UTC] PHP Warning:  Illegal string offset 'price' in /home/ubuntu/workspace/fruitshop/finish.php on line 28
[25-Aug-2017 22:18:09 UTC] PHP Stack trace:
[25-Aug-2017 22:18:09 UTC] PHP   1. {main}() /home/ubuntu/workspace/fruitshop/finish.php:0
[25-Aug-2017 22:18:09 UTC] PHP Warning:  Illegal string offset 'stock' in /home/ubuntu/workspace/fruitshop/finish.php on line 29
[25-Aug-2017 22:18:09 UTC] PHP Stack trace:
[25-Aug-2017 22:18:09 UTC] PHP   1. {main}() /home/ubuntu/workspace/fruitshop/finish.php:0
[25-Aug-2017 22:18:09 UTC] PHP Warning:  Illegal string offset 'img' in /home/ubuntu/workspace/fruitshop/view/finish_view.php on line 40
[25-Aug-2017 22:18:09 UTC] PHP Stack trace:
[25-Aug-2017 22:18:09 UTC] PHP   1. {main}() /home/ubuntu/workspace/fruitshop/finish.php:0
[25-Aug-2017 22:18:09 UTC] PHP   2. include_once() /home/ubuntu/workspace/fruitshop/finish.php:51
[25-Aug-2017 22:18:09 UTC] PHP Warning:  Illegal string offset 'name' in /home/ubuntu/workspace/fruitshop/view/finish_view.php on line 42
[25-Aug-2017 22:18:09 UTC] PHP Stack trace:
[25-Aug-2017 22:18:09 UTC] PHP   1. {main}() /home/ubuntu/workspace/fruitshop/finish.php:0
[25-Aug-2017 22:18:09 UTC] PHP   2. include_once() /home/ubuntu/workspace/fruitshop/finish.php:51
[25-Aug-2017 22:18:09 UTC] PHP Warning:  Illegal string offset 'price' in /home/ubuntu/workspace/fruitshop/view/finish_view.php on line 43
[25-Aug-2017 22:18:09 UTC] PHP Stack trace:
[25-Aug-2017 22:18:09 UTC] PHP   1. {main}() /home/ubuntu/workspace/fruitshop/finish.php:0
[25-Aug-2017 22:18:09 UTC] PHP   2. include_once() /home/ubuntu/workspace/fruitshop/finish.php:51
[25-Aug-2017 22:18:09 UTC] PHP Warning:  Illegal string offset 'description' in /home/ubuntu/workspace/fruitshop/view/finish_view.php on line 44
[25-Aug-2017 22:18:09 UTC] PHP Stack trace:
[25-Aug-2017 22:18:09 UTC] PHP   1. {main}() /home/ubuntu/workspace/fruitshop/finish.php:0
[25-Aug-2017 22:18:09 UTC] PHP   2. include_once() /home/ubuntu/workspace/fruitshop/finish.php:51
[25-Aug-2017 22:18:09 UTC] PHP Warning:  Illegal string offset 'img' in /home/ubuntu/workspace/fruitshop/view/finish_view.php on line 40
[25-Aug-2017 22:18:09 UTC] PHP Stack trace:
[25-Aug-2017 22:18:09 UTC] PHP   1. {main}() /home/ubuntu/workspace/fruitshop/finish.php:0
[25-Aug-2017 22:18:09 UTC] PHP   2. include_once() /home/ubuntu/workspace/fruitshop/finish.php:51
[25-Aug-2017 22:18:09 UTC] PHP Warning:  Illegal string offset 'name' in /home/ubuntu/workspace/fruitshop/view/finish_view.php on line 42
[25-Aug-2017 22:18:09 UTC] PHP Stack trace:
[25-Aug-2017 22:18:09 UTC] PHP   1. {main}() /home/ubuntu/workspace/fruitshop/finish.php:0
[25-Aug-2017 22:18:09 UTC] PHP   2. include_once() /home/ubuntu/workspace/fruitshop/finish.php:51
[25-Aug-2017 22:18:09 UTC] PHP Warning:  Illegal string offset 'price' in /home/ubuntu/workspace/fruitshop/view/finish_view.php on line 43
[25-Aug-2017 22:18:09 UTC] PHP Stack trace:
[25-Aug-2017 22:18:09 UTC] PHP   1. {main}() /home/ubuntu/workspace/fruitshop/finish.php:0
[25-Aug-2017 22:18:09 UTC] PHP   2. include_once() /home/ubuntu/workspace/fruitshop/finish.php:51
[25-Aug-2017 22:18:09 UTC] PHP Warning:  Illegal string offset 'description' in /home/ubuntu/workspace/fruitshop/view/finish_view.php on line 44
[25-Aug-2017 22:18:09 UTC] PHP Stack trace:
[25-Aug-2017 22:18:09 UTC] PHP   1. {main}() /home/ubuntu/workspace/fruitshop/finish.php:0
[25-Aug-2017 22:18:09 UTC] PHP   2. include_once() /home/ubuntu/workspace/fruitshop/finish.php:51
[25-Aug-2017 22:18:09 UTC] PHP Warning:  Illegal string offset 'img' in /home/ubuntu/workspace/fruitshop/view/finish_view.php on line 40
[25-Aug-2017 22:18:09 UTC] PHP Stack trace:
[25-Aug-2017 22:18:09 UTC] PHP   1. {main}() /home/ubuntu/workspace/fruitshop/finish.php:0
[25-Aug-2017 22:18:09 UTC] PHP   2. include_once() /home/ubuntu/workspace/fruitshop/finish.php:51
[25-Aug-2017 22:18:09 UTC] PHP Warning:  Illegal string offset 'name' in /home/ubuntu/workspace/fruitshop/view/finish_view.php on line 42
[25-Aug-2017 22:18:09 UTC] PHP Stack trace:
[25-Aug-2017 22:18:09 UTC] PHP   1. {main}() /home/ubuntu/workspace/fruitshop/finish.php:0
[25-Aug-2017 22:18:09 UTC] PHP   2. include_once() /home/ubuntu/workspace/fruitshop/finish.php:51
[25-Aug-2017 22:18:09 UTC] PHP Warning:  Illegal string offset 'price' in /home/ubuntu/workspace/fruitshop/view/finish_view.php on line 43
[25-Aug-2017 22:18:09 UTC] PHP Stack trace:
[25-Aug-2017 22:18:09 UTC] PHP   1. {main}() /home/ubuntu/workspace/fruitshop/finish.php:0
[25-Aug-2017 22:18:09 UTC] PHP   2. include_once() /home/ubuntu/workspace/fruitshop/finish.php:51
[25-Aug-2017 22:18:09 UTC] PHP Warning:  Illegal string offset 'description' in /home/ubuntu/workspace/fruitshop/view/finish_view.php on line 44
[25-Aug-2017 22:18:09 UTC] PHP Stack trace:
[25-Aug-2017 22:18:09 UTC] PHP   1. {main}() /home/ubuntu/workspace/fruitshop/finish.php:0
[25-Aug-2017 22:18:09 UTC] PHP   2. include_once() /home/ubuntu/workspace/fruitshop/finish.php:51
[25-Aug-2017 22:18:09 UTC] PHP Warning:  Illegal string offset 'img' in /home/ubuntu/workspace/fruitshop/view/finish_view.php on line 40
[25-Aug-2017 22:18:09 UTC] PHP Stack trace:
[25-Aug-2017 22:18:09 UTC] PHP   1. {main}() /home/ubuntu/workspace/fruitshop/finish.php:0
[25-Aug-2017 22:18:09 UTC] PHP   2. include_once() /home/ubuntu/workspace/fruitshop/finish.php:51
[25-Aug-2017 22:18:09 UTC] PHP Warning:  Illegal string offset 'name' in /home/ubuntu/workspace/fruitshop/view/finish_view.php on line 42
[25-Aug-2017 22:18:09 UTC] PHP Stack trace:
[25-Aug-2017 22:18:09 UTC] PHP   1. {main}() /home/ubuntu/workspace/fruitshop/finish.php:0
[25-Aug-2017 22:18:09 UTC] PHP   2. include_once() /home/ubuntu/workspace/fruitshop/finish.php:51
[25-Aug-2017 22:18:09 UTC] PHP Warning:  Illegal string offset 'price' in /home/ubuntu/workspace/fruitshop/view/finish_view.php on line 43
[25-Aug-2017 22:18:09 UTC] PHP Stack trace:
[25-Aug-2017 22:18:09 UTC] PHP   1. {main}() /home/ubuntu/workspace/fruitshop/finish.php:0
[25-Aug-2017 22:18:09 UTC] PHP   2. include_once() /home/ubuntu/workspace/fruitshop/finish.php:51
[25-Aug-2017 22:18:09 UTC] PHP Warning:  Illegal string offset 'description' in /home/ubuntu/workspace/fruitshop/view/finish_view.php on line 44
[25-Aug-2017 22:18:09 UTC] PHP Stack trace:
[25-Aug-2017 22:18:09 UTC] PHP   1. {main}() /home/ubuntu/workspace/fruitshop/finish.php:0
[25-Aug-2017 22:18:09 UTC] PHP   2. include_once() /home/ubuntu/workspace/fruitshop/finish.php:51
[25-Aug-2017 22:18:09 UTC] PHP Warning:  Illegal string offset 'img' in /home/ubuntu/workspace/fruitshop/view/finish_view.php on line 40
[25-Aug-2017 22:18:09 UTC] PHP Stack trace:
[25-Aug-2017 22:18:09 UTC] PHP   1. {main}() /home/ubuntu/workspace/fruitshop/finish.php:0
[25-Aug-2017 22:18:09 UTC] PHP   2. include_once() /home/ubuntu/workspace/fruitshop/finish.php:51
[25-Aug-2017 22:18:09 UTC] PHP Warning:  Illegal string offset 'name' in /home/ubuntu/workspace/fruitshop/view/finish_view.php on line 42
[25-Aug-2017 22:18:09 UTC] PHP Stack trace:
[25-Aug-2017 22:18:09 UTC] PHP   1. {main}() /home/ubuntu/workspace/fruitshop/finish.php:0
[25-Aug-2017 22:18:09 UTC] PHP   2. include_once() /home/ubuntu/workspace/fruitshop/finish.php:51
[25-Aug-2017 22:18:09 UTC] PHP Warning:  Illegal string offset 'price' in /home/ubuntu/workspace/fruitshop/view/finish_view.php on line 43
[25-Aug-2017 22:18:09 UTC] PHP Stack trace:
[25-Aug-2017 22:18:09 UTC] PHP   1. {main}() /home/ubuntu/workspace/fruitshop/finish.php:0
[25-Aug-2017 22:18:09 UTC] PHP   2. include_once() /home/ubuntu/workspace/fruitshop/finish.php:51
[25-Aug-2017 22:18:09 UTC] PHP Warning:  Illegal string offset 'description' in /home/ubuntu/workspace/fruitshop/view/finish_view.php on line 44
[25-Aug-2017 22:18:09 UTC] PHP Stack trace:
[25-Aug-2017 22:18:09 UTC] PHP   1. {main}() /home/ubuntu/workspace/fruitshop/finish.php:0
[25-Aug-2017 22:18:09 UTC] PHP   2. include_once() /home/ubuntu/workspace/fruitshop/finish.php:51
[25-Aug-2017 22:18:09 UTC] PHP Warning:  Illegal string offset 'img' in /home/ubuntu/workspace/fruitshop/view/finish_view.php on line 40
[25-Aug-2017 22:18:09 UTC] PHP Stack trace:
[25-Aug-2017 22:18:09 UTC] PHP   1. {main}() /home/ubuntu/workspace/fruitshop/finish.php:0
[25-Aug-2017 22:18:09 UTC] PHP   2. include_once() /home/ubuntu/workspace/fruitshop/finish.php:51
[25-Aug-2017 22:18:09 UTC] PHP Warning:  Illegal string offset 'name' in /home/ubuntu/workspace/fruitshop/view/finish_view.php on line 42
[25-Aug-2017 22:18:09 UTC] PHP Stack trace:
[25-Aug-2017 22:18:09 UTC] PHP   1. {main}() /home/ubuntu/workspace/fruitshop/finish.php:0
[25-Aug-2017 22:18:09 UTC] PHP   2. include_once() /home/ubuntu/workspace/fruitshop/finish.php:51
[25-Aug-2017 22:18:09 UTC] PHP Warning:  Illegal string offset 'price' in /home/ubuntu/workspace/fruitshop/view/finish_view.php on line 43
[25-Aug-2017 22:18:09 UTC] PHP Stack trace:
[25-Aug-2017 22:18:09 UTC] PHP   1. {main}() /home/ubuntu/workspace/fruitshop/finish.php:0
[25-Aug-2017 22:18:09 UTC] PHP   2. include_once() /home/ubuntu/workspace/fruitshop/finish.php:51
[25-Aug-2017 22:18:09 UTC] PHP Warning:  Illegal string offset 'description' in /home/ubuntu/workspace/fruitshop/view/finish_view.php on line 44
[25-Aug-2017 22:18:09 UTC] PHP Stack trace:
[25-Aug-2017 22:18:09 UTC] PHP   1. {main}() /home/ubuntu/workspace/fruitshop/finish.php:0
[25-Aug-2017 22:18:09 UTC] PHP   2. include_once() /home/ubuntu/workspace/fruitshop/finish.php:51
[25-Aug-2017 22:18:09 UTC] PHP Warning:  Illegal string offset 'img' in /home/ubuntu/workspace/fruitshop/view/finish_view.php on line 40
[25-Aug-2017 22:18:09 UTC] PHP Stack trace:
[25-Aug-2017 22:18:09 UTC] PHP   1. {main}() /home/ubuntu/workspace/fruitshop/finish.php:0
[25-Aug-2017 22:18:09 UTC] PHP   2. include_once() /home/ubuntu/workspace/fruitshop/finish.php:51
[25-Aug-2017 22:18:09 UTC] PHP Warning:  Illegal string offset 'name' in /home/ubuntu/workspace/fruitshop/view/finish_view.php on line 42
[25-Aug-2017 22:18:09 UTC] PHP Stack trace:
[25-Aug-2017 22:18:09 UTC] PHP   1. {main}() /home/ubuntu/workspace/fruitshop/finish.php:0
[25-Aug-2017 22:18:09 UTC] PHP   2. include_once() /home/ubuntu/workspace/fruitshop/finish.php:51
[25-Aug-2017 22:18:09 UTC] PHP Warning:  Illegal string offset 'price' in /home/ubuntu/workspace/fruitshop/view/finish_view.php on line 43
[25-Aug-2017 22:18:09 UTC] PHP Stack trace:
[25-Aug-2017 22:18:09 UTC] PHP   1. {main}() /home/ubuntu/workspace/fruitshop/finish.php:0
[25-Aug-2017 22:18:09 UTC] PHP   2. include_once() /home/ubuntu/workspace/fruitshop/finish.php:51
[25-Aug-2017 22:18:09 UTC] PHP Warning:  Illegal string offset 'description' in /home/ubuntu/workspace/fruitshop/view/finish_view.php on line 44
[25-Aug-2017 22:18:09 UTC] PHP Stack trace:
[25-Aug-2017 22:18:09 UTC] PHP   1. {main}() /home/ubuntu/workspace/fruitshop/finish.php:0
[25-Aug-2017 22:18:09 UTC] PHP   2. include_once() /home/ubuntu/workspace/fruitshop/finish.php:51
[25-Aug-2017 22:18:09 UTC] PHP Warning:  Illegal string offset 'img' in /home/ubuntu/workspace/fruitshop/view/finish_view.php on line 40
[25-Aug-2017 22:18:09 UTC] PHP Stack trace:
[25-Aug-2017 22:18:09 UTC] PHP   1. {main}() /home/ubuntu/workspace/fruitshop/finish.php:0
[25-Aug-2017 22:18:09 UTC] PHP   2. include_once() /home/ubuntu/workspace/fruitshop/finish.php:51
[25-Aug-2017 22:18:09 UTC] PHP Warning:  Illegal string offset 'name' in /home/ubuntu/workspace/fruitshop/view/finish_view.php on line 42
[25-Aug-2017 22:18:09 UTC] PHP Stack trace:
[25-Aug-2017 22:18:09 UTC] PHP   1. {main}() /home/ubuntu/workspace/fruitshop/finish.php:0
[25-Aug-2017 22:18:09 UTC] PHP   2. include_once() /home/ubuntu/workspace/fruitshop/finish.php:51
[25-Aug-2017 22:18:09 UTC] PHP Warning:  Illegal string offset 'price' in /home/ubuntu/workspace/fruitshop/view/finish_view.php on line 43
[25-Aug-2017 22:18:09 UTC] PHP Stack trace:
[25-Aug-2017 22:18:09 UTC] PHP   1. {main}() /home/ubuntu/workspace/fruitshop/finish.php:0
[25-Aug-2017 22:18:09 UTC] PHP   2. include_once() /home/ubuntu/workspace/fruitshop/finish.php:51
[25-Aug-2017 22:18:09 UTC] PHP Warning:  Illegal string offset 'description' in /home/ubuntu/workspace/fruitshop/view/finish_view.php on line 44
[25-Aug-2017 22:18:09 UTC] PHP Stack trace:
[25-Aug-2017 22:18:09 UTC] PHP   1. {main}() /home/ubuntu/workspace/fruitshop/finish.php:0
[25-Aug-2017 22:18:09 UTC] PHP   2. include_once() /home/ubuntu/workspace/fruitshop/finish.php:51
[25-Aug-2017 22:18:09 UTC] PHP Warning:  Illegal string offset 'img' in /home/ubuntu/workspace/fruitshop/view/finish_view.php on line 40
[25-Aug-2017 22:18:09 UTC] PHP Stack trace:
[25-Aug-2017 22:18:09 UTC] PHP   1. {main}() /home/ubuntu/workspace/fruitshop/finish.php:0
[25-Aug-2017 22:18:09 UTC] PHP   2. include_once() /home/ubuntu/workspace/fruitshop/finish.php:51
[25-Aug-2017 22:18:09 UTC] PHP Warning:  Illegal string offset 'name' in /home/ubuntu/workspace/fruitshop/view/finish_view.php on line 42
[25-Aug-2017 22:18:09 UTC] PHP Stack trace:
[25-Aug-2017 22:18:09 UTC] PHP   1. {main}() /home/ubuntu/workspace/fruitshop/finish.php:0
[25-Aug-2017 22:18:09 UTC] PHP   2. include_once() /home/ubuntu/workspace/fruitshop/finish.php:51
[25-Aug-2017 22:18:09 UTC] PHP Warning:  Illegal string offset 'price' in /home/ubuntu/workspace/fruitshop/view/finish_view.php on line 43
[25-Aug-2017 22:18:09 UTC] PHP Stack trace:
[25-Aug-2017 22:18:09 UTC] PHP   1. {main}() /home/ubuntu/workspace/fruitshop/finish.php:0
[25-Aug-2017 22:18:09 UTC] PHP   2. include_once() /home/ubuntu/workspace/fruitshop/finish.php:51
[25-Aug-2017 22:18:09 UTC] PHP Warning:  Illegal string offset 'description' in /home/ubuntu/workspace/fruitshop/view/finish_view.php on line 44
[25-Aug-2017 22:18:09 UTC] PHP Stack trace:
[25-Aug-2017 22:18:09 UTC] PHP   1. {main}() /home/ubuntu/workspace/fruitshop/finish.php:0
[25-Aug-2017 22:18:09 UTC] PHP   2. include_once() /home/ubuntu/workspace/fruitshop/finish.php:51
[25-Aug-2017 22:18:09 UTC] PHP Warning:  Illegal string offset 'img' in /home/ubuntu/workspace/fruitshop/view/finish_view.php on line 40
[25-Aug-2017 22:18:09 UTC] PHP Stack trace:
[25-Aug-2017 22:18:09 UTC] PHP   1. {main}() /home/ubuntu/workspace/fruitshop/finish.php:0
[25-Aug-2017 22:18:09 UTC] PHP   2. include_once() /home/ubuntu/workspace/fruitshop/finish.php:51
[25-Aug-2017 22:18:09 UTC] PHP Warning:  Illegal string offset 'name' in /home/ubuntu/workspace/fruitshop/view/finish_view.php on line 42
[25-Aug-2017 22:18:09 UTC] PHP Stack trace:
[25-Aug-2017 22:18:09 UTC] PHP   1. {main}() /home/ubuntu/workspace/fruitshop/finish.php:0
[25-Aug-2017 22:18:09 UTC] PHP   2. include_once() /home/ubuntu/workspace/fruitshop/finish.php:51
[25-Aug-2017 22:18:09 UTC] PHP Warning:  Illegal string offset 'price' in /home/ubuntu/workspace/fruitshop/view/finish_view.php on line 43
[25-Aug-2017 22:18:09 UTC] PHP Stack trace:
[25-Aug-2017 22:18:09 UTC] PHP   1. {main}() /home/ubuntu/workspace/fruitshop/finish.php:0
[25-Aug-2017 22:18:09 UTC] PHP   2. include_once() /home/ubuntu/workspace/fruitshop/finish.php:51
[25-Aug-2017 22:18:09 UTC] PHP Warning:  Illegal string offset 'description' in /home/ubuntu/workspace/fruitshop/view/finish_view.php on line 44
[25-Aug-2017 22:18:09 UTC] PHP Stack trace:
[25-Aug-2017 22:18:09 UTC] PHP   1. {main}() /home/ubuntu/workspace/fruitshop/finish.php:0
[25-Aug-2017 22:18:09 UTC] PHP   2. include_once() /home/ubuntu/workspace/fruitshop/finish.php:51
[25-Aug-2017 23:37:01 UTC] PHP Warning:  Invalid argument supplied for foreach() in /home/ubuntu/workspace/fruitshop/view/finish_view.php on line 37
[25-Aug-2017 23:37:01 UTC] PHP Stack trace:
[25-Aug-2017 23:37:01 UTC] PHP   1. {main}() /home/ubuntu/workspace/fruitshop/finish.php:0
[25-Aug-2017 23:37:01 UTC] PHP   2. include_once() /home/ubuntu/workspace/fruitshop/finish.php:58
[25-Aug-2017 23:37:37 UTC] PHP Warning:  Invalid argument supplied for foreach() in /home/ubuntu/workspace/fruitshop/view/finish_view.php on line 37
[25-Aug-2017 23:37:37 UTC] PHP Stack trace:
[25-Aug-2017 23:37:37 UTC] PHP   1. {main}() /home/ubuntu/workspace/fruitshop/finish.php:0
[25-Aug-2017 23:37:37 UTC] PHP   2. include_once() /home/ubuntu/workspace/fruitshop/finish.php:58
