[13-Aug-2017 10:26:06 UTC] PHP Warning:  Invalid argument supplied for foreach() in /home/ubuntu/workspace/codeshop/view/admin_view.php on line 37
[13-Aug-2017 10:26:06 UTC] PHP Stack trace:
[13-Aug-2017 10:26:06 UTC] PHP   1. {main}() /home/ubuntu/workspace/codeshop/view/admin_view.php:0
[13-Aug-2017 10:30:19 UTC] PHP Warning:  Invalid argument supplied for foreach() in /home/ubuntu/workspace/codeshop/view/admin_view.php on line 37
[13-Aug-2017 10:30:19 UTC] PHP Stack trace:
[13-Aug-2017 10:30:19 UTC] PHP   1. {main}() /home/ubuntu/workspace/codeshop/view/admin_view.php:0
[13-Aug-2017 10:30:20 UTC] PHP Warning:  Invalid argument supplied for foreach() in /home/ubuntu/workspace/codeshop/view/admin_view.php on line 37
[13-Aug-2017 10:30:20 UTC] PHP Stack trace:
[13-Aug-2017 10:30:20 UTC] PHP   1. {main}() /home/ubuntu/workspace/codeshop/view/admin_view.php:0
[13-Aug-2017 10:32:12 UTC] PHP Warning:  Invalid argument supplied for foreach() in /home/ubuntu/workspace/codeshop/view/admin_view.php on line 37
[13-Aug-2017 10:32:12 UTC] PHP Stack trace:
[13-Aug-2017 10:32:12 UTC] PHP   1. {main}() /home/ubuntu/workspace/codeshop/view/admin_view.php:0
[13-Aug-2017 13:24:31 UTC] PHP Warning:  Invalid argument supplied for foreach() in /home/ubuntu/workspace/codeshop/view/admin_view.php on line 37
[13-Aug-2017 13:24:31 UTC] PHP Stack trace:
[13-Aug-2017 13:24:31 UTC] PHP   1. {main}() /home/ubuntu/workspace/codeshop/view/admin_view.php:0
[13-Aug-2017 13:25:38 UTC] PHP Warning:  Invalid argument supplied for foreach() in /home/ubuntu/workspace/codeshop/view/admin_view.php on line 38
[13-Aug-2017 13:25:38 UTC] PHP Stack trace:
[13-Aug-2017 13:25:38 UTC] PHP   1. {main}() /home/ubuntu/workspace/codeshop/view/admin_view.php:0
[13-Aug-2017 13:27:01 UTC] PHP Warning:  Invalid argument supplied for foreach() in /home/ubuntu/workspace/codeshop/view/admin_view.php on line 38
[13-Aug-2017 13:27:01 UTC] PHP Stack trace:
[13-Aug-2017 13:27:01 UTC] PHP   1. {main}() /home/ubuntu/workspace/codeshop/view/admin_view.php:0
[13-Aug-2017 13:27:04 UTC] PHP Warning:  Invalid argument supplied for foreach() in /home/ubuntu/workspace/codeshop/view/admin_view.php on line 38
[13-Aug-2017 13:27:04 UTC] PHP Stack trace:
[13-Aug-2017 13:27:04 UTC] PHP   1. {main}() /home/ubuntu/workspace/codeshop/view/admin_view.php:0
[13-Aug-2017 13:27:06 UTC] PHP Warning:  Invalid argument supplied for foreach() in /home/ubuntu/workspace/codeshop/view/admin_view.php on line 38
[13-Aug-2017 13:27:06 UTC] PHP Stack trace:
[13-Aug-2017 13:27:06 UTC] PHP   1. {main}() /home/ubuntu/workspace/codeshop/view/admin_view.php:0
[13-Aug-2017 13:27:06 UTC] PHP Warning:  Invalid argument supplied for foreach() in /home/ubuntu/workspace/codeshop/view/admin_view.php on line 38
[13-Aug-2017 13:27:06 UTC] PHP Stack trace:
[13-Aug-2017 13:27:06 UTC] PHP   1. {main}() /home/ubuntu/workspace/codeshop/view/admin_view.php:0
[13-Aug-2017 13:27:07 UTC] PHP Warning:  Invalid argument supplied for foreach() in /home/ubuntu/workspace/codeshop/view/admin_view.php on line 38
[13-Aug-2017 13:27:07 UTC] PHP Stack trace:
[13-Aug-2017 13:27:07 UTC] PHP   1. {main}() /home/ubuntu/workspace/codeshop/view/admin_view.php:0
[13-Aug-2017 13:27:13 UTC] PHP Warning:  Invalid argument supplied for foreach() in /home/ubuntu/workspace/codeshop/view/admin_view.php on line 38
[13-Aug-2017 13:27:13 UTC] PHP Stack trace:
[13-Aug-2017 13:27:13 UTC] PHP   1. {main}() /home/ubuntu/workspace/codeshop/view/admin_view.php:0
[13-Aug-2017 13:39:12 UTC] PHP Warning:  Invalid argument supplied for foreach() in /home/ubuntu/workspace/codeshop/view/admin_view.php on line 38
[13-Aug-2017 13:39:12 UTC] PHP Stack trace:
[13-Aug-2017 13:39:12 UTC] PHP   1. {main}() /home/ubuntu/workspace/codeshop/view/admin_view.php:0
[15-Aug-2017 03:20:00 UTC] PHP Warning:  Invalid argument supplied for foreach() in /home/ubuntu/workspace/codeshop/view/admin_view.php on line 38
[15-Aug-2017 03:20:00 UTC] PHP Stack trace:
[15-Aug-2017 03:20:00 UTC] PHP   1. {main}() /home/ubuntu/workspace/codeshop/view/admin_view.php:0
[15-Aug-2017 13:35:01 UTC] PHP Warning:  Invalid argument supplied for foreach() in /home/ubuntu/workspace/codeshop/view/admin_view.php on line 38
[15-Aug-2017 13:35:01 UTC] PHP Stack trace:
[15-Aug-2017 13:35:01 UTC] PHP   1. {main}() /home/ubuntu/workspace/codeshop/view/admin_view.php:0
[16-Aug-2017 04:41:16 UTC] PHP Warning:  Invalid argument supplied for foreach() in /home/ubuntu/workspace/codeshop/view/admin_view.php on line 40
[16-Aug-2017 04:41:16 UTC] PHP Stack trace:
[16-Aug-2017 04:41:16 UTC] PHP   1. {main}() /home/ubuntu/workspace/codeshop/view/admin_view.php:0
[16-Aug-2017 22:54:15 UTC] PHP Parse error:  syntax error, unexpected end of file in /home/ubuntu/workspace/codeshop/view/itemlist_view.php on line 91
[16-Aug-2017 23:27:05 UTC] PHP Warning:  Invalid argument supplied for foreach() in /home/ubuntu/workspace/codeshop/view/itemlist_view.php on line 69
[16-Aug-2017 23:27:05 UTC] PHP Stack trace:
[16-Aug-2017 23:27:05 UTC] PHP   1. {main}() /home/ubuntu/workspace/codeshop/view/itemlist_view.php:0
[24-Aug-2017 02:33:04 UTC] PHP Warning:  Invalid argument supplied for foreach() in /home/ubuntu/workspace/fruitshop/view/index.php on line 76
[24-Aug-2017 02:33:04 UTC] PHP Stack trace:
[24-Aug-2017 02:33:04 UTC] PHP   1. {main}() /home/ubuntu/workspace/fruitshop/view/index.php:0
[24-Aug-2017 02:34:28 UTC] PHP Warning:  Invalid argument supplied for foreach() in /home/ubuntu/workspace/fruitshop/view/index.php on line 76
[24-Aug-2017 02:34:28 UTC] PHP Stack trace:
[24-Aug-2017 02:34:28 UTC] PHP   1. {main}() /home/ubuntu/workspace/fruitshop/view/index.php:0
[24-Aug-2017 02:36:57 UTC] PHP Warning:  Invalid argument supplied for foreach() in /home/ubuntu/workspace/fruitshop/view/fruit_view.php on line 76
[24-Aug-2017 02:36:57 UTC] PHP Stack trace:
[24-Aug-2017 02:36:57 UTC] PHP   1. {main}() /home/ubuntu/workspace/fruitshop/view/fruit_view.php:0
[24-Aug-2017 02:37:17 UTC] PHP Warning:  Invalid argument supplied for foreach() in /home/ubuntu/workspace/fruitshop/view/fruit_view.php on line 76
[24-Aug-2017 02:37:17 UTC] PHP Stack trace:
[24-Aug-2017 02:37:17 UTC] PHP   1. {main}() /home/ubuntu/workspace/fruitshop/view/fruit_view.php:0
[24-Aug-2017 02:37:18 UTC] PHP Warning:  Invalid argument supplied for foreach() in /home/ubuntu/workspace/fruitshop/view/fruit_view.php on line 76
[24-Aug-2017 02:37:18 UTC] PHP Stack trace:
[24-Aug-2017 02:37:18 UTC] PHP   1. {main}() /home/ubuntu/workspace/fruitshop/view/fruit_view.php:0
[24-Aug-2017 02:37:18 UTC] PHP Warning:  Invalid argument supplied for foreach() in /home/ubuntu/workspace/fruitshop/view/fruit_view.php on line 76
[24-Aug-2017 02:37:18 UTC] PHP Stack trace:
[24-Aug-2017 02:37:18 UTC] PHP   1. {main}() /home/ubuntu/workspace/fruitshop/view/fruit_view.php:0
[24-Aug-2017 02:37:18 UTC] PHP Warning:  Invalid argument supplied for foreach() in /home/ubuntu/workspace/fruitshop/view/fruit_view.php on line 76
[24-Aug-2017 02:37:18 UTC] PHP Stack trace:
[24-Aug-2017 02:37:18 UTC] PHP   1. {main}() /home/ubuntu/workspace/fruitshop/view/fruit_view.php:0
[24-Aug-2017 02:37:19 UTC] PHP Warning:  Invalid argument supplied for foreach() in /home/ubuntu/workspace/fruitshop/view/fruit_view.php on line 76
[24-Aug-2017 02:37:19 UTC] PHP Stack trace:
[24-Aug-2017 02:37:19 UTC] PHP   1. {main}() /home/ubuntu/workspace/fruitshop/view/fruit_view.php:0
[24-Aug-2017 02:37:57 UTC] PHP Warning:  Invalid argument supplied for foreach() in /home/ubuntu/workspace/fruitshop/view/fruit_view.php on line 76
[24-Aug-2017 02:37:57 UTC] PHP Stack trace:
[24-Aug-2017 02:37:57 UTC] PHP   1. {main}() /home/ubuntu/workspace/fruitshop/view/fruit_view.php:0
[24-Aug-2017 02:38:03 UTC] PHP Warning:  Invalid argument supplied for foreach() in /home/ubuntu/workspace/fruitshop/view/fruit_view.php on line 76
[24-Aug-2017 02:38:03 UTC] PHP Stack trace:
[24-Aug-2017 02:38:03 UTC] PHP   1. {main}() /home/ubuntu/workspace/fruitshop/view/fruit_view.php:0
[24-Aug-2017 02:38:03 UTC] PHP Warning:  Invalid argument supplied for foreach() in /home/ubuntu/workspace/fruitshop/view/fruit_view.php on line 76
[24-Aug-2017 02:38:03 UTC] PHP Stack trace:
[24-Aug-2017 02:38:03 UTC] PHP   1. {main}() /home/ubuntu/workspace/fruitshop/view/fruit_view.php:0
[24-Aug-2017 02:38:04 UTC] PHP Warning:  Invalid argument supplied for foreach() in /home/ubuntu/workspace/fruitshop/view/fruit_view.php on line 76
[24-Aug-2017 02:38:04 UTC] PHP Stack trace:
[24-Aug-2017 02:38:04 UTC] PHP   1. {main}() /home/ubuntu/workspace/fruitshop/view/fruit_view.php:0
