[20-Jul-2017 23:30:23 UTC] PHP Parse error:  syntax error, unexpected end of file in /home/ubuntu/workspace/php/07/if_sample.php on line 19
[20-Jul-2017 23:46:10 UTC] PHP Parse error:  syntax error, unexpected ''</p>'' (T_CONSTANT_ENCAPSED_STRING) in /home/ubuntu/workspace/php/07/challenge_if.php on line 11
[22-Jul-2017 06:10:42 UTC] PHP Parse error:  syntax error, unexpected end of file in /home/ubuntu/workspace/php/08/for.php on line 24
[22-Jul-2017 06:33:47 UTC] PHP Warning:  Invalid argument supplied for foreach() in /home/ubuntu/workspace/php/08/foreach.php on line 63
[22-Jul-2017 06:33:47 UTC] PHP Stack trace:
[22-Jul-2017 06:33:47 UTC] PHP   1. {main}() /home/ubuntu/workspace/php/08/foreach.php:0
[22-Jul-2017 08:03:04 UTC] PHP Fatal error:  Cannot use isset() on the result of an expression (you can use "null !== expression" instead) in /home/ubuntu/workspace/php/09/receive.php on line 9
[22-Jul-2017 08:05:55 UTC] PHP Fatal error:  Function name must be a string in /home/ubuntu/workspace/php/09/receive.php on line 10
[22-Jul-2017 08:05:55 UTC] PHP Stack trace:
[22-Jul-2017 08:05:55 UTC] PHP   1. {main}() /home/ubuntu/workspace/php/09/receive.php:0
[22-Jul-2017 08:06:15 UTC] PHP Fatal error:  Function name must be a string in /home/ubuntu/workspace/php/09/receive.php on line 10
[22-Jul-2017 08:06:15 UTC] PHP Stack trace:
[22-Jul-2017 08:06:15 UTC] PHP   1. {main}() /home/ubuntu/workspace/php/09/receive.php:0
[22-Jul-2017 20:49:05 UTC] PHP Parse error:  syntax error, unexpected end of file in /home/ubuntu/workspace/php/09/get_sample.php on line 27
[22-Jul-2017 22:06:26 UTC] PHP Fatal error:  Cannot use isset() on the result of an expression (you can use "null !== expression" instead) in /home/ubuntu/workspace/php/09/challenge_super_global.php on line 2
[22-Jul-2017 22:07:58 UTC] PHP Parse error:  syntax error, unexpected '{' in /home/ubuntu/workspace/php/09/challenge_super_global.php on line 35
[23-Jul-2017 01:15:49 UTC] PHP Fatal error:  Cannot use isset() on the result of an expression (you can use "null !== expression" instead) in /home/ubuntu/workspace/php/09/practice_global_receive_elementary.php on line 3
[23-Jul-2017 01:18:14 UTC] PHP Fatal error:  Call to undefined function 　isset() in /home/ubuntu/workspace/php/09/practice_global_receive_elementary.php on line 16
[23-Jul-2017 01:18:14 UTC] PHP Stack trace:
[23-Jul-2017 01:18:14 UTC] PHP   1. {main}() /home/ubuntu/workspace/php/09/practice_global_receive_elementary.php:0
[23-Jul-2017 09:34:02 UTC] PHP Fatal error:  Call to undefined function htmlspecicalchars() in /home/ubuntu/workspace/php/11/entity.php on line 11
[23-Jul-2017 09:34:02 UTC] PHP Stack trace:
[23-Jul-2017 09:34:02 UTC] PHP   1. {main}() /home/ubuntu/workspace/php/11/entity.php:0
[23-Jul-2017 09:34:02 UTC] PHP   2. entity() /home/ubuntu/workspace/php/11/entity.php:6
[23-Jul-2017 11:55:48 UTC] PHP Warning:  Division by zero in /home/ubuntu/workspace/php/11/challenge_func.php on line 27
[23-Jul-2017 11:55:48 UTC] PHP Stack trace:
[23-Jul-2017 11:55:48 UTC] PHP   1. {main}() /home/ubuntu/workspace/php/11/challenge_func.php:0
[23-Jul-2017 11:55:48 UTC] PHP   2. calc_bmi() /home/ubuntu/workspace/php/11/challenge_func.php:24
[23-Jul-2017 11:56:06 UTC] PHP Warning:  Division by zero in /home/ubuntu/workspace/php/11/challenge_func.php on line 27
[23-Jul-2017 11:56:06 UTC] PHP Stack trace:
[23-Jul-2017 11:56:06 UTC] PHP   1. {main}() /home/ubuntu/workspace/php/11/challenge_func.php:0
[23-Jul-2017 11:56:06 UTC] PHP   2. calc_bmi() /home/ubuntu/workspace/php/11/challenge_func.php:24
[23-Jul-2017 11:56:50 UTC] PHP Warning:  Division by zero in /home/ubuntu/workspace/php/11/challenge_func.php on line 27
[23-Jul-2017 11:56:50 UTC] PHP Stack trace:
[23-Jul-2017 11:56:50 UTC] PHP   1. {main}() /home/ubuntu/workspace/php/11/challenge_func.php:0
[23-Jul-2017 11:56:50 UTC] PHP   2. calc_bmi() /home/ubuntu/workspace/php/11/challenge_func.php:24
[23-Jul-2017 12:00:34 UTC] PHP Warning:  Division by zero in /home/ubuntu/workspace/php/11/challenge_func.php on line 27
[23-Jul-2017 12:00:34 UTC] PHP Stack trace:
[23-Jul-2017 12:00:34 UTC] PHP   1. {main}() /home/ubuntu/workspace/php/11/challenge_func.php:0
[23-Jul-2017 12:00:34 UTC] PHP   2. calc_bmi() /home/ubuntu/workspace/php/11/challenge_func.php:24
[23-Jul-2017 12:02:03 UTC] PHP Warning:  Division by zero in /home/ubuntu/workspace/php/11/challenge_func.php on line 27
[23-Jul-2017 12:02:03 UTC] PHP Stack trace:
[23-Jul-2017 12:02:03 UTC] PHP   1. {main}() /home/ubuntu/workspace/php/11/challenge_func.php:0
[23-Jul-2017 12:02:03 UTC] PHP   2. calc_bmi() /home/ubuntu/workspace/php/11/challenge_func.php:24
[23-Jul-2017 12:02:53 UTC] PHP Warning:  Division by zero in /home/ubuntu/workspace/php/11/challenge_func.php on line 27
[23-Jul-2017 12:02:53 UTC] PHP Stack trace:
[23-Jul-2017 12:02:53 UTC] PHP   1. {main}() /home/ubuntu/workspace/php/11/challenge_func.php:0
[23-Jul-2017 12:02:53 UTC] PHP   2. calc_bmi() /home/ubuntu/workspace/php/11/challenge_func.php:24
[23-Jul-2017 12:03:52 UTC] PHP Warning:  Division by zero in /home/ubuntu/workspace/php/11/challenge_func.php on line 27
[23-Jul-2017 12:03:52 UTC] PHP Stack trace:
[23-Jul-2017 12:03:52 UTC] PHP   1. {main}() /home/ubuntu/workspace/php/11/challenge_func.php:0
[23-Jul-2017 12:03:52 UTC] PHP   2. calc_bmi() /home/ubuntu/workspace/php/11/challenge_func.php:24
[23-Jul-2017 12:04:23 UTC] PHP Warning:  Division by zero in /home/ubuntu/workspace/php/11/challenge_func.php on line 27
[23-Jul-2017 12:04:23 UTC] PHP Stack trace:
[23-Jul-2017 12:04:23 UTC] PHP   1. {main}() /home/ubuntu/workspace/php/11/challenge_func.php:0
[23-Jul-2017 12:04:23 UTC] PHP   2. calc_bmi() /home/ubuntu/workspace/php/11/challenge_func.php:24
[23-Jul-2017 12:05:59 UTC] PHP Warning:  Division by zero in /home/ubuntu/workspace/php/11/challenge_func.php on line 27
[23-Jul-2017 12:05:59 UTC] PHP Stack trace:
[23-Jul-2017 12:05:59 UTC] PHP   1. {main}() /home/ubuntu/workspace/php/11/challenge_func.php:0
[23-Jul-2017 12:05:59 UTC] PHP   2. calc_bmi() /home/ubuntu/workspace/php/11/challenge_func.php:24
[23-Jul-2017 13:13:30 UTC] PHP Warning:  Division by zero in /home/ubuntu/workspace/php/11/challenge_func.php on line 27
[23-Jul-2017 13:13:30 UTC] PHP Stack trace:
[23-Jul-2017 13:13:30 UTC] PHP   1. {main}() /home/ubuntu/workspace/php/11/challenge_func.php:0
[23-Jul-2017 13:13:30 UTC] PHP   2. calc_bmi() /home/ubuntu/workspace/php/11/challenge_func.php:24
[23-Jul-2017 13:19:49 UTC] PHP Parse error:  syntax error, unexpected end of file in /home/ubuntu/workspace/php/11/challenge_func.php on line 34
[23-Jul-2017 13:21:25 UTC] PHP Fatal error:  Call to undefined function calc_bmi() in /home/ubuntu/workspace/php/11/challenge_func.php on line 25
[23-Jul-2017 13:21:25 UTC] PHP Stack trace:
[23-Jul-2017 13:21:25 UTC] PHP   1. {main}() /home/ubuntu/workspace/php/11/challenge_func.php:0
[23-Jul-2017 13:21:55 UTC] PHP Fatal error:  Call to undefined function calc_bmi() in /home/ubuntu/workspace/php/11/challenge_func.php on line 25
[23-Jul-2017 13:21:55 UTC] PHP Stack trace:
[23-Jul-2017 13:21:55 UTC] PHP   1. {main}() /home/ubuntu/workspace/php/11/challenge_func.php:0
[23-Jul-2017 13:21:58 UTC] PHP Fatal error:  Call to undefined function calc_bmi() in /home/ubuntu/workspace/php/11/challenge_func.php on line 25
[23-Jul-2017 13:21:58 UTC] PHP Stack trace:
[23-Jul-2017 13:21:58 UTC] PHP   1. {main}() /home/ubuntu/workspace/php/11/challenge_func.php:0
[23-Jul-2017 13:21:58 UTC] PHP Fatal error:  Call to undefined function calc_bmi() in /home/ubuntu/workspace/php/11/challenge_func.php on line 25
[23-Jul-2017 13:21:58 UTC] PHP Stack trace:
[23-Jul-2017 13:21:58 UTC] PHP   1. {main}() /home/ubuntu/workspace/php/11/challenge_func.php:0
[23-Jul-2017 13:22:00 UTC] PHP Fatal error:  Call to undefined function calc_bmi() in /home/ubuntu/workspace/php/11/challenge_func.php on line 25
[23-Jul-2017 13:22:00 UTC] PHP Stack trace:
[23-Jul-2017 13:22:00 UTC] PHP   1. {main}() /home/ubuntu/workspace/php/11/challenge_func.php:0
[23-Jul-2017 13:31:04 UTC] PHP Parse error:  syntax error, unexpected '}' in /home/ubuntu/workspace/php/11/challenge_func.php on line 34
[23-Jul-2017 13:31:51 UTC] PHP Fatal error:  Call to undefined function is_numberic() in /home/ubuntu/workspace/php/11/challenge_func.php on line 30
[23-Jul-2017 13:31:51 UTC] PHP Stack trace:
[23-Jul-2017 13:31:51 UTC] PHP   1. {main}() /home/ubuntu/workspace/php/11/challenge_func.php:0
[23-Jul-2017 13:35:13 UTC] PHP Parse error:  syntax error, unexpected '}' in /home/ubuntu/workspace/php/11/challenge_func.php on line 38
[23-Jul-2017 13:36:25 UTC] PHP Fatal error:  Call to undefined function is_numberic() in /home/ubuntu/workspace/php/11/challenge_func.php on line 30
[23-Jul-2017 13:36:25 UTC] PHP Stack trace:
[23-Jul-2017 13:36:25 UTC] PHP   1. {main}() /home/ubuntu/workspace/php/11/challenge_func.php:0
[23-Jul-2017 13:46:36 UTC] PHP Fatal error:  Call to undefined function is_numberic() in /home/ubuntu/workspace/php/11/challenge_func.php on line 30
[23-Jul-2017 13:46:36 UTC] PHP Stack trace:
[23-Jul-2017 13:46:36 UTC] PHP   1. {main}() /home/ubuntu/workspace/php/11/challenge_func.php:0
[23-Jul-2017 13:58:38 UTC] PHP Warning:  Division by zero in /home/ubuntu/workspace/php/11/challenge_func.php on line 12
[23-Jul-2017 13:58:38 UTC] PHP Stack trace:
[23-Jul-2017 13:58:38 UTC] PHP   1. {main}() /home/ubuntu/workspace/php/11/challenge_func.php:0
[23-Jul-2017 13:58:38 UTC] PHP   2. calc_bmi() /home/ubuntu/workspace/php/11/challenge_func.php:32
[23-Jul-2017 14:01:23 UTC] PHP Parse error:  syntax error, unexpected '}' in /home/ubuntu/workspace/php/11/challenge_func.php on line 36
[23-Jul-2017 14:01:33 UTC] PHP Warning:  Division by zero in /home/ubuntu/workspace/php/11/challenge_func.php on line 12
[23-Jul-2017 14:01:33 UTC] PHP Stack trace:
[23-Jul-2017 14:01:33 UTC] PHP   1. {main}() /home/ubuntu/workspace/php/11/challenge_func.php:0
[23-Jul-2017 14:01:33 UTC] PHP   2. calc_bmi() /home/ubuntu/workspace/php/11/challenge_func.php:32
[23-Jul-2017 14:01:53 UTC] PHP Warning:  Division by zero in /home/ubuntu/workspace/php/11/challenge_func.php on line 12
[23-Jul-2017 14:01:53 UTC] PHP Stack trace:
[23-Jul-2017 14:01:53 UTC] PHP   1. {main}() /home/ubuntu/workspace/php/11/challenge_func.php:0
[23-Jul-2017 14:01:53 UTC] PHP   2. calc_bmi() /home/ubuntu/workspace/php/11/challenge_func.php:32
[23-Jul-2017 14:03:30 UTC] PHP Warning:  Division by zero in /home/ubuntu/workspace/php/11/challenge_func.php on line 12
[23-Jul-2017 14:03:30 UTC] PHP Stack trace:
[23-Jul-2017 14:03:30 UTC] PHP   1. {main}() /home/ubuntu/workspace/php/11/challenge_func.php:0
[23-Jul-2017 14:03:30 UTC] PHP   2. calc_bmi() /home/ubuntu/workspace/php/11/challenge_func.php:32
[23-Jul-2017 14:03:36 UTC] PHP Warning:  Division by zero in /home/ubuntu/workspace/php/11/challenge_func.php on line 12
[23-Jul-2017 14:03:36 UTC] PHP Stack trace:
[23-Jul-2017 14:03:36 UTC] PHP   1. {main}() /home/ubuntu/workspace/php/11/challenge_func.php:0
[23-Jul-2017 14:03:36 UTC] PHP   2. calc_bmi() /home/ubuntu/workspace/php/11/challenge_func.php:32
[23-Jul-2017 14:03:48 UTC] PHP Warning:  Division by zero in /home/ubuntu/workspace/php/11/challenge_func.php on line 12
[23-Jul-2017 14:03:48 UTC] PHP Stack trace:
[23-Jul-2017 14:03:48 UTC] PHP   1. {main}() /home/ubuntu/workspace/php/11/challenge_func.php:0
[23-Jul-2017 14:03:48 UTC] PHP   2. calc_bmi() /home/ubuntu/workspace/php/11/challenge_func.php:32
[23-Jul-2017 14:06:16 UTC] PHP Warning:  Division by zero in /home/ubuntu/workspace/php/11/challenge_func.php on line 12
[23-Jul-2017 14:06:16 UTC] PHP Stack trace:
[23-Jul-2017 14:06:16 UTC] PHP   1. {main}() /home/ubuntu/workspace/php/11/challenge_func.php:0
[23-Jul-2017 14:06:16 UTC] PHP   2. calc_bmi() /home/ubuntu/workspace/php/11/challenge_func.php:32
[23-Jul-2017 14:08:04 UTC] PHP Warning:  Division by zero in /home/ubuntu/workspace/php/11/challenge_func.php on line 12
[23-Jul-2017 14:08:04 UTC] PHP Stack trace:
[23-Jul-2017 14:08:04 UTC] PHP   1. {main}() /home/ubuntu/workspace/php/11/challenge_func.php:0
[23-Jul-2017 14:08:04 UTC] PHP   2. calc_bmi() /home/ubuntu/workspace/php/11/challenge_func.php:32
[24-Jul-2017 14:03:18 UTC] PHP Warning:  fopen(): Filename cannot be empty in /home/ubuntu/workspace/php/12/file_sample.php on line 7
[24-Jul-2017 14:03:18 UTC] PHP Stack trace:
[24-Jul-2017 14:03:18 UTC] PHP   1. {main}() /home/ubuntu/workspace/php/12/file_sample.php:0
[24-Jul-2017 14:03:18 UTC] PHP   2. fopen() /home/ubuntu/workspace/php/12/file_sample.php:7
[24-Jul-2017 14:03:18 UTC] PHP Warning:  fclose() expects parameter 1 to be resource, boolean given in /home/ubuntu/workspace/php/12/file_sample.php on line 12
[24-Jul-2017 14:03:18 UTC] PHP Stack trace:
[24-Jul-2017 14:03:18 UTC] PHP   1. {main}() /home/ubuntu/workspace/php/12/file_sample.php:0
[24-Jul-2017 14:03:18 UTC] PHP   2. fclose() /home/ubuntu/workspace/php/12/file_sample.php:12
[24-Jul-2017 14:04:08 UTC] PHP Warning:  fopen(): Filename cannot be empty in /home/ubuntu/workspace/php/12/file_sample.php on line 7
[24-Jul-2017 14:04:08 UTC] PHP Stack trace:
[24-Jul-2017 14:04:08 UTC] PHP   1. {main}() /home/ubuntu/workspace/php/12/file_sample.php:0
[24-Jul-2017 14:04:08 UTC] PHP   2. fopen() /home/ubuntu/workspace/php/12/file_sample.php:7
[24-Jul-2017 14:04:08 UTC] PHP Warning:  fclose() expects parameter 1 to be resource, boolean given in /home/ubuntu/workspace/php/12/file_sample.php on line 12
[24-Jul-2017 14:04:08 UTC] PHP Stack trace:
[24-Jul-2017 14:04:08 UTC] PHP   1. {main}() /home/ubuntu/workspace/php/12/file_sample.php:0
[24-Jul-2017 14:04:08 UTC] PHP   2. fclose() /home/ubuntu/workspace/php/12/file_sample.php:12
[24-Jul-2017 14:04:10 UTC] PHP Warning:  fopen(): Filename cannot be empty in /home/ubuntu/workspace/php/12/file_sample.php on line 7
[24-Jul-2017 14:04:10 UTC] PHP Stack trace:
[24-Jul-2017 14:04:10 UTC] PHP   1. {main}() /home/ubuntu/workspace/php/12/file_sample.php:0
[24-Jul-2017 14:04:10 UTC] PHP   2. fopen() /home/ubuntu/workspace/php/12/file_sample.php:7
[24-Jul-2017 14:04:10 UTC] PHP Warning:  fclose() expects parameter 1 to be resource, boolean given in /home/ubuntu/workspace/php/12/file_sample.php on line 12
[24-Jul-2017 14:04:10 UTC] PHP Stack trace:
[24-Jul-2017 14:04:10 UTC] PHP   1. {main}() /home/ubuntu/workspace/php/12/file_sample.php:0
[24-Jul-2017 14:04:10 UTC] PHP   2. fclose() /home/ubuntu/workspace/php/12/file_sample.php:12
[24-Jul-2017 14:05:22 UTC] PHP Warning:  fopen(): Filename cannot be empty in /home/ubuntu/workspace/php/12/file_sample.php on line 7
[24-Jul-2017 14:05:22 UTC] PHP Stack trace:
[24-Jul-2017 14:05:22 UTC] PHP   1. {main}() /home/ubuntu/workspace/php/12/file_sample.php:0
[24-Jul-2017 14:05:22 UTC] PHP   2. fopen() /home/ubuntu/workspace/php/12/file_sample.php:7
[24-Jul-2017 14:05:22 UTC] PHP Warning:  fclose() expects parameter 1 to be resource, boolean given in /home/ubuntu/workspace/php/12/file_sample.php on line 12
[24-Jul-2017 14:05:22 UTC] PHP Stack trace:
[24-Jul-2017 14:05:22 UTC] PHP   1. {main}() /home/ubuntu/workspace/php/12/file_sample.php:0
[24-Jul-2017 14:05:22 UTC] PHP   2. fclose() /home/ubuntu/workspace/php/12/file_sample.php:12
[24-Jul-2017 14:06:07 UTC] PHP Warning:  fopen(): Filename cannot be empty in /home/ubuntu/workspace/php/12/file_sample.php on line 7
[24-Jul-2017 14:06:07 UTC] PHP Stack trace:
[24-Jul-2017 14:06:07 UTC] PHP   1. {main}() /home/ubuntu/workspace/php/12/file_sample.php:0
[24-Jul-2017 14:06:07 UTC] PHP   2. fopen() /home/ubuntu/workspace/php/12/file_sample.php:7
[24-Jul-2017 14:06:07 UTC] PHP Warning:  fclose() expects parameter 1 to be resource, boolean given in /home/ubuntu/workspace/php/12/file_sample.php on line 12
[24-Jul-2017 14:06:07 UTC] PHP Stack trace:
[24-Jul-2017 14:06:07 UTC] PHP   1. {main}() /home/ubuntu/workspace/php/12/file_sample.php:0
[24-Jul-2017 14:06:07 UTC] PHP   2. fclose() /home/ubuntu/workspace/php/12/file_sample.php:12
[24-Jul-2017 14:06:13 UTC] PHP Warning:  fopen(): Filename cannot be empty in /home/ubuntu/workspace/php/12/file_sample.php on line 7
[24-Jul-2017 14:06:13 UTC] PHP Stack trace:
[24-Jul-2017 14:06:13 UTC] PHP   1. {main}() /home/ubuntu/workspace/php/12/file_sample.php:0
[24-Jul-2017 14:06:13 UTC] PHP   2. fopen() /home/ubuntu/workspace/php/12/file_sample.php:7
[24-Jul-2017 14:06:13 UTC] PHP Warning:  fclose() expects parameter 1 to be resource, boolean given in /home/ubuntu/workspace/php/12/file_sample.php on line 12
[24-Jul-2017 14:06:13 UTC] PHP Stack trace:
[24-Jul-2017 14:06:13 UTC] PHP   1. {main}() /home/ubuntu/workspace/php/12/file_sample.php:0
[24-Jul-2017 14:06:13 UTC] PHP   2. fclose() /home/ubuntu/workspace/php/12/file_sample.php:12
[24-Jul-2017 14:07:41 UTC] PHP Warning:  fopen(): Filename cannot be empty in /home/ubuntu/workspace/php/12/file_sample.php on line 7
[24-Jul-2017 14:07:41 UTC] PHP Stack trace:
[24-Jul-2017 14:07:41 UTC] PHP   1. {main}() /home/ubuntu/workspace/php/12/file_sample.php:0
[24-Jul-2017 14:07:41 UTC] PHP   2. fopen() /home/ubuntu/workspace/php/12/file_sample.php:7
[24-Jul-2017 14:07:41 UTC] PHP Warning:  fclose() expects parameter 1 to be resource, boolean given in /home/ubuntu/workspace/php/12/file_sample.php on line 12
[24-Jul-2017 14:07:41 UTC] PHP Stack trace:
[24-Jul-2017 14:07:41 UTC] PHP   1. {main}() /home/ubuntu/workspace/php/12/file_sample.php:0
[24-Jul-2017 14:07:41 UTC] PHP   2. fclose() /home/ubuntu/workspace/php/12/file_sample.php:12
[24-Jul-2017 14:07:43 UTC] PHP Warning:  fopen(): Filename cannot be empty in /home/ubuntu/workspace/php/12/file_sample.php on line 7
[24-Jul-2017 14:07:43 UTC] PHP Stack trace:
[24-Jul-2017 14:07:43 UTC] PHP   1. {main}() /home/ubuntu/workspace/php/12/file_sample.php:0
[24-Jul-2017 14:07:43 UTC] PHP   2. fopen() /home/ubuntu/workspace/php/12/file_sample.php:7
[24-Jul-2017 14:07:43 UTC] PHP Warning:  fclose() expects parameter 1 to be resource, boolean given in /home/ubuntu/workspace/php/12/file_sample.php on line 12
[24-Jul-2017 14:07:43 UTC] PHP Stack trace:
[24-Jul-2017 14:07:43 UTC] PHP   1. {main}() /home/ubuntu/workspace/php/12/file_sample.php:0
[24-Jul-2017 14:07:43 UTC] PHP   2. fclose() /home/ubuntu/workspace/php/12/file_sample.php:12
[24-Jul-2017 15:09:53 UTC] PHP Fatal error:  Cannot use [] for reading in /home/ubuntu/workspace/php/12/challenge_file.php on line 34
[24-Jul-2017 15:10:52 UTC] PHP Warning:  fwrite() expects parameter 1 to be resource, null given in /home/ubuntu/workspace/php/12/challenge_file.php on line 6
[24-Jul-2017 15:10:52 UTC] PHP Stack trace:
[24-Jul-2017 15:10:52 UTC] PHP   1. {main}() /home/ubuntu/workspace/php/12/challenge_file.php:0
[24-Jul-2017 15:10:52 UTC] PHP   2. fwrite() /home/ubuntu/workspace/php/12/challenge_file.php:6
[24-Jul-2017 15:10:52 UTC] PHP Warning:  fclose() expects parameter 1 to be resource, boolean given in /home/ubuntu/workspace/php/12/challenge_file.php on line 10
[24-Jul-2017 15:10:52 UTC] PHP Stack trace:
[24-Jul-2017 15:10:52 UTC] PHP   1. {main}() /home/ubuntu/workspace/php/12/challenge_file.php:0
[24-Jul-2017 15:10:52 UTC] PHP   2. fclose() /home/ubuntu/workspace/php/12/challenge_file.php:10
[24-Jul-2017 15:14:27 UTC] PHP Warning:  fwrite() expects parameter 1 to be resource, boolean given in /home/ubuntu/workspace/php/12/challenge_file.php on line 7
[24-Jul-2017 15:14:27 UTC] PHP Stack trace:
[24-Jul-2017 15:14:27 UTC] PHP   1. {main}() /home/ubuntu/workspace/php/12/challenge_file.php:0
[24-Jul-2017 15:14:27 UTC] PHP   2. fwrite() /home/ubuntu/workspace/php/12/challenge_file.php:7
[24-Jul-2017 15:14:27 UTC] PHP Warning:  fclose() expects parameter 1 to be resource, boolean given in /home/ubuntu/workspace/php/12/challenge_file.php on line 11
[24-Jul-2017 15:14:27 UTC] PHP Stack trace:
[24-Jul-2017 15:14:27 UTC] PHP   1. {main}() /home/ubuntu/workspace/php/12/challenge_file.php:0
[24-Jul-2017 15:14:27 UTC] PHP   2. fclose() /home/ubuntu/workspace/php/12/challenge_file.php:11
[24-Jul-2017 15:27:10 UTC] PHP Warning:  fopen(07月24日 15:27:10./challenge_log.txt): failed to open stream: No such file or directory in /home/ubuntu/workspace/php/12/challenge_file.php on line 7
[24-Jul-2017 15:27:10 UTC] PHP Stack trace:
[24-Jul-2017 15:27:10 UTC] PHP   1. {main}() /home/ubuntu/workspace/php/12/challenge_file.php:0
[24-Jul-2017 15:27:10 UTC] PHP   2. fopen() /home/ubuntu/workspace/php/12/challenge_file.php:7
[24-Jul-2017 15:30:34 UTC] PHP Warning:  fopen(2017-07-24 15:30:34./challenge_log.txt): failed to open stream: No such file or directory in /home/ubuntu/workspace/php/12/challenge_file.php on line 7
[24-Jul-2017 15:30:34 UTC] PHP Stack trace:
[24-Jul-2017 15:30:34 UTC] PHP   1. {main}() /home/ubuntu/workspace/php/12/challenge_file.php:0
[24-Jul-2017 15:30:34 UTC] PHP   2. fopen() /home/ubuntu/workspace/php/12/challenge_file.php:7
[24-Jul-2017 15:31:53 UTC] PHP Warning:  fopen(2017-07-24 15:31:53./challenge_log.txt): failed to open stream: No such file or directory in /home/ubuntu/workspace/php/12/challenge_file.php on line 7
[24-Jul-2017 15:31:53 UTC] PHP Stack trace:
[24-Jul-2017 15:31:53 UTC] PHP   1. {main}() /home/ubuntu/workspace/php/12/challenge_file.php:0
[24-Jul-2017 15:31:53 UTC] PHP   2. fopen() /home/ubuntu/workspace/php/12/challenge_file.php:7
[24-Jul-2017 15:32:05 UTC] PHP Warning:  fopen(2017-07-24 15:32:05./challenge_log.txt): failed to open stream: No such file or directory in /home/ubuntu/workspace/php/12/challenge_file.php on line 7
[24-Jul-2017 15:32:05 UTC] PHP Stack trace:
[24-Jul-2017 15:32:05 UTC] PHP   1. {main}() /home/ubuntu/workspace/php/12/challenge_file.php:0
[24-Jul-2017 15:32:05 UTC] PHP   2. fopen() /home/ubuntu/workspace/php/12/challenge_file.php:7
[25-Jul-2017 14:07:27 UTC] PHP Warning:  Invalid argument supplied for foreach() in /home/ubuntu/workspace/php/12/practice_file_intermediate.php on line 33
[25-Jul-2017 14:07:27 UTC] PHP Stack trace:
[25-Jul-2017 14:07:27 UTC] PHP   1. {main}() /home/ubuntu/workspace/php/12/practice_file_intermediate.php:0
[25-Jul-2017 14:07:50 UTC] PHP Warning:  Invalid argument supplied for foreach() in /home/ubuntu/workspace/php/12/practice_file_intermediate.php on line 33
[25-Jul-2017 14:07:50 UTC] PHP Stack trace:
[25-Jul-2017 14:07:50 UTC] PHP   1. {main}() /home/ubuntu/workspace/php/12/practice_file_intermediate.php:0
[25-Jul-2017 14:12:46 UTC] PHP Parse error:  syntax error, unexpected '$read' (T_VARIABLE) in /home/ubuntu/workspace/php/12/practice_file_intermediate.php on line 34
[25-Jul-2017 23:27:42 UTC] PHP Warning:  Invalid argument supplied for foreach() in /home/ubuntu/workspace/php/12/practice_file_intermediate.php on line 33
[25-Jul-2017 23:27:42 UTC] PHP Stack trace:
[25-Jul-2017 23:27:42 UTC] PHP   1. {main}() /home/ubuntu/workspace/php/12/practice_file_intermediate.php:0
[25-Jul-2017 23:28:11 UTC] PHP Warning:  Invalid argument supplied for foreach() in /home/ubuntu/workspace/php/12/practice_file_intermediate.php on line 33
[25-Jul-2017 23:28:11 UTC] PHP Stack trace:
[25-Jul-2017 23:28:11 UTC] PHP   1. {main}() /home/ubuntu/workspace/php/12/practice_file_intermediate.php:0
[25-Jul-2017 23:28:40 UTC] PHP Warning:  Invalid argument supplied for foreach() in /home/ubuntu/workspace/php/12/practice_file_intermediate.php on line 33
[25-Jul-2017 23:28:40 UTC] PHP Stack trace:
[25-Jul-2017 23:28:40 UTC] PHP   1. {main}() /home/ubuntu/workspace/php/12/practice_file_intermediate.php:0
[27-Jul-2017 14:10:08 UTC] PHP Fatal error:  Call to undefined function Dog() in /home/ubuntu/workspace/php/14/object02.php on line 22
[27-Jul-2017 14:10:08 UTC] PHP Stack trace:
[27-Jul-2017 14:10:08 UTC] PHP   1. {main}() /home/ubuntu/workspace/php/14/object02.php:0
[27-Jul-2017 14:19:50 UTC] PHP Parse error:  syntax error, unexpected '}' in /home/ubuntu/workspace/php/14/practice_object.php on line 18
[28-Jul-2017 14:03:49 UTC] PHP Warning:  explode(): Empty delimiter in /home/ubuntu/workspace/php/12/practice_file_intermediate.php on line 8
[28-Jul-2017 14:03:49 UTC] PHP Stack trace:
[28-Jul-2017 14:03:49 UTC] PHP   1. {main}() /home/ubuntu/workspace/php/12/practice_file_intermediate.php:0
[28-Jul-2017 14:03:49 UTC] PHP   2. explode() /home/ubuntu/workspace/php/12/practice_file_intermediate.php:8
[28-Jul-2017 14:06:42 UTC] PHP Parse error:  syntax error, unexpected ''</div>'' (T_CONSTANT_ENCAPSED_STRING) in /home/ubuntu/workspace/php/12/practice_file_intermediate.php on line 35
[28-Jul-2017 14:15:10 UTC] PHP Parse error:  syntax error, unexpected 'htmlspecialchars' (T_STRING) in /home/ubuntu/workspace/php/12/practice_file_intermediate.php on line 8
[28-Jul-2017 14:45:19 UTC] PHP Parse error:  syntax error, unexpected '<' in /home/ubuntu/workspace/php/12/practice_file_intermediate.php on line 35
[28-Jul-2017 14:59:53 UTC] PHP Fatal error:  Cannot use [] for reading in /home/ubuntu/workspace/php/12/practice_file_intermediate.php on line 9
[28-Jul-2017 15:00:22 UTC] PHP Fatal error:  Cannot use [] for reading in /home/ubuntu/workspace/php/12/practice_file_intermediate.php on line 9
[28-Jul-2017 15:00:34 UTC] PHP Fatal error:  Cannot use [] for reading in /home/ubuntu/workspace/php/12/practice_file_intermediate.php on line 9
[29-Jul-2017 00:21:30 UTC] PHP Warning:  PDO::__construct(): php_network_getaddresses: getaddrinfo failed: Name or service not known in /home/ubuntu/workspace/php/15/db.php on line 17
[29-Jul-2017 00:21:30 UTC] PHP Stack trace:
[29-Jul-2017 00:21:30 UTC] PHP   1. {main}() /home/ubuntu/workspace/php/15/db.php:0
[29-Jul-2017 00:21:30 UTC] PHP   2. PDO->__construct() /home/ubuntu/workspace/php/15/db.php:17
[29-Jul-2017 00:24:17 UTC] PHP Warning:  PDO::__construct(): php_network_getaddresses: getaddrinfo failed: Name or service not known in /home/ubuntu/workspace/php/15/db.php on line 17
[29-Jul-2017 00:24:17 UTC] PHP Stack trace:
[29-Jul-2017 00:24:17 UTC] PHP   1. {main}() /home/ubuntu/workspace/php/15/db.php:0
[29-Jul-2017 00:24:17 UTC] PHP   2. PDO->__construct() /home/ubuntu/workspace/php/15/db.php:17
[29-Jul-2017 00:49:20 UTC] PHP Warning:  PDO::__construct(): php_network_getaddresses: getaddrinfo failed: Name or service not known in /home/ubuntu/workspace/php/15/db.php on line 17
[29-Jul-2017 00:49:20 UTC] PHP Stack trace:
[29-Jul-2017 00:49:20 UTC] PHP   1. {main}() /home/ubuntu/workspace/php/15/db.php:0
[29-Jul-2017 00:49:20 UTC] PHP   2. PDO->__construct() /home/ubuntu/workspace/php/15/db.php:17
[29-Jul-2017 00:51:37 UTC] PHP Warning:  PDO::__construct(): php_network_getaddresses: getaddrinfo failed: Name or service not known in /home/ubuntu/workspace/php/15/db.php on line 17
[29-Jul-2017 00:51:37 UTC] PHP Stack trace:
[29-Jul-2017 00:51:37 UTC] PHP   1. {main}() /home/ubuntu/workspace/php/15/db.php:0
[29-Jul-2017 00:51:37 UTC] PHP   2. PDO->__construct() /home/ubuntu/workspace/php/15/db.php:17
[29-Jul-2017 00:52:21 UTC] PHP Warning:  PDO::__construct(): php_network_getaddresses: getaddrinfo failed: Name or service not known in /home/ubuntu/workspace/php/15/db.php on line 18
[29-Jul-2017 00:52:21 UTC] PHP Stack trace:
[29-Jul-2017 00:52:21 UTC] PHP   1. {main}() /home/ubuntu/workspace/php/15/db.php:0
[29-Jul-2017 00:52:21 UTC] PHP   2. PDO->__construct() /home/ubuntu/workspace/php/15/db.php:18
[29-Jul-2017 00:52:32 UTC] PHP Warning:  PDO::__construct(): php_network_getaddresses: getaddrinfo failed: Name or service not known in /home/ubuntu/workspace/php/15/db.php on line 17
[29-Jul-2017 00:52:32 UTC] PHP Stack trace:
[29-Jul-2017 00:52:32 UTC] PHP   1. {main}() /home/ubuntu/workspace/php/15/db.php:0
[29-Jul-2017 00:52:32 UTC] PHP   2. PDO->__construct() /home/ubuntu/workspace/php/15/db.php:17
[29-Jul-2017 00:53:16 UTC] PHP Warning:  PDO::__construct(): php_network_getaddresses: getaddrinfo failed: Name or service not known in /home/ubuntu/workspace/php/15/db.php on line 17
[29-Jul-2017 00:53:16 UTC] PHP Stack trace:
[29-Jul-2017 00:53:16 UTC] PHP   1. {main}() /home/ubuntu/workspace/php/15/db.php:0
[29-Jul-2017 00:53:16 UTC] PHP   2. PDO->__construct() /home/ubuntu/workspace/php/15/db.php:17
[29-Jul-2017 00:53:45 UTC] PHP Warning:  PDO::__construct(): php_network_getaddresses: getaddrinfo failed: Name or service not known in /home/ubuntu/workspace/php/15/db.php on line 17
[29-Jul-2017 00:53:45 UTC] PHP Stack trace:
[29-Jul-2017 00:53:45 UTC] PHP   1. {main}() /home/ubuntu/workspace/php/15/db.php:0
[29-Jul-2017 00:53:45 UTC] PHP   2. PDO->__construct() /home/ubuntu/workspace/php/15/db.php:17
[29-Jul-2017 00:54:02 UTC] PHP Warning:  PDO::__construct(): php_network_getaddresses: getaddrinfo failed: Name or service not known in /home/ubuntu/workspace/php/15/db.php on line 17
[29-Jul-2017 00:54:02 UTC] PHP Stack trace:
[29-Jul-2017 00:54:02 UTC] PHP   1. {main}() /home/ubuntu/workspace/php/15/db.php:0
[29-Jul-2017 00:54:02 UTC] PHP   2. PDO->__construct() /home/ubuntu/workspace/php/15/db.php:17
[29-Jul-2017 00:56:02 UTC] PHP Warning:  PDO::__construct(): php_network_getaddresses: getaddrinfo failed: Name or service not known in /home/ubuntu/workspace/php/15/db.php on line 17
[29-Jul-2017 00:56:02 UTC] PHP Stack trace:
[29-Jul-2017 00:56:02 UTC] PHP   1. {main}() /home/ubuntu/workspace/php/15/db.php:0
[29-Jul-2017 00:56:02 UTC] PHP   2. PDO->__construct() /home/ubuntu/workspace/php/15/db.php:17
[29-Jul-2017 02:11:35 UTC] PHP Warning:  Invalid argument supplied for foreach() in /home/ubuntu/workspace/php/15/bbs.php on line 54
[29-Jul-2017 02:11:35 UTC] PHP Stack trace:
[29-Jul-2017 02:11:35 UTC] PHP   1. {main}() /home/ubuntu/workspace/php/15/bbs.php:0
[29-Jul-2017 02:14:18 UTC] PHP Warning:  Invalid argument supplied for foreach() in /home/ubuntu/workspace/php/15/bbs.php on line 54
[29-Jul-2017 02:14:18 UTC] PHP Stack trace:
[29-Jul-2017 02:14:18 UTC] PHP   1. {main}() /home/ubuntu/workspace/php/15/bbs.php:0
[29-Jul-2017 02:19:09 UTC] PHP Warning:  Invalid argument supplied for foreach() in /home/ubuntu/workspace/php/15/bbs.php on line 55
[29-Jul-2017 02:19:09 UTC] PHP Stack trace:
[29-Jul-2017 02:19:09 UTC] PHP   1. {main}() /home/ubuntu/workspace/php/15/bbs.php:0
[29-Jul-2017 02:23:25 UTC] PHP Warning:  Invalid argument supplied for foreach() in /home/ubuntu/workspace/php/15/bbs.php on line 54
[29-Jul-2017 02:23:25 UTC] PHP Stack trace:
[29-Jul-2017 02:23:25 UTC] PHP   1. {main}() /home/ubuntu/workspace/php/15/bbs.php:0
[29-Jul-2017 02:24:31 UTC] PHP Warning:  Invalid argument supplied for foreach() in /home/ubuntu/workspace/php/15/bbs.php on line 54
[29-Jul-2017 02:24:31 UTC] PHP Stack trace:
[29-Jul-2017 02:24:31 UTC] PHP   1. {main}() /home/ubuntu/workspace/php/15/bbs.php:0
[29-Jul-2017 02:28:30 UTC] PHP Warning:  Invalid argument supplied for foreach() in /home/ubuntu/workspace/php/15/bbs.php on line 54
[29-Jul-2017 02:28:30 UTC] PHP Stack trace:
[29-Jul-2017 02:28:30 UTC] PHP   1. {main}() /home/ubuntu/workspace/php/15/bbs.php:0
[29-Jul-2017 08:16:36 UTC] PHP Fatal error:  Call to undefined method PDO::fetchAll() in /home/ubuntu/workspace/php/16/querry.php on line 25
[29-Jul-2017 08:16:36 UTC] PHP Stack trace:
[29-Jul-2017 08:16:36 UTC] PHP   1. {main}() /home/ubuntu/workspace/php/16/querry.php:0
[29-Jul-2017 08:29:50 UTC] PHP Fatal error:  Undefined class constant 'EXCEPTION' in /home/ubuntu/workspace/php/16/exec.php on line 18
[29-Jul-2017 08:29:50 UTC] PHP Stack trace:
[29-Jul-2017 08:29:50 UTC] PHP   1. {main}() /home/ubuntu/workspace/php/16/exec.php:0
[29-Jul-2017 15:20:40 UTC] PHP Warning:  move_uploaded_file(./img/a2e2cbb4c4eea25c3db2ea10ee3abc26e9ff9a1b.jpg): failed to open stream: No such file or directory in /home/ubuntu/workspace/php/16/manage.php on line 18
[29-Jul-2017 15:20:40 UTC] PHP Stack trace:
[29-Jul-2017 15:20:40 UTC] PHP   1. {main}() /home/ubuntu/workspace/php/16/manage.php:0
[29-Jul-2017 15:20:40 UTC] PHP   2. move_uploaded_file() /home/ubuntu/workspace/php/16/manage.php:18
[29-Jul-2017 15:20:40 UTC] PHP Warning:  move_uploaded_file(): Unable to move '/tmp/phpPBjdE4' to './img/a2e2cbb4c4eea25c3db2ea10ee3abc26e9ff9a1b.jpg' in /home/ubuntu/workspace/php/16/manage.php on line 18
[29-Jul-2017 15:20:40 UTC] PHP Stack trace:
[29-Jul-2017 15:20:40 UTC] PHP   1. {main}() /home/ubuntu/workspace/php/16/manage.php:0
[29-Jul-2017 15:20:40 UTC] PHP   2. move_uploaded_file() /home/ubuntu/workspace/php/16/manage.php:18
[29-Jul-2017 15:24:10 UTC] PHP Warning:  move_uploaded_file(./img/4be6223336ea24aa086f9dce98a145f1ac2dad38.jpg): failed to open stream: No such file or directory in /home/ubuntu/workspace/php/16/manage.php on line 18
[29-Jul-2017 15:24:10 UTC] PHP Stack trace:
[29-Jul-2017 15:24:10 UTC] PHP   1. {main}() /home/ubuntu/workspace/php/16/manage.php:0
[29-Jul-2017 15:24:10 UTC] PHP   2. move_uploaded_file() /home/ubuntu/workspace/php/16/manage.php:18
[29-Jul-2017 15:24:10 UTC] PHP Warning:  move_uploaded_file(): Unable to move '/tmp/phpOrOKOs' to './img/4be6223336ea24aa086f9dce98a145f1ac2dad38.jpg' in /home/ubuntu/workspace/php/16/manage.php on line 18
[29-Jul-2017 15:24:10 UTC] PHP Stack trace:
[29-Jul-2017 15:24:10 UTC] PHP   1. {main}() /home/ubuntu/workspace/php/16/manage.php:0
[29-Jul-2017 15:24:10 UTC] PHP   2. move_uploaded_file() /home/ubuntu/workspace/php/16/manage.php:18
[29-Jul-2017 15:25:05 UTC] PHP Warning:  move_uploaded_file(./php/img/575474cb65649a045ea966e22ef85acf2c73a392.jpg): failed to open stream: No such file or directory in /home/ubuntu/workspace/php/16/manage.php on line 18
[29-Jul-2017 15:25:05 UTC] PHP Stack trace:
[29-Jul-2017 15:25:05 UTC] PHP   1. {main}() /home/ubuntu/workspace/php/16/manage.php:0
[29-Jul-2017 15:25:05 UTC] PHP   2. move_uploaded_file() /home/ubuntu/workspace/php/16/manage.php:18
[29-Jul-2017 15:25:05 UTC] PHP Warning:  move_uploaded_file(): Unable to move '/tmp/phpu9hF9m' to './php/img/575474cb65649a045ea966e22ef85acf2c73a392.jpg' in /home/ubuntu/workspace/php/16/manage.php on line 18
[29-Jul-2017 15:25:05 UTC] PHP Stack trace:
[29-Jul-2017 15:25:05 UTC] PHP   1. {main}() /home/ubuntu/workspace/php/16/manage.php:0
[29-Jul-2017 15:25:05 UTC] PHP   2. move_uploaded_file() /home/ubuntu/workspace/php/16/manage.php:18
[30-Jul-2017 01:07:59 UTC] PHP Parse error:  syntax error, unexpected '$sql' (T_VARIABLE) in /home/ubuntu/workspace/php/16/transaction.php on line 24
[30-Jul-2017 01:09:27 UTC] PHP Fatal error:  Undefined class constant 'ATTE_EMULATE_PREPARES' in /home/ubuntu/workspace/php/16/transaction.php on line 19
[30-Jul-2017 01:09:27 UTC] PHP Stack trace:
[30-Jul-2017 01:09:27 UTC] PHP   1. {main}() /home/ubuntu/workspace/php/16/transaction.php:0
[30-Jul-2017 08:45:58 UTC] PHP Fatal error:  Call to a member function prepare() on a non-object in /home/ubuntu/workspace/php/16/manage.php on line 46
[30-Jul-2017 08:45:58 UTC] PHP Stack trace:
[30-Jul-2017 08:45:58 UTC] PHP   1. {main}() /home/ubuntu/workspace/php/16/manage.php:0
[30-Jul-2017 08:47:23 UTC] PHP Fatal error:  Call to a member function prepare() on a non-object in /home/ubuntu/workspace/php/16/manage.php on line 46
[30-Jul-2017 08:47:23 UTC] PHP Stack trace:
[30-Jul-2017 08:47:23 UTC] PHP   1. {main}() /home/ubuntu/workspace/php/16/manage.php:0
[30-Jul-2017 08:54:17 UTC] PHP Fatal error:  Call to a member function prepare() on a non-object in /home/ubuntu/workspace/php/16/manage.php on line 46
[30-Jul-2017 08:54:17 UTC] PHP Stack trace:
[30-Jul-2017 08:54:17 UTC] PHP   1. {main}() /home/ubuntu/workspace/php/16/manage.php:0
[30-Jul-2017 08:55:08 UTC] PHP Parse error:  syntax error, unexpected 'Y' (T_STRING) in /home/ubuntu/workspace/php/16/manage.php on line 45
[30-Jul-2017 08:55:38 UTC] PHP Fatal error:  Call to a member function prepare() on a non-object in /home/ubuntu/workspace/php/16/manage.php on line 46
[30-Jul-2017 08:55:38 UTC] PHP Stack trace:
[30-Jul-2017 08:55:38 UTC] PHP   1. {main}() /home/ubuntu/workspace/php/16/manage.php:0
[30-Jul-2017 08:57:25 UTC] PHP Fatal error:  Call to a member function prepare() on a non-object in /home/ubuntu/workspace/php/16/manage.php on line 46
[30-Jul-2017 08:57:25 UTC] PHP Stack trace:
[30-Jul-2017 08:57:25 UTC] PHP   1. {main}() /home/ubuntu/workspace/php/16/manage.php:0
[30-Jul-2017 08:58:09 UTC] PHP Fatal error:  Call to a member function bindValue() on a non-object in /home/ubuntu/workspace/php/16/manage.php on line 47
[30-Jul-2017 08:58:09 UTC] PHP Stack trace:
[30-Jul-2017 08:58:09 UTC] PHP   1. {main}() /home/ubuntu/workspace/php/16/manage.php:0
[30-Jul-2017 09:00:47 UTC] PHP Fatal error:  Call to a member function exec() on a non-object in /home/ubuntu/workspace/php/16/manage.php on line 50
[30-Jul-2017 09:00:47 UTC] PHP Stack trace:
[30-Jul-2017 09:00:47 UTC] PHP   1. {main}() /home/ubuntu/workspace/php/16/manage.php:0
[30-Jul-2017 14:35:17 UTC] PHP Parse error:  syntax error, unexpected ',' in /home/ubuntu/workspace/php/17/practice_preg_match.php on line 27
[31-Jul-2017 22:26:03 UTC] PHP Warning:  preg_match(): Delimiter must not be alphanumeric or backslash in /home/ubuntu/workspace/php/18/validation.php on line 19
[31-Jul-2017 22:26:03 UTC] PHP Stack trace:
[31-Jul-2017 22:26:03 UTC] PHP   1. {main}() /home/ubuntu/workspace/php/18/validation.php:0
[31-Jul-2017 22:26:03 UTC] PHP   2. preg_match() /home/ubuntu/workspace/php/18/validation.php:19
[31-Jul-2017 22:28:29 UTC] PHP Warning:  preg_match(): Delimiter must not be alphanumeric or backslash in /home/ubuntu/workspace/php/18/validation.php on line 19
[31-Jul-2017 22:28:29 UTC] PHP Stack trace:
[31-Jul-2017 22:28:29 UTC] PHP   1. {main}() /home/ubuntu/workspace/php/18/validation.php:0
[31-Jul-2017 22:28:29 UTC] PHP   2. preg_match() /home/ubuntu/workspace/php/18/validation.php:19
[01-Aug-2017 14:55:26 UTC] PHP Warning:  require(./conf/setting.php): failed to open stream: No such file or directory in /home/ubuntu/workspace/php/19/controller.php on line 2
[01-Aug-2017 14:55:26 UTC] PHP Stack trace:
[01-Aug-2017 14:55:26 UTC] PHP   1. {main}() /home/ubuntu/workspace/php/19/controller.php:0
[01-Aug-2017 14:55:26 UTC] PHP Fatal error:  require(): Failed opening required './conf/setting.php' (include_path='.:/usr/share/php:/usr/share/pear') in /home/ubuntu/workspace/php/19/controller.php on line 2
[01-Aug-2017 14:55:26 UTC] PHP Stack trace:
[01-Aug-2017 14:55:26 UTC] PHP   1. {main}() /home/ubuntu/workspace/php/19/controller.php:0
[01-Aug-2017 23:42:06 UTC] PHP Fatal error:  Call to undefined function validate() in /home/ubuntu/workspace/php/20/controller.php on line 9
[01-Aug-2017 23:42:06 UTC] PHP Stack trace:
[01-Aug-2017 23:42:06 UTC] PHP   1. {main}() /home/ubuntu/workspace/php/20/controller.php:0
[01-Aug-2017 23:43:30 UTC] PHP Fatal error:  Call to undefined function validate() in /home/ubuntu/workspace/php/20/controller.php on line 9
[01-Aug-2017 23:43:30 UTC] PHP Stack trace:
[01-Aug-2017 23:43:30 UTC] PHP   1. {main}() /home/ubuntu/workspace/php/20/controller.php:0
[01-Aug-2017 23:43:51 UTC] PHP Fatal error:  Call to undefined function validation() in /home/ubuntu/workspace/php/20/controller.php on line 9
[01-Aug-2017 23:43:51 UTC] PHP Stack trace:
[01-Aug-2017 23:43:51 UTC] PHP   1. {main}() /home/ubuntu/workspace/php/20/controller.php:0
[01-Aug-2017 23:44:55 UTC] PHP Fatal error:  Call to undefined function add_comment_table() in /home/ubuntu/workspace/php/20/controller.php on line 11
[01-Aug-2017 23:44:55 UTC] PHP Stack trace:
[01-Aug-2017 23:44:55 UTC] PHP   1. {main}() /home/ubuntu/workspace/php/20/controller.php:0
[02-Aug-2017 02:37:37 UTC] PHP Warning:  Invalid argument supplied for foreach() in /home/ubuntu/workspace/php/20/view/view.php on line 13
[02-Aug-2017 02:37:37 UTC] PHP Stack trace:
[02-Aug-2017 02:37:37 UTC] PHP   1. {main}() /home/ubuntu/workspace/php/20/controller.php:0
[02-Aug-2017 02:37:37 UTC] PHP   2. include_once() /home/ubuntu/workspace/php/20/controller.php:17
[02-Aug-2017 02:41:25 UTC] PHP Warning:  Invalid argument supplied for foreach() in /home/ubuntu/workspace/php/20/view/view.php on line 13
[02-Aug-2017 02:41:25 UTC] PHP Stack trace:
[02-Aug-2017 02:41:25 UTC] PHP   1. {main}() /home/ubuntu/workspace/php/20/controller.php:0
[02-Aug-2017 02:41:25 UTC] PHP   2. include_once() /home/ubuntu/workspace/php/20/controller.php:17
[02-Aug-2017 02:41:38 UTC] PHP Warning:  Invalid argument supplied for foreach() in /home/ubuntu/workspace/php/20/view/view.php on line 13
[02-Aug-2017 02:41:38 UTC] PHP Stack trace:
[02-Aug-2017 02:41:38 UTC] PHP   1. {main}() /home/ubuntu/workspace/php/20/controller.php:0
[02-Aug-2017 02:41:38 UTC] PHP   2. include_once() /home/ubuntu/workspace/php/20/controller.php:17
[02-Aug-2017 15:26:23 UTC] PHP Fatal error:  Call to undefined function get_db_connect() in /home/ubuntu/workspace/php/21/tool.php on line 7
[02-Aug-2017 15:26:23 UTC] PHP Stack trace:
[02-Aug-2017 15:26:23 UTC] PHP   1. {main}() /home/ubuntu/workspace/php/21/tool.php:0
[02-Aug-2017 16:25:17 UTC] PHP Fatal error:  Call to undefined function get_list_drink() in /home/ubuntu/workspace/php/21/tool.php on line 12
[02-Aug-2017 16:25:17 UTC] PHP Stack trace:
[02-Aug-2017 16:25:17 UTC] PHP   1. {main}() /home/ubuntu/workspace/php/21/tool.php:0
[02-Aug-2017 16:26:26 UTC] PHP Warning:  move_uploaded_file(img/66ddd7911ab8daecaeb1be2ad5163d2194c057c9.jpg): failed to open stream: No such file or directory in /home/ubuntu/workspace/php/21/model/function.php on line 15
[02-Aug-2017 16:26:26 UTC] PHP Stack trace:
[02-Aug-2017 16:26:26 UTC] PHP   1. {main}() /home/ubuntu/workspace/php/21/tool.php:0
[02-Aug-2017 16:26:26 UTC] PHP   2. validation() /home/ubuntu/workspace/php/21/tool.php:7
[02-Aug-2017 16:26:26 UTC] PHP   3. move_uploaded_file() /home/ubuntu/workspace/php/21/model/function.php:15
[02-Aug-2017 16:26:26 UTC] PHP Warning:  move_uploaded_file(): Unable to move '/tmp/phprzziZB' to 'img/66ddd7911ab8daecaeb1be2ad5163d2194c057c9.jpg' in /home/ubuntu/workspace/php/21/model/function.php on line 15
[02-Aug-2017 16:26:26 UTC] PHP Stack trace:
[02-Aug-2017 16:26:26 UTC] PHP   1. {main}() /home/ubuntu/workspace/php/21/tool.php:0
[02-Aug-2017 16:26:26 UTC] PHP   2. validation() /home/ubuntu/workspace/php/21/tool.php:7
[02-Aug-2017 16:26:26 UTC] PHP   3. move_uploaded_file() /home/ubuntu/workspace/php/21/model/function.php:15
[02-Aug-2017 16:50:07 UTC] PHP Warning:  Invalid argument supplied for foreach() in /home/ubuntu/workspace/php/21/view/tool.php on line 21
[02-Aug-2017 16:50:07 UTC] PHP Stack trace:
[02-Aug-2017 16:50:07 UTC] PHP   1. {main}() /home/ubuntu/workspace/php/21/tool.php:0
[02-Aug-2017 16:50:07 UTC] PHP   2. include_once() /home/ubuntu/workspace/php/21/tool.php:18
[02-Aug-2017 17:12:17 UTC] PHP Warning:  Invalid argument supplied for foreach() in /home/ubuntu/workspace/php/21/view/tool.php on line 21
[02-Aug-2017 17:12:17 UTC] PHP Stack trace:
[02-Aug-2017 17:12:17 UTC] PHP   1. {main}() /home/ubuntu/workspace/php/21/tool.php:0
[02-Aug-2017 17:12:17 UTC] PHP   2. include_once() /home/ubuntu/workspace/php/21/tool.php:18
[02-Aug-2017 17:12:22 UTC] PHP Warning:  Invalid argument supplied for foreach() in /home/ubuntu/workspace/php/21/view/tool.php on line 21
[02-Aug-2017 17:12:22 UTC] PHP Stack trace:
[02-Aug-2017 17:12:22 UTC] PHP   1. {main}() /home/ubuntu/workspace/php/21/tool.php:0
[02-Aug-2017 17:12:22 UTC] PHP   2. include_once() /home/ubuntu/workspace/php/21/tool.php:18
[02-Aug-2017 17:13:46 UTC] PHP Warning:  Invalid argument supplied for foreach() in /home/ubuntu/workspace/php/21/view/tool.php on line 21
[02-Aug-2017 17:13:46 UTC] PHP Stack trace:
[02-Aug-2017 17:13:46 UTC] PHP   1. {main}() /home/ubuntu/workspace/php/21/tool.php:0
[02-Aug-2017 17:13:46 UTC] PHP   2. include_once() /home/ubuntu/workspace/php/21/tool.php:18
[02-Aug-2017 17:13:49 UTC] PHP Warning:  Invalid argument supplied for foreach() in /home/ubuntu/workspace/php/21/view/tool.php on line 21
[02-Aug-2017 17:13:49 UTC] PHP Stack trace:
[02-Aug-2017 17:13:49 UTC] PHP   1. {main}() /home/ubuntu/workspace/php/21/tool.php:0
[02-Aug-2017 17:13:49 UTC] PHP   2. include_once() /home/ubuntu/workspace/php/21/tool.php:18
[02-Aug-2017 17:16:19 UTC] PHP Warning:  Invalid argument supplied for foreach() in /home/ubuntu/workspace/php/21/view/tool.php on line 21
[02-Aug-2017 17:16:19 UTC] PHP Stack trace:
[02-Aug-2017 17:16:19 UTC] PHP   1. {main}() /home/ubuntu/workspace/php/21/tool.php:0
[02-Aug-2017 17:16:19 UTC] PHP   2. include_once() /home/ubuntu/workspace/php/21/tool.php:17
[03-Aug-2017 02:18:13 UTC] PHP Fatal error:  Call to a member function prepare() on a non-object in /home/ubuntu/workspace/php/21/model/function.php on line 68
[03-Aug-2017 02:18:13 UTC] PHP Stack trace:
[03-Aug-2017 02:18:13 UTC] PHP   1. {main}() /home/ubuntu/workspace/php/21/tool.php:0
[03-Aug-2017 02:18:13 UTC] PHP   2. validation() /home/ubuntu/workspace/php/21/tool.php:7
[03-Aug-2017 02:18:13 UTC] PHP   3. add_drink_table() /home/ubuntu/workspace/php/21/model/function.php:40
[03-Aug-2017 02:18:41 UTC] PHP Fatal error:  Call to a member function prepare() on a non-object in /home/ubuntu/workspace/php/21/model/function.php on line 68
[03-Aug-2017 02:18:41 UTC] PHP Stack trace:
[03-Aug-2017 02:18:41 UTC] PHP   1. {main}() /home/ubuntu/workspace/php/21/tool.php:0
[03-Aug-2017 02:18:41 UTC] PHP   2. validation() /home/ubuntu/workspace/php/21/tool.php:7
[03-Aug-2017 02:18:41 UTC] PHP   3. add_drink_table() /home/ubuntu/workspace/php/21/model/function.php:40
[03-Aug-2017 04:16:29 UTC] PHP Warning:  Invalid argument supplied for foreach() in /home/ubuntu/workspace/php/21/view/tool.php on line 38
[03-Aug-2017 04:16:29 UTC] PHP Stack trace:
[03-Aug-2017 04:16:29 UTC] PHP   1. {main}() /home/ubuntu/workspace/php/21/tool.php:0
[03-Aug-2017 04:16:29 UTC] PHP   2. include_once() /home/ubuntu/workspace/php/21/tool.php:29
[03-Aug-2017 06:28:52 UTC] PHP Warning:  Missing argument 6 for update_stock_table(), called in /home/ubuntu/workspace/php/21/tool.php on line 29 and defined in /home/ubuntu/workspace/php/21/model/function.php on line 126
[03-Aug-2017 06:28:52 UTC] PHP Stack trace:
[03-Aug-2017 06:28:52 UTC] PHP   1. {main}() /home/ubuntu/workspace/php/21/tool.php:0
[03-Aug-2017 06:28:52 UTC] PHP   2. update_stock_table() /home/ubuntu/workspace/php/21/tool.php:29
[03-Aug-2017 06:28:52 UTC] PHP Warning:  Missing argument 7 for update_stock_table(), called in /home/ubuntu/workspace/php/21/tool.php on line 29 and defined in /home/ubuntu/workspace/php/21/model/function.php on line 126
[03-Aug-2017 06:28:52 UTC] PHP Stack trace:
[03-Aug-2017 06:28:52 UTC] PHP   1. {main}() /home/ubuntu/workspace/php/21/tool.php:0
[03-Aug-2017 06:28:52 UTC] PHP   2. update_stock_table() /home/ubuntu/workspace/php/21/tool.php:29
[03-Aug-2017 08:22:14 UTC] PHP Parse error:  syntax error, unexpected end of file in /home/ubuntu/workspace/php/21/model/function.php on line 119
[03-Aug-2017 08:22:14 UTC] PHP Stack trace:
[03-Aug-2017 08:22:14 UTC] PHP   1. {main}() /home/ubuntu/workspace/php/21/tool.php:0
[03-Aug-2017 23:12:19 UTC] PHP Fatal error:  Uncaught exception 'PDOException' with message 'SQLSTATE[42S22]: Column not found: 1054 Unknown column 'v.status' in 'where clause'' in /home/ubuntu/workspace/php/21/model/function.php:93
Stack trace:
#0 /home/ubuntu/workspace/php/21/model/function.php(93): PDO->query('select u.drink_...')
#1 /home/ubuntu/workspace/php/21/index1.php(7): get_list_drink_active(Object(PDO))
#2 {main}
  thrown in /home/ubuntu/workspace/php/21/model/function.php on line 93
[03-Aug-2017 23:48:33 UTC] PHP Parse error:  syntax error, unexpected '円' (T_STRING) in /home/ubuntu/workspace/php/21/view/index1.php on line 16
[03-Aug-2017 23:48:33 UTC] PHP Stack trace:
[03-Aug-2017 23:48:33 UTC] PHP   1. {main}() /home/ubuntu/workspace/php/21/index1.php:0
[04-Aug-2017 04:03:24 UTC] PHP Fatal error:  Call to undefined function validation_result() in /home/ubuntu/workspace/php/21/result.php on line 10
[04-Aug-2017 04:03:24 UTC] PHP Stack trace:
[04-Aug-2017 04:03:24 UTC] PHP   1. {main}() /home/ubuntu/workspace/php/21/result.php:0
[04-Aug-2017 04:05:21 UTC] PHP Fatal error:  Call to undefined function validation_result() in /home/ubuntu/workspace/php/21/result.php on line 10
[04-Aug-2017 04:05:21 UTC] PHP Stack trace:
[04-Aug-2017 04:05:21 UTC] PHP   1. {main}() /home/ubuntu/workspace/php/21/result.php:0
[04-Aug-2017 04:06:08 UTC] PHP Fatal error:  Call to undefined function validation_result() in /home/ubuntu/workspace/php/21/result.php on line 10
[04-Aug-2017 04:06:08 UTC] PHP Stack trace:
[04-Aug-2017 04:06:08 UTC] PHP   1. {main}() /home/ubuntu/workspace/php/21/result.php:0
[04-Aug-2017 05:26:35 UTC] PHP Fatal error:  Call to a member function prepare() on a non-object in /home/ubuntu/workspace/php/21/model/function.php on line 102
[04-Aug-2017 05:26:35 UTC] PHP Stack trace:
[04-Aug-2017 05:26:35 UTC] PHP   1. {main}() /home/ubuntu/workspace/php/21/result.php:0
[04-Aug-2017 05:26:35 UTC] PHP   2. validation_result() /home/ubuntu/workspace/php/21/result.php:12
[04-Aug-2017 05:26:35 UTC] PHP   3. get_item_drink() /home/ubuntu/workspace/php/21/model/function.php:42
[04-Aug-2017 06:28:59 UTC] PHP Fatal error:  Call to a member function prepare() on a non-object in /home/ubuntu/workspace/php/21/model/function.php on line 140
[04-Aug-2017 06:28:59 UTC] PHP Stack trace:
[04-Aug-2017 06:28:59 UTC] PHP   1. {main}() /home/ubuntu/workspace/php/21/result.php:0
[04-Aug-2017 06:28:59 UTC] PHP   2. update_stock_item() /home/ubuntu/workspace/php/21/result.php:14
[04-Aug-2017 06:34:35 UTC] PHP Fatal error:  Call to a member function prepare() on a non-object in /home/ubuntu/workspace/php/21/model/function.php on line 142
[04-Aug-2017 06:34:35 UTC] PHP Stack trace:
[04-Aug-2017 06:34:35 UTC] PHP   1. {main}() /home/ubuntu/workspace/php/21/result.php:0
[04-Aug-2017 06:34:35 UTC] PHP   2. update_stock_item() /home/ubuntu/workspace/php/21/result.php:14
[04-Aug-2017 06:40:41 UTC] PHP Fatal error:  Call to a member function prepare() on a non-object in /home/ubuntu/workspace/php/21/model/function.php on line 134
[04-Aug-2017 06:40:41 UTC] PHP Stack trace:
[04-Aug-2017 06:40:41 UTC] PHP   1. {main}() /home/ubuntu/workspace/php/21/result.php:0
[04-Aug-2017 06:40:41 UTC] PHP   2. update_stock_item() /home/ubuntu/workspace/php/21/result.php:17
[04-Aug-2017 06:42:09 UTC] PHP Fatal error:  Call to a member function bindValue() on a non-object in /home/ubuntu/workspace/php/21/model/function.php on line 135
[04-Aug-2017 06:42:09 UTC] PHP Stack trace:
[04-Aug-2017 06:42:09 UTC] PHP   1. {main}() /home/ubuntu/workspace/php/21/result.php:0
[04-Aug-2017 06:42:09 UTC] PHP   2. update_stock_item() /home/ubuntu/workspace/php/21/result.php:17
[04-Aug-2017 10:15:20 UTC] PHP Warning:  htmlspecialchars(): charset `UTF8' not supported, assuming utf-8 in /home/ubuntu/workspace/php/21/tool.php on line 9
[04-Aug-2017 10:15:20 UTC] PHP Stack trace:
[04-Aug-2017 10:15:20 UTC] PHP   1. {main}() /home/ubuntu/workspace/php/21/tool.php:0
[04-Aug-2017 10:15:20 UTC] PHP   2. htmlspecialchars() /home/ubuntu/workspace/php/21/tool.php:9
[04-Aug-2017 10:22:51 UTC] PHP Parse error:  syntax error, unexpected end of file in /home/ubuntu/workspace/php/21/model/function.php on line 171
[04-Aug-2017 10:22:51 UTC] PHP Stack trace:
[04-Aug-2017 10:22:51 UTC] PHP   1. {main}() /home/ubuntu/workspace/php/21/tool.php:0
[04-Aug-2017 10:24:55 UTC] PHP Parse error:  syntax error, unexpected end of file in /home/ubuntu/workspace/php/21/model/function.php on line 171
[04-Aug-2017 10:24:55 UTC] PHP Stack trace:
[04-Aug-2017 10:24:55 UTC] PHP   1. {main}() /home/ubuntu/workspace/php/21/tool.php:0
[04-Aug-2017 10:28:56 UTC] PHP Fatal error:  Call to a member function query() on a non-object in /home/ubuntu/workspace/php/21/model/function.php on line 112
[04-Aug-2017 10:28:56 UTC] PHP Stack trace:
[04-Aug-2017 10:28:56 UTC] PHP   1. {main}() /home/ubuntu/workspace/php/21/tool.php:0
[04-Aug-2017 10:28:56 UTC] PHP   2. get_list_drink() /home/ubuntu/workspace/php/21/tool.php:43
[04-Aug-2017 10:29:15 UTC] PHP Fatal error:  Call to a member function query() on a non-object in /home/ubuntu/workspace/php/21/model/function.php on line 112
[04-Aug-2017 10:29:15 UTC] PHP Stack trace:
[04-Aug-2017 10:29:15 UTC] PHP   1. {main}() /home/ubuntu/workspace/php/21/tool.php:0
[04-Aug-2017 10:29:15 UTC] PHP   2. get_list_drink() /home/ubuntu/workspace/php/21/tool.php:43
[05-Aug-2017 07:08:35 UTC] PHP Fatal error:  Call to undefined function get_post_date() in /home/ubuntu/workspace/php/22/session_sample_login.php on line 8
[05-Aug-2017 07:08:35 UTC] PHP Stack trace:
[05-Aug-2017 07:08:35 UTC] PHP   1. {main}() /home/ubuntu/workspace/php/22/session_sample_login.php:0
[05-Aug-2017 13:12:44 UTC] PHP Warning:  max(): When only one parameter is given, it must be an array in /home/ubuntu/workspace/php/22/challenge_cookie.php on line 22
[05-Aug-2017 13:12:44 UTC] PHP Stack trace:
[05-Aug-2017 13:12:44 UTC] PHP   1. {main}() /home/ubuntu/workspace/php/22/challenge_cookie.php:0
[05-Aug-2017 13:12:44 UTC] PHP   2. max() /home/ubuntu/workspace/php/22/challenge_cookie.php:22
[05-Aug-2017 13:13:05 UTC] PHP Warning:  max(): When only one parameter is given, it must be an array in /home/ubuntu/workspace/php/22/challenge_cookie.php on line 22
[05-Aug-2017 13:13:05 UTC] PHP Stack trace:
[05-Aug-2017 13:13:05 UTC] PHP   1. {main}() /home/ubuntu/workspace/php/22/challenge_cookie.php:0
[05-Aug-2017 13:13:05 UTC] PHP   2. max() /home/ubuntu/workspace/php/22/challenge_cookie.php:22
[05-Aug-2017 13:13:08 UTC] PHP Warning:  max(): When only one parameter is given, it must be an array in /home/ubuntu/workspace/php/22/challenge_cookie.php on line 22
[05-Aug-2017 13:13:08 UTC] PHP Stack trace:
[05-Aug-2017 13:13:08 UTC] PHP   1. {main}() /home/ubuntu/workspace/php/22/challenge_cookie.php:0
[05-Aug-2017 13:13:08 UTC] PHP   2. max() /home/ubuntu/workspace/php/22/challenge_cookie.php:22
[05-Aug-2017 13:13:09 UTC] PHP Warning:  max(): When only one parameter is given, it must be an array in /home/ubuntu/workspace/php/22/challenge_cookie.php on line 22
[05-Aug-2017 13:13:09 UTC] PHP Stack trace:
[05-Aug-2017 13:13:09 UTC] PHP   1. {main}() /home/ubuntu/workspace/php/22/challenge_cookie.php:0
[05-Aug-2017 13:13:09 UTC] PHP   2. max() /home/ubuntu/workspace/php/22/challenge_cookie.php:22
[05-Aug-2017 13:13:10 UTC] PHP Warning:  max(): When only one parameter is given, it must be an array in /home/ubuntu/workspace/php/22/challenge_cookie.php on line 22
[05-Aug-2017 13:13:10 UTC] PHP Stack trace:
[05-Aug-2017 13:13:10 UTC] PHP   1. {main}() /home/ubuntu/workspace/php/22/challenge_cookie.php:0
[05-Aug-2017 13:13:10 UTC] PHP   2. max() /home/ubuntu/workspace/php/22/challenge_cookie.php:22
[05-Aug-2017 13:13:11 UTC] PHP Warning:  max(): When only one parameter is given, it must be an array in /home/ubuntu/workspace/php/22/challenge_cookie.php on line 22
[05-Aug-2017 13:13:11 UTC] PHP Stack trace:
[05-Aug-2017 13:13:11 UTC] PHP   1. {main}() /home/ubuntu/workspace/php/22/challenge_cookie.php:0
[05-Aug-2017 13:13:11 UTC] PHP   2. max() /home/ubuntu/workspace/php/22/challenge_cookie.php:22
[05-Aug-2017 13:13:12 UTC] PHP Warning:  max(): When only one parameter is given, it must be an array in /home/ubuntu/workspace/php/22/challenge_cookie.php on line 22
[05-Aug-2017 13:13:12 UTC] PHP Stack trace:
[05-Aug-2017 13:13:12 UTC] PHP   1. {main}() /home/ubuntu/workspace/php/22/challenge_cookie.php:0
[05-Aug-2017 13:13:12 UTC] PHP   2. max() /home/ubuntu/workspace/php/22/challenge_cookie.php:22
[05-Aug-2017 13:13:13 UTC] PHP Warning:  max(): When only one parameter is given, it must be an array in /home/ubuntu/workspace/php/22/challenge_cookie.php on line 22
[05-Aug-2017 13:13:13 UTC] PHP Stack trace:
[05-Aug-2017 13:13:13 UTC] PHP   1. {main}() /home/ubuntu/workspace/php/22/challenge_cookie.php:0
[05-Aug-2017 13:13:13 UTC] PHP   2. max() /home/ubuntu/workspace/php/22/challenge_cookie.php:22
[05-Aug-2017 13:13:14 UTC] PHP Warning:  max(): When only one parameter is given, it must be an array in /home/ubuntu/workspace/php/22/challenge_cookie.php on line 22
[05-Aug-2017 13:13:14 UTC] PHP Stack trace:
[05-Aug-2017 13:13:14 UTC] PHP   1. {main}() /home/ubuntu/workspace/php/22/challenge_cookie.php:0
[05-Aug-2017 13:13:14 UTC] PHP   2. max() /home/ubuntu/workspace/php/22/challenge_cookie.php:22
[05-Aug-2017 13:13:15 UTC] PHP Warning:  max(): When only one parameter is given, it must be an array in /home/ubuntu/workspace/php/22/challenge_cookie.php on line 22
[05-Aug-2017 13:13:15 UTC] PHP Stack trace:
[05-Aug-2017 13:13:15 UTC] PHP   1. {main}() /home/ubuntu/workspace/php/22/challenge_cookie.php:0
[05-Aug-2017 13:13:15 UTC] PHP   2. max() /home/ubuntu/workspace/php/22/challenge_cookie.php:22
[05-Aug-2017 13:13:15 UTC] PHP Warning:  max(): When only one parameter is given, it must be an array in /home/ubuntu/workspace/php/22/challenge_cookie.php on line 22
[05-Aug-2017 13:13:15 UTC] PHP Stack trace:
[05-Aug-2017 13:13:15 UTC] PHP   1. {main}() /home/ubuntu/workspace/php/22/challenge_cookie.php:0
[05-Aug-2017 13:13:15 UTC] PHP   2. max() /home/ubuntu/workspace/php/22/challenge_cookie.php:22
[05-Aug-2017 13:13:16 UTC] PHP Warning:  max(): When only one parameter is given, it must be an array in /home/ubuntu/workspace/php/22/challenge_cookie.php on line 22
[05-Aug-2017 13:13:16 UTC] PHP Stack trace:
[05-Aug-2017 13:13:16 UTC] PHP   1. {main}() /home/ubuntu/workspace/php/22/challenge_cookie.php:0
[05-Aug-2017 13:13:16 UTC] PHP   2. max() /home/ubuntu/workspace/php/22/challenge_cookie.php:22
[05-Aug-2017 13:13:17 UTC] PHP Warning:  max(): When only one parameter is given, it must be an array in /home/ubuntu/workspace/php/22/challenge_cookie.php on line 22
[05-Aug-2017 13:13:17 UTC] PHP Stack trace:
[05-Aug-2017 13:13:17 UTC] PHP   1. {main}() /home/ubuntu/workspace/php/22/challenge_cookie.php:0
[05-Aug-2017 13:13:17 UTC] PHP   2. max() /home/ubuntu/workspace/php/22/challenge_cookie.php:22
[05-Aug-2017 13:13:18 UTC] PHP Warning:  max(): When only one parameter is given, it must be an array in /home/ubuntu/workspace/php/22/challenge_cookie.php on line 22
[05-Aug-2017 13:13:18 UTC] PHP Stack trace:
[05-Aug-2017 13:13:18 UTC] PHP   1. {main}() /home/ubuntu/workspace/php/22/challenge_cookie.php:0
[05-Aug-2017 13:13:18 UTC] PHP   2. max() /home/ubuntu/workspace/php/22/challenge_cookie.php:22
[05-Aug-2017 13:13:19 UTC] PHP Warning:  max(): When only one parameter is given, it must be an array in /home/ubuntu/workspace/php/22/challenge_cookie.php on line 22
[05-Aug-2017 13:13:19 UTC] PHP Stack trace:
[05-Aug-2017 13:13:19 UTC] PHP   1. {main}() /home/ubuntu/workspace/php/22/challenge_cookie.php:0
[05-Aug-2017 13:13:19 UTC] PHP   2. max() /home/ubuntu/workspace/php/22/challenge_cookie.php:22
[05-Aug-2017 13:13:20 UTC] PHP Warning:  max(): When only one parameter is given, it must be an array in /home/ubuntu/workspace/php/22/challenge_cookie.php on line 22
[05-Aug-2017 13:13:20 UTC] PHP Stack trace:
[05-Aug-2017 13:13:20 UTC] PHP   1. {main}() /home/ubuntu/workspace/php/22/challenge_cookie.php:0
[05-Aug-2017 13:13:20 UTC] PHP   2. max() /home/ubuntu/workspace/php/22/challenge_cookie.php:22
[05-Aug-2017 13:13:21 UTC] PHP Warning:  max(): When only one parameter is given, it must be an array in /home/ubuntu/workspace/php/22/challenge_cookie.php on line 22
[05-Aug-2017 13:13:21 UTC] PHP Stack trace:
[05-Aug-2017 13:13:21 UTC] PHP   1. {main}() /home/ubuntu/workspace/php/22/challenge_cookie.php:0
[05-Aug-2017 13:13:21 UTC] PHP   2. max() /home/ubuntu/workspace/php/22/challenge_cookie.php:22
[05-Aug-2017 13:13:21 UTC] PHP Warning:  max(): When only one parameter is given, it must be an array in /home/ubuntu/workspace/php/22/challenge_cookie.php on line 22
[05-Aug-2017 13:13:21 UTC] PHP Stack trace:
[05-Aug-2017 13:13:21 UTC] PHP   1. {main}() /home/ubuntu/workspace/php/22/challenge_cookie.php:0
[05-Aug-2017 13:13:21 UTC] PHP   2. max() /home/ubuntu/workspace/php/22/challenge_cookie.php:22
[05-Aug-2017 13:13:22 UTC] PHP Warning:  max(): When only one parameter is given, it must be an array in /home/ubuntu/workspace/php/22/challenge_cookie.php on line 22
[05-Aug-2017 13:13:22 UTC] PHP Stack trace:
[05-Aug-2017 13:13:22 UTC] PHP   1. {main}() /home/ubuntu/workspace/php/22/challenge_cookie.php:0
[05-Aug-2017 13:13:22 UTC] PHP   2. max() /home/ubuntu/workspace/php/22/challenge_cookie.php:22
[05-Aug-2017 13:13:47 UTC] PHP Warning:  max(): When only one parameter is given, it must be an array in /home/ubuntu/workspace/php/22/challenge_cookie.php on line 22
[05-Aug-2017 13:13:47 UTC] PHP Stack trace:
[05-Aug-2017 13:13:47 UTC] PHP   1. {main}() /home/ubuntu/workspace/php/22/challenge_cookie.php:0
[05-Aug-2017 13:13:47 UTC] PHP   2. max() /home/ubuntu/workspace/php/22/challenge_cookie.php:22
[05-Aug-2017 13:13:49 UTC] PHP Warning:  max(): When only one parameter is given, it must be an array in /home/ubuntu/workspace/php/22/challenge_cookie.php on line 22
[05-Aug-2017 13:13:49 UTC] PHP Stack trace:
[05-Aug-2017 13:13:49 UTC] PHP   1. {main}() /home/ubuntu/workspace/php/22/challenge_cookie.php:0
[05-Aug-2017 13:13:49 UTC] PHP   2. max() /home/ubuntu/workspace/php/22/challenge_cookie.php:22
[05-Aug-2017 13:13:50 UTC] PHP Warning:  max(): When only one parameter is given, it must be an array in /home/ubuntu/workspace/php/22/challenge_cookie.php on line 22
[05-Aug-2017 13:13:50 UTC] PHP Stack trace:
[05-Aug-2017 13:13:50 UTC] PHP   1. {main}() /home/ubuntu/workspace/php/22/challenge_cookie.php:0
[05-Aug-2017 13:13:50 UTC] PHP   2. max() /home/ubuntu/workspace/php/22/challenge_cookie.php:22
[05-Aug-2017 13:13:52 UTC] PHP Warning:  max(): When only one parameter is given, it must be an array in /home/ubuntu/workspace/php/22/challenge_cookie.php on line 22
[05-Aug-2017 13:13:52 UTC] PHP Stack trace:
[05-Aug-2017 13:13:52 UTC] PHP   1. {main}() /home/ubuntu/workspace/php/22/challenge_cookie.php:0
[05-Aug-2017 13:13:52 UTC] PHP   2. max() /home/ubuntu/workspace/php/22/challenge_cookie.php:22
[05-Aug-2017 13:13:52 UTC] PHP Warning:  max(): When only one parameter is given, it must be an array in /home/ubuntu/workspace/php/22/challenge_cookie.php on line 22
[05-Aug-2017 13:13:52 UTC] PHP Stack trace:
[05-Aug-2017 13:13:52 UTC] PHP   1. {main}() /home/ubuntu/workspace/php/22/challenge_cookie.php:0
[05-Aug-2017 13:13:52 UTC] PHP   2. max() /home/ubuntu/workspace/php/22/challenge_cookie.php:22
[05-Aug-2017 13:13:54 UTC] PHP Warning:  max(): When only one parameter is given, it must be an array in /home/ubuntu/workspace/php/22/challenge_cookie.php on line 22
[05-Aug-2017 13:13:54 UTC] PHP Stack trace:
[05-Aug-2017 13:13:54 UTC] PHP   1. {main}() /home/ubuntu/workspace/php/22/challenge_cookie.php:0
[05-Aug-2017 13:13:54 UTC] PHP   2. max() /home/ubuntu/workspace/php/22/challenge_cookie.php:22
[05-Aug-2017 13:13:55 UTC] PHP Warning:  max(): When only one parameter is given, it must be an array in /home/ubuntu/workspace/php/22/challenge_cookie.php on line 22
[05-Aug-2017 13:13:55 UTC] PHP Stack trace:
[05-Aug-2017 13:13:55 UTC] PHP   1. {main}() /home/ubuntu/workspace/php/22/challenge_cookie.php:0
[05-Aug-2017 13:13:55 UTC] PHP   2. max() /home/ubuntu/workspace/php/22/challenge_cookie.php:22
[05-Aug-2017 13:13:55 UTC] PHP Warning:  max(): When only one parameter is given, it must be an array in /home/ubuntu/workspace/php/22/challenge_cookie.php on line 22
[05-Aug-2017 13:13:55 UTC] PHP Stack trace:
[05-Aug-2017 13:13:55 UTC] PHP   1. {main}() /home/ubuntu/workspace/php/22/challenge_cookie.php:0
[05-Aug-2017 13:13:55 UTC] PHP   2. max() /home/ubuntu/workspace/php/22/challenge_cookie.php:22
[05-Aug-2017 13:13:56 UTC] PHP Warning:  max(): When only one parameter is given, it must be an array in /home/ubuntu/workspace/php/22/challenge_cookie.php on line 22
[05-Aug-2017 13:13:56 UTC] PHP Stack trace:
[05-Aug-2017 13:13:56 UTC] PHP   1. {main}() /home/ubuntu/workspace/php/22/challenge_cookie.php:0
[05-Aug-2017 13:13:56 UTC] PHP   2. max() /home/ubuntu/workspace/php/22/challenge_cookie.php:22
[05-Aug-2017 13:13:57 UTC] PHP Warning:  max(): When only one parameter is given, it must be an array in /home/ubuntu/workspace/php/22/challenge_cookie.php on line 22
[05-Aug-2017 13:13:57 UTC] PHP Stack trace:
[05-Aug-2017 13:13:57 UTC] PHP   1. {main}() /home/ubuntu/workspace/php/22/challenge_cookie.php:0
[05-Aug-2017 13:13:57 UTC] PHP   2. max() /home/ubuntu/workspace/php/22/challenge_cookie.php:22
[05-Aug-2017 13:13:58 UTC] PHP Warning:  max(): When only one parameter is given, it must be an array in /home/ubuntu/workspace/php/22/challenge_cookie.php on line 22
[05-Aug-2017 13:13:58 UTC] PHP Stack trace:
[05-Aug-2017 13:13:58 UTC] PHP   1. {main}() /home/ubuntu/workspace/php/22/challenge_cookie.php:0
[05-Aug-2017 13:13:58 UTC] PHP   2. max() /home/ubuntu/workspace/php/22/challenge_cookie.php:22
[05-Aug-2017 13:13:59 UTC] PHP Warning:  max(): When only one parameter is given, it must be an array in /home/ubuntu/workspace/php/22/challenge_cookie.php on line 22
[05-Aug-2017 13:13:59 UTC] PHP Stack trace:
[05-Aug-2017 13:13:59 UTC] PHP   1. {main}() /home/ubuntu/workspace/php/22/challenge_cookie.php:0
[05-Aug-2017 13:13:59 UTC] PHP   2. max() /home/ubuntu/workspace/php/22/challenge_cookie.php:22
[05-Aug-2017 13:14:00 UTC] PHP Warning:  max(): When only one parameter is given, it must be an array in /home/ubuntu/workspace/php/22/challenge_cookie.php on line 22
[05-Aug-2017 13:14:00 UTC] PHP Stack trace:
[05-Aug-2017 13:14:00 UTC] PHP   1. {main}() /home/ubuntu/workspace/php/22/challenge_cookie.php:0
[05-Aug-2017 13:14:00 UTC] PHP   2. max() /home/ubuntu/workspace/php/22/challenge_cookie.php:22
[05-Aug-2017 13:14:01 UTC] PHP Warning:  max(): When only one parameter is given, it must be an array in /home/ubuntu/workspace/php/22/challenge_cookie.php on line 22
[05-Aug-2017 13:14:01 UTC] PHP Stack trace:
[05-Aug-2017 13:14:01 UTC] PHP   1. {main}() /home/ubuntu/workspace/php/22/challenge_cookie.php:0
[05-Aug-2017 13:14:01 UTC] PHP   2. max() /home/ubuntu/workspace/php/22/challenge_cookie.php:22
[05-Aug-2017 13:14:02 UTC] PHP Warning:  max(): When only one parameter is given, it must be an array in /home/ubuntu/workspace/php/22/challenge_cookie.php on line 22
[05-Aug-2017 13:14:02 UTC] PHP Stack trace:
[05-Aug-2017 13:14:02 UTC] PHP   1. {main}() /home/ubuntu/workspace/php/22/challenge_cookie.php:0
[05-Aug-2017 13:14:02 UTC] PHP   2. max() /home/ubuntu/workspace/php/22/challenge_cookie.php:22
[05-Aug-2017 13:14:02 UTC] PHP Warning:  max(): When only one parameter is given, it must be an array in /home/ubuntu/workspace/php/22/challenge_cookie.php on line 22
[05-Aug-2017 13:14:02 UTC] PHP Stack trace:
[05-Aug-2017 13:14:02 UTC] PHP   1. {main}() /home/ubuntu/workspace/php/22/challenge_cookie.php:0
[05-Aug-2017 13:14:02 UTC] PHP   2. max() /home/ubuntu/workspace/php/22/challenge_cookie.php:22
[05-Aug-2017 13:14:03 UTC] PHP Warning:  max(): When only one parameter is given, it must be an array in /home/ubuntu/workspace/php/22/challenge_cookie.php on line 22
[05-Aug-2017 13:14:03 UTC] PHP Stack trace:
[05-Aug-2017 13:14:03 UTC] PHP   1. {main}() /home/ubuntu/workspace/php/22/challenge_cookie.php:0
[05-Aug-2017 13:14:03 UTC] PHP   2. max() /home/ubuntu/workspace/php/22/challenge_cookie.php:22
[05-Aug-2017 13:14:04 UTC] PHP Warning:  max(): When only one parameter is given, it must be an array in /home/ubuntu/workspace/php/22/challenge_cookie.php on line 22
[05-Aug-2017 13:14:04 UTC] PHP Stack trace:
[05-Aug-2017 13:14:04 UTC] PHP   1. {main}() /home/ubuntu/workspace/php/22/challenge_cookie.php:0
[05-Aug-2017 13:14:04 UTC] PHP   2. max() /home/ubuntu/workspace/php/22/challenge_cookie.php:22
[05-Aug-2017 13:14:05 UTC] PHP Warning:  max(): When only one parameter is given, it must be an array in /home/ubuntu/workspace/php/22/challenge_cookie.php on line 22
[05-Aug-2017 13:14:05 UTC] PHP Stack trace:
[05-Aug-2017 13:14:05 UTC] PHP   1. {main}() /home/ubuntu/workspace/php/22/challenge_cookie.php:0
[05-Aug-2017 13:14:05 UTC] PHP   2. max() /home/ubuntu/workspace/php/22/challenge_cookie.php:22
[05-Aug-2017 13:14:06 UTC] PHP Warning:  max(): When only one parameter is given, it must be an array in /home/ubuntu/workspace/php/22/challenge_cookie.php on line 22
[05-Aug-2017 13:14:06 UTC] PHP Stack trace:
[05-Aug-2017 13:14:06 UTC] PHP   1. {main}() /home/ubuntu/workspace/php/22/challenge_cookie.php:0
[05-Aug-2017 13:14:06 UTC] PHP   2. max() /home/ubuntu/workspace/php/22/challenge_cookie.php:22
[05-Aug-2017 13:14:07 UTC] PHP Warning:  max(): When only one parameter is given, it must be an array in /home/ubuntu/workspace/php/22/challenge_cookie.php on line 22
[05-Aug-2017 13:14:07 UTC] PHP Stack trace:
[05-Aug-2017 13:14:07 UTC] PHP   1. {main}() /home/ubuntu/workspace/php/22/challenge_cookie.php:0
[05-Aug-2017 13:14:07 UTC] PHP   2. max() /home/ubuntu/workspace/php/22/challenge_cookie.php:22
[05-Aug-2017 13:14:07 UTC] PHP Warning:  max(): When only one parameter is given, it must be an array in /home/ubuntu/workspace/php/22/challenge_cookie.php on line 22
[05-Aug-2017 13:14:07 UTC] PHP Stack trace:
[05-Aug-2017 13:14:07 UTC] PHP   1. {main}() /home/ubuntu/workspace/php/22/challenge_cookie.php:0
[05-Aug-2017 13:14:07 UTC] PHP   2. max() /home/ubuntu/workspace/php/22/challenge_cookie.php:22
[05-Aug-2017 13:14:08 UTC] PHP Warning:  max(): When only one parameter is given, it must be an array in /home/ubuntu/workspace/php/22/challenge_cookie.php on line 22
[05-Aug-2017 13:14:08 UTC] PHP Stack trace:
[05-Aug-2017 13:14:08 UTC] PHP   1. {main}() /home/ubuntu/workspace/php/22/challenge_cookie.php:0
[05-Aug-2017 13:14:08 UTC] PHP   2. max() /home/ubuntu/workspace/php/22/challenge_cookie.php:22
[05-Aug-2017 13:14:09 UTC] PHP Warning:  max(): When only one parameter is given, it must be an array in /home/ubuntu/workspace/php/22/challenge_cookie.php on line 22
[05-Aug-2017 13:14:09 UTC] PHP Stack trace:
[05-Aug-2017 13:14:09 UTC] PHP   1. {main}() /home/ubuntu/workspace/php/22/challenge_cookie.php:0
[05-Aug-2017 13:14:09 UTC] PHP   2. max() /home/ubuntu/workspace/php/22/challenge_cookie.php:22
[05-Aug-2017 13:45:55 UTC] PHP Warning:  Invalid argument supplied for foreach() in /home/ubuntu/workspace/php/22/challenge_cookie.php on line 22
[05-Aug-2017 13:45:55 UTC] PHP Stack trace:
[05-Aug-2017 13:45:55 UTC] PHP   1. {main}() /home/ubuntu/workspace/php/22/challenge_cookie.php:0
[05-Aug-2017 13:45:58 UTC] PHP Warning:  Invalid argument supplied for foreach() in /home/ubuntu/workspace/php/22/challenge_cookie.php on line 22
[05-Aug-2017 13:45:58 UTC] PHP Stack trace:
[05-Aug-2017 13:45:58 UTC] PHP   1. {main}() /home/ubuntu/workspace/php/22/challenge_cookie.php:0
[05-Aug-2017 13:45:59 UTC] PHP Warning:  Invalid argument supplied for foreach() in /home/ubuntu/workspace/php/22/challenge_cookie.php on line 22
[05-Aug-2017 13:45:59 UTC] PHP Stack trace:
[05-Aug-2017 13:45:59 UTC] PHP   1. {main}() /home/ubuntu/workspace/php/22/challenge_cookie.php:0
[05-Aug-2017 13:48:48 UTC] PHP Warning:  Invalid argument supplied for foreach() in /home/ubuntu/workspace/php/22/challenge_cookie.php on line 23
[05-Aug-2017 13:48:48 UTC] PHP Stack trace:
[05-Aug-2017 13:48:48 UTC] PHP   1. {main}() /home/ubuntu/workspace/php/22/challenge_cookie.php:0
[05-Aug-2017 13:48:50 UTC] PHP Warning:  Invalid argument supplied for foreach() in /home/ubuntu/workspace/php/22/challenge_cookie.php on line 23
[05-Aug-2017 13:48:50 UTC] PHP Stack trace:
[05-Aug-2017 13:48:50 UTC] PHP   1. {main}() /home/ubuntu/workspace/php/22/challenge_cookie.php:0
[05-Aug-2017 15:42:52 UTC] PHP Parse error:  syntax error, unexpected '++' (T_INC), expecting ')' in /home/ubuntu/workspace/php/22/challenge_cookie.php on line 21
[05-Aug-2017 15:55:24 UTC] PHP Warning:  Invalid argument supplied for foreach() in /home/ubuntu/workspace/php/22/challenge_cookie.php on line 22
[05-Aug-2017 15:55:24 UTC] PHP Stack trace:
[05-Aug-2017 15:55:24 UTC] PHP   1. {main}() /home/ubuntu/workspace/php/22/challenge_cookie.php:0
[05-Aug-2017 15:59:59 UTC] PHP Warning:  Invalid argument supplied for foreach() in /home/ubuntu/workspace/php/22/challenge_cookie.php on line 22
[05-Aug-2017 15:59:59 UTC] PHP Stack trace:
[05-Aug-2017 15:59:59 UTC] PHP   1. {main}() /home/ubuntu/workspace/php/22/challenge_cookie.php:0
[05-Aug-2017 16:06:04 UTC] PHP Parse error:  syntax error, unexpected '}' in /home/ubuntu/workspace/php/22/challenge_cookie.php on line 30
[05-Aug-2017 16:23:52 UTC] PHP Fatal error:  Cannot use [] for reading in /home/ubuntu/workspace/php/22/challenge_cookie.php on line 24
[05-Aug-2017 16:27:44 UTC] PHP Parse error:  syntax error, unexpected '.3' (T_DNUMBER), expecting ']' in /home/ubuntu/workspace/php/22/challenge_cookie.php on line 33
[05-Aug-2017 16:32:13 UTC] PHP Parse error:  syntax error, unexpected '.2' (T_DNUMBER), expecting ']' in /home/ubuntu/workspace/php/22/challenge_cookie.php on line 23
[05-Aug-2017 16:49:26 UTC] PHP Parse error:  syntax error, unexpected ''"]);' (T_ENCAPSED_AND_WHITESPACE) in /home/ubuntu/workspace/php/22/challenge_cookie.php on line 35
[05-Aug-2017 16:51:47 UTC] PHP Parse error:  syntax error, unexpected 'print' (T_PRINT) in /home/ubuntu/workspace/php/22/challenge_cookie.php on line 36
[05-Aug-2017 17:37:02 UTC] PHP Parse error:  syntax error, unexpected ')' in /home/ubuntu/workspace/php/22/challenge_cookie.php on line 44
[06-Aug-2017 04:20:26 UTC] PHP Parse error:  syntax error, unexpected end of file in /home/ubuntu/workspace/php/22/challenge_session.php on line 49
